<?xml version="1.0" encoding="UTF-8"?>
<testsuite xmlns:xsi="http://www.w3.org/2001/XMLSchema-instance" xsi:noNamespaceSchemaLocation="https://maven.apache.org/surefire/maven-surefire-plugin/xsd/surefire-test-report-3.0.xsd" version="3.0" name="TestSuite" time="32.475" tests="3" errors="0" skipped="0" failures="0">
  <properties>
    <property name="gopherProxySet" value="false"/>
    <property name="awt.toolkit" value="sun.lwawt.macosx.LWCToolkit"/>
    <property name="file.encoding.pkg" value="sun.io"/>
    <property name="java.specification.version" value="1.8"/>
    <property name="sun.cpu.isalist" value=""/>
    <property name="sun.jnu.encoding" value="UTF-8"/>
    <property name="java.class.path" value="/Users/vishnu.vardhan/Desktop/SauceLabsAppAutomation-BDD-testNG/target/test-classes:/Users/vishnu.vardhan/Desktop/SauceLabsAppAutomation-BDD-testNG/target/classes:/Users/vishnu.vardhan/.m2/repository/io/cucumber/cucumber-java/6.10.2/cucumber-java-6.10.2.jar:/Users/vishnu.vardhan/.m2/repository/io/cucumber/cucumber-core/6.10.2/cucumber-core-6.10.2.jar:/Users/vishnu.vardhan/.m2/repository/io/cucumber/cucumber-gherkin/6.10.2/cucumber-gherkin-6.10.2.jar:/Users/vishnu.vardhan/.m2/repository/io/cucumber/cucumber-gherkin-messages/6.10.2/cucumber-gherkin-messages-6.10.2.jar:/Users/vishnu.vardhan/.m2/repository/io/cucumber/messages/14.0.1/messages-14.0.1.jar:/Users/vishnu.vardhan/.m2/repository/io/cucumber/tag-expressions/3.0.0/tag-expressions-3.0.0.jar:/Users/vishnu.vardhan/.m2/repository/io/cucumber/cucumber-expressions/10.3.0/cucumber-expressions-10.3.0.jar:/Users/vishnu.vardhan/.m2/repository/io/cucumber/datatable/3.5.0/datatable-3.5.0.jar:/Users/vishnu.vardhan/.m2/repository/io/cucumber/cucumber-plugin/6.10.2/cucumber-plugin-6.10.2.jar:/Users/vishnu.vardhan/.m2/repository/io/cucumber/docstring/6.10.2/docstring-6.10.2.jar:/Users/vishnu.vardhan/.m2/repository/io/cucumber/html-formatter/12.0.0/html-formatter-12.0.0.jar:/Users/vishnu.vardhan/.m2/repository/io/cucumber/create-meta/3.0.0/create-meta-3.0.0.jar:/Users/vishnu.vardhan/.m2/repository/org/apiguardian/apiguardian-api/1.1.1/apiguardian-api-1.1.1.jar:/Users/vishnu.vardhan/.m2/repository/io/cucumber/cucumber-junit/6.10.2/cucumber-junit-6.10.2.jar:/Users/vishnu.vardhan/.m2/repository/junit/junit/4.13.2/junit-4.13.2.jar:/Users/vishnu.vardhan/.m2/repository/org/hamcrest/hamcrest-core/1.3/hamcrest-core-1.3.jar:/Users/vishnu.vardhan/.m2/repository/io/appium/java-client/7.4.1/java-client-7.4.1.jar:/Users/vishnu.vardhan/.m2/repository/org/seleniumhq/selenium/selenium-java/3.141.59/selenium-java-3.141.59.jar:/Users/vishnu.vardhan/.m2/repository/org/seleniumhq/selenium/selenium-chrome-driver/3.141.59/selenium-chrome-driver-3.141.59.jar:/Users/vishnu.vardhan/.m2/repository/org/seleniumhq/selenium/selenium-edge-driver/3.141.59/selenium-edge-driver-3.141.59.jar:/Users/vishnu.vardhan/.m2/repository/org/seleniumhq/selenium/selenium-firefox-driver/3.141.59/selenium-firefox-driver-3.141.59.jar:/Users/vishnu.vardhan/.m2/repository/org/seleniumhq/selenium/selenium-ie-driver/3.141.59/selenium-ie-driver-3.141.59.jar:/Users/vishnu.vardhan/.m2/repository/org/seleniumhq/selenium/selenium-opera-driver/3.141.59/selenium-opera-driver-3.141.59.jar:/Users/vishnu.vardhan/.m2/repository/org/seleniumhq/selenium/selenium-remote-driver/3.141.59/selenium-remote-driver-3.141.59.jar:/Users/vishnu.vardhan/.m2/repository/org/seleniumhq/selenium/selenium-safari-driver/3.141.59/selenium-safari-driver-3.141.59.jar:/Users/vishnu.vardhan/.m2/repository/net/bytebuddy/byte-buddy/1.8.15/byte-buddy-1.8.15.jar:/Users/vishnu.vardhan/.m2/repository/org/apache/commons/commons-exec/1.3/commons-exec-1.3.jar:/Users/vishnu.vardhan/.m2/repository/com/google/guava/guava/25.0-jre/guava-25.0-jre.jar:/Users/vishnu.vardhan/.m2/repository/com/google/code/findbugs/jsr305/1.3.9/jsr305-1.3.9.jar:/Users/vishnu.vardhan/.m2/repository/org/checkerframework/checker-compat-qual/2.0.0/checker-compat-qual-2.0.0.jar:/Users/vishnu.vardhan/.m2/repository/com/google/errorprone/error_prone_annotations/2.1.3/error_prone_annotations-2.1.3.jar:/Users/vishnu.vardhan/.m2/repository/com/google/j2objc/j2objc-annotations/1.1/j2objc-annotations-1.1.jar:/Users/vishnu.vardhan/.m2/repository/org/codehaus/mojo/animal-sniffer-annotations/1.14/animal-sniffer-annotations-1.14.jar:/Users/vishnu.vardhan/.m2/repository/com/squareup/okhttp3/okhttp/3.11.0/okhttp-3.11.0.jar:/Users/vishnu.vardhan/.m2/repository/com/squareup/okio/okio/1.14.0/okio-1.14.0.jar:/Users/vishnu.vardhan/.m2/repository/org/seleniumhq/selenium/selenium-support/3.141.59/selenium-support-3.141.59.jar:/Users/vishnu.vardhan/.m2/repository/org/seleniumhq/selenium/selenium-api/3.141.59/selenium-api-3.141.59.jar:/Users/vishnu.vardhan/.m2/repository/com/google/code/gson/gson/2.8.6/gson-2.8.6.jar:/Users/vishnu.vardhan/.m2/repository/org/apache/httpcomponents/httpclient/4.5.13/httpclient-4.5.13.jar:/Users/vishnu.vardhan/.m2/repository/org/apache/httpcomponents/httpcore/4.4.13/httpcore-4.4.13.jar:/Users/vishnu.vardhan/.m2/repository/commons-logging/commons-logging/1.2/commons-logging-1.2.jar:/Users/vishnu.vardhan/.m2/repository/commons-codec/commons-codec/1.11/commons-codec-1.11.jar:/Users/vishnu.vardhan/.m2/repository/cglib/cglib/3.3.0/cglib-3.3.0.jar:/Users/vishnu.vardhan/.m2/repository/org/ow2/asm/asm/7.1/asm-7.1.jar:/Users/vishnu.vardhan/.m2/repository/commons-validator/commons-validator/1.7/commons-validator-1.7.jar:/Users/vishnu.vardhan/.m2/repository/commons-beanutils/commons-beanutils/1.9.4/commons-beanutils-1.9.4.jar:/Users/vishnu.vardhan/.m2/repository/commons-digester/commons-digester/2.1/commons-digester-2.1.jar:/Users/vishnu.vardhan/.m2/repository/commons-collections/commons-collections/3.2.2/commons-collections-3.2.2.jar:/Users/vishnu.vardhan/.m2/repository/org/apache/commons/commons-lang3/3.11/commons-lang3-3.11.jar:/Users/vishnu.vardhan/.m2/repository/commons-io/commons-io/2.8.0/commons-io-2.8.0.jar:/Users/vishnu.vardhan/.m2/repository/org/springframework/spring-context/5.3.1/spring-context-5.3.1.jar:/Users/vishnu.vardhan/.m2/repository/org/springframework/spring-aop/5.3.1/spring-aop-5.3.1.jar:/Users/vishnu.vardhan/.m2/repository/org/springframework/spring-beans/5.3.1/spring-beans-5.3.1.jar:/Users/vishnu.vardhan/.m2/repository/org/springframework/spring-core/5.3.1/spring-core-5.3.1.jar:/Users/vishnu.vardhan/.m2/repository/org/springframework/spring-jcl/5.3.1/spring-jcl-5.3.1.jar:/Users/vishnu.vardhan/.m2/repository/org/springframework/spring-expression/5.3.1/spring-expression-5.3.1.jar:/Users/vishnu.vardhan/.m2/repository/org/aspectj/aspectjweaver/1.9.6/aspectjweaver-1.9.6.jar:/Users/vishnu.vardhan/.m2/repository/org/slf4j/slf4j-api/1.7.30/slf4j-api-1.7.30.jar:/Users/vishnu.vardhan/.m2/repository/org/apache/logging/log4j/log4j-core/2.14.1/log4j-core-2.14.1.jar:/Users/vishnu.vardhan/.m2/repository/org/apache/logging/log4j/log4j-api/2.14.1/log4j-api-2.14.1.jar:/Users/vishnu.vardhan/.m2/repository/org/json/json/20210307/json-20210307.jar:/Users/vishnu.vardhan/.m2/repository/de/monochromata/cucumber/reporting-plugin/4.0.100/reporting-plugin-4.0.100.jar:/Users/vishnu.vardhan/.m2/repository/io/cucumber/gherkin/17.0.2/gherkin-17.0.2.jar:/Users/vishnu.vardhan/.m2/repository/net/masterthought/cucumber-reporting/5.5.2/cucumber-reporting-5.5.2.jar:/Users/vishnu.vardhan/.m2/repository/com/fasterxml/jackson/core/jackson-databind/2.12.1/jackson-databind-2.12.1.jar:/Users/vishnu.vardhan/.m2/repository/com/fasterxml/jackson/core/jackson-annotations/2.12.1/jackson-annotations-2.12.1.jar:/Users/vishnu.vardhan/.m2/repository/com/fasterxml/jackson/core/jackson-core/2.12.1/jackson-core-2.12.1.jar:/Users/vishnu.vardhan/.m2/repository/com/fasterxml/jackson/datatype/jackson-datatype-jsr310/2.12.1/jackson-datatype-jsr310-2.12.1.jar:/Users/vishnu.vardhan/.m2/repository/org/apache/velocity/velocity-engine-core/2.2/velocity-engine-core-2.2.jar:/Users/vishnu.vardhan/.m2/repository/joda-time/joda-time/2.10.9/joda-time-2.10.9.jar:/Users/vishnu.vardhan/.m2/repository/org/codehaus/plexus/plexus-utils/3.3.0/plexus-utils-3.3.0.jar:/Users/vishnu.vardhan/.m2/repository/org/jsoup/jsoup/1.13.1/jsoup-1.13.1.jar:/Users/vishnu.vardhan/.m2/repository/com/googlecode/owasp-java-html-sanitizer/owasp-java-html-sanitizer/20200713.1/owasp-java-html-sanitizer-20200713.1.jar:/Users/vishnu.vardhan/.m2/repository/commons-configuration/commons-configuration/1.10/commons-configuration-1.10.jar:/Users/vishnu.vardhan/.m2/repository/commons-lang/commons-lang/2.6/commons-lang-2.6.jar:/Users/vishnu.vardhan/.m2/repository/io/cucumber/cucumber-testng/6.10.2/cucumber-testng-6.10.2.jar:/Users/vishnu.vardhan/.m2/repository/org/testng/testng/7.4.0/testng-7.4.0.jar:/Users/vishnu.vardhan/.m2/repository/com/beust/jcommander/1.78/jcommander-1.78.jar:/Users/vishnu.vardhan/.m2/repository/org/webjars/jquery/3.5.1/jquery-3.5.1.jar:"/>
    <property name="java.vm.vendor" value="Oracle Corporation"/>
    <property name="sun.arch.data.model" value="64"/>
    <property name="java.vendor.url" value="http://java.oracle.com/"/>
    <property name="user.timezone" value="Asia/Kolkata"/>
    <property name="java.vm.specification.version" value="1.8"/>
    <property name="os.name" value="Mac OS X"/>
    <property name="user.country" value="IN"/>
    <property name="sun.java.launcher" value="SUN_STANDARD"/>
    <property name="sun.boot.library.path" value="/Library/Java/JavaVirtualMachines/jdk1.8.0_241.jdk/Contents/Home/jre/lib"/>
    <property name="sun.java.command" value="/Users/vishnu.vardhan/Desktop/SauceLabsAppAutomation-BDD-testNG/target/surefire/surefirebooter4049923428696805574.jar /Users/vishnu.vardhan/Desktop/SauceLabsAppAutomation-BDD-testNG/target/surefire 2021-03-26T12-03-19_979-jvmRun1 surefire2277135942348149333tmp surefire_01709386633300293836tmp"/>
    <property name="surefire.test.class.path" value="/Users/vishnu.vardhan/Desktop/SauceLabsAppAutomation-BDD-testNG/target/test-classes:/Users/vishnu.vardhan/Desktop/SauceLabsAppAutomation-BDD-testNG/target/classes:/Users/vishnu.vardhan/.m2/repository/io/cucumber/cucumber-java/6.10.2/cucumber-java-6.10.2.jar:/Users/vishnu.vardhan/.m2/repository/io/cucumber/cucumber-core/6.10.2/cucumber-core-6.10.2.jar:/Users/vishnu.vardhan/.m2/repository/io/cucumber/cucumber-gherkin/6.10.2/cucumber-gherkin-6.10.2.jar:/Users/vishnu.vardhan/.m2/repository/io/cucumber/cucumber-gherkin-messages/6.10.2/cucumber-gherkin-messages-6.10.2.jar:/Users/vishnu.vardhan/.m2/repository/io/cucumber/messages/14.0.1/messages-14.0.1.jar:/Users/vishnu.vardhan/.m2/repository/io/cucumber/tag-expressions/3.0.0/tag-expressions-3.0.0.jar:/Users/vishnu.vardhan/.m2/repository/io/cucumber/cucumber-expressions/10.3.0/cucumber-expressions-10.3.0.jar:/Users/vishnu.vardhan/.m2/repository/io/cucumber/datatable/3.5.0/datatable-3.5.0.jar:/Users/vishnu.vardhan/.m2/repository/io/cucumber/cucumber-plugin/6.10.2/cucumber-plugin-6.10.2.jar:/Users/vishnu.vardhan/.m2/repository/io/cucumber/docstring/6.10.2/docstring-6.10.2.jar:/Users/vishnu.vardhan/.m2/repository/io/cucumber/html-formatter/12.0.0/html-formatter-12.0.0.jar:/Users/vishnu.vardhan/.m2/repository/io/cucumber/create-meta/3.0.0/create-meta-3.0.0.jar:/Users/vishnu.vardhan/.m2/repository/org/apiguardian/apiguardian-api/1.1.1/apiguardian-api-1.1.1.jar:/Users/vishnu.vardhan/.m2/repository/io/cucumber/cucumber-junit/6.10.2/cucumber-junit-6.10.2.jar:/Users/vishnu.vardhan/.m2/repository/junit/junit/4.13.2/junit-4.13.2.jar:/Users/vishnu.vardhan/.m2/repository/org/hamcrest/hamcrest-core/1.3/hamcrest-core-1.3.jar:/Users/vishnu.vardhan/.m2/repository/io/appium/java-client/7.4.1/java-client-7.4.1.jar:/Users/vishnu.vardhan/.m2/repository/org/seleniumhq/selenium/selenium-java/3.141.59/selenium-java-3.141.59.jar:/Users/vishnu.vardhan/.m2/repository/org/seleniumhq/selenium/selenium-chrome-driver/3.141.59/selenium-chrome-driver-3.141.59.jar:/Users/vishnu.vardhan/.m2/repository/org/seleniumhq/selenium/selenium-edge-driver/3.141.59/selenium-edge-driver-3.141.59.jar:/Users/vishnu.vardhan/.m2/repository/org/seleniumhq/selenium/selenium-firefox-driver/3.141.59/selenium-firefox-driver-3.141.59.jar:/Users/vishnu.vardhan/.m2/repository/org/seleniumhq/selenium/selenium-ie-driver/3.141.59/selenium-ie-driver-3.141.59.jar:/Users/vishnu.vardhan/.m2/repository/org/seleniumhq/selenium/selenium-opera-driver/3.141.59/selenium-opera-driver-3.141.59.jar:/Users/vishnu.vardhan/.m2/repository/org/seleniumhq/selenium/selenium-remote-driver/3.141.59/selenium-remote-driver-3.141.59.jar:/Users/vishnu.vardhan/.m2/repository/org/seleniumhq/selenium/selenium-safari-driver/3.141.59/selenium-safari-driver-3.141.59.jar:/Users/vishnu.vardhan/.m2/repository/net/bytebuddy/byte-buddy/1.8.15/byte-buddy-1.8.15.jar:/Users/vishnu.vardhan/.m2/repository/org/apache/commons/commons-exec/1.3/commons-exec-1.3.jar:/Users/vishnu.vardhan/.m2/repository/com/google/guava/guava/25.0-jre/guava-25.0-jre.jar:/Users/vishnu.vardhan/.m2/repository/com/google/code/findbugs/jsr305/1.3.9/jsr305-1.3.9.jar:/Users/vishnu.vardhan/.m2/repository/org/checkerframework/checker-compat-qual/2.0.0/checker-compat-qual-2.0.0.jar:/Users/vishnu.vardhan/.m2/repository/com/google/errorprone/error_prone_annotations/2.1.3/error_prone_annotations-2.1.3.jar:/Users/vishnu.vardhan/.m2/repository/com/google/j2objc/j2objc-annotations/1.1/j2objc-annotations-1.1.jar:/Users/vishnu.vardhan/.m2/repository/org/codehaus/mojo/animal-sniffer-annotations/1.14/animal-sniffer-annotations-1.14.jar:/Users/vishnu.vardhan/.m2/repository/com/squareup/okhttp3/okhttp/3.11.0/okhttp-3.11.0.jar:/Users/vishnu.vardhan/.m2/repository/com/squareup/okio/okio/1.14.0/okio-1.14.0.jar:/Users/vishnu.vardhan/.m2/repository/org/seleniumhq/selenium/selenium-support/3.141.59/selenium-support-3.141.59.jar:/Users/vishnu.vardhan/.m2/repository/org/seleniumhq/selenium/selenium-api/3.141.59/selenium-api-3.141.59.jar:/Users/vishnu.vardhan/.m2/repository/com/google/code/gson/gson/2.8.6/gson-2.8.6.jar:/Users/vishnu.vardhan/.m2/repository/org/apache/httpcomponents/httpclient/4.5.13/httpclient-4.5.13.jar:/Users/vishnu.vardhan/.m2/repository/org/apache/httpcomponents/httpcore/4.4.13/httpcore-4.4.13.jar:/Users/vishnu.vardhan/.m2/repository/commons-logging/commons-logging/1.2/commons-logging-1.2.jar:/Users/vishnu.vardhan/.m2/repository/commons-codec/commons-codec/1.11/commons-codec-1.11.jar:/Users/vishnu.vardhan/.m2/repository/cglib/cglib/3.3.0/cglib-3.3.0.jar:/Users/vishnu.vardhan/.m2/repository/org/ow2/asm/asm/7.1/asm-7.1.jar:/Users/vishnu.vardhan/.m2/repository/commons-validator/commons-validator/1.7/commons-validator-1.7.jar:/Users/vishnu.vardhan/.m2/repository/commons-beanutils/commons-beanutils/1.9.4/commons-beanutils-1.9.4.jar:/Users/vishnu.vardhan/.m2/repository/commons-digester/commons-digester/2.1/commons-digester-2.1.jar:/Users/vishnu.vardhan/.m2/repository/commons-collections/commons-collections/3.2.2/commons-collections-3.2.2.jar:/Users/vishnu.vardhan/.m2/repository/org/apache/commons/commons-lang3/3.11/commons-lang3-3.11.jar:/Users/vishnu.vardhan/.m2/repository/commons-io/commons-io/2.8.0/commons-io-2.8.0.jar:/Users/vishnu.vardhan/.m2/repository/org/springframework/spring-context/5.3.1/spring-context-5.3.1.jar:/Users/vishnu.vardhan/.m2/repository/org/springframework/spring-aop/5.3.1/spring-aop-5.3.1.jar:/Users/vishnu.vardhan/.m2/repository/org/springframework/spring-beans/5.3.1/spring-beans-5.3.1.jar:/Users/vishnu.vardhan/.m2/repository/org/springframework/spring-core/5.3.1/spring-core-5.3.1.jar:/Users/vishnu.vardhan/.m2/repository/org/springframework/spring-jcl/5.3.1/spring-jcl-5.3.1.jar:/Users/vishnu.vardhan/.m2/repository/org/springframework/spring-expression/5.3.1/spring-expression-5.3.1.jar:/Users/vishnu.vardhan/.m2/repository/org/aspectj/aspectjweaver/1.9.6/aspectjweaver-1.9.6.jar:/Users/vishnu.vardhan/.m2/repository/org/slf4j/slf4j-api/1.7.30/slf4j-api-1.7.30.jar:/Users/vishnu.vardhan/.m2/repository/org/apache/logging/log4j/log4j-core/2.14.1/log4j-core-2.14.1.jar:/Users/vishnu.vardhan/.m2/repository/org/apache/logging/log4j/log4j-api/2.14.1/log4j-api-2.14.1.jar:/Users/vishnu.vardhan/.m2/repository/org/json/json/20210307/json-20210307.jar:/Users/vishnu.vardhan/.m2/repository/de/monochromata/cucumber/reporting-plugin/4.0.100/reporting-plugin-4.0.100.jar:/Users/vishnu.vardhan/.m2/repository/io/cucumber/gherkin/17.0.2/gherkin-17.0.2.jar:/Users/vishnu.vardhan/.m2/repository/net/masterthought/cucumber-reporting/5.5.2/cucumber-reporting-5.5.2.jar:/Users/vishnu.vardhan/.m2/repository/com/fasterxml/jackson/core/jackson-databind/2.12.1/jackson-databind-2.12.1.jar:/Users/vishnu.vardhan/.m2/repository/com/fasterxml/jackson/core/jackson-annotations/2.12.1/jackson-annotations-2.12.1.jar:/Users/vishnu.vardhan/.m2/repository/com/fasterxml/jackson/core/jackson-core/2.12.1/jackson-core-2.12.1.jar:/Users/vishnu.vardhan/.m2/repository/com/fasterxml/jackson/datatype/jackson-datatype-jsr310/2.12.1/jackson-datatype-jsr310-2.12.1.jar:/Users/vishnu.vardhan/.m2/repository/org/apache/velocity/velocity-engine-core/2.2/velocity-engine-core-2.2.jar:/Users/vishnu.vardhan/.m2/repository/joda-time/joda-time/2.10.9/joda-time-2.10.9.jar:/Users/vishnu.vardhan/.m2/repository/org/codehaus/plexus/plexus-utils/3.3.0/plexus-utils-3.3.0.jar:/Users/vishnu.vardhan/.m2/repository/org/jsoup/jsoup/1.13.1/jsoup-1.13.1.jar:/Users/vishnu.vardhan/.m2/repository/com/googlecode/owasp-java-html-sanitizer/owasp-java-html-sanitizer/20200713.1/owasp-java-html-sanitizer-20200713.1.jar:/Users/vishnu.vardhan/.m2/repository/commons-configuration/commons-configuration/1.10/commons-configuration-1.10.jar:/Users/vishnu.vardhan/.m2/repository/commons-lang/commons-lang/2.6/commons-lang-2.6.jar:/Users/vishnu.vardhan/.m2/repository/io/cucumber/cucumber-testng/6.10.2/cucumber-testng-6.10.2.jar:/Users/vishnu.vardhan/.m2/repository/org/testng/testng/7.4.0/testng-7.4.0.jar:/Users/vishnu.vardhan/.m2/repository/com/beust/jcommander/1.78/jcommander-1.78.jar:/Users/vishnu.vardhan/.m2/repository/org/webjars/jquery/3.5.1/jquery-3.5.1.jar:"/>
    <property name="sun.cpu.endian" value="little"/>
    <property name="user.home" value="/Users/vishnu.vardhan"/>
    <property name="user.language" value="en"/>
    <property name="java.specification.vendor" value="Oracle Corporation"/>
    <property name="java.home" value="/Library/Java/JavaVirtualMachines/jdk1.8.0_241.jdk/Contents/Home/jre"/>
    <property name="basedir" value="/Users/vishnu.vardhan/Desktop/SauceLabsAppAutomation-BDD-testNG"/>
    <property name="file.separator" value="/"/>
    <property name="line.separator" value="&#10;"/>
    <property name="java.vm.specification.vendor" value="Oracle Corporation"/>
    <property name="java.specification.name" value="Java Platform API Specification"/>
    <property name="java.awt.graphicsenv" value="sun.awt.CGraphicsEnvironment"/>
    <property name="surefire.real.class.path" value="/Users/vishnu.vardhan/Desktop/SauceLabsAppAutomation-BDD-testNG/target/surefire/surefirebooter4049923428696805574.jar"/>
    <property name="sun.boot.class.path" value="/Library/Java/JavaVirtualMachines/jdk1.8.0_241.jdk/Contents/Home/jre/lib/resources.jar:/Library/Java/JavaVirtualMachines/jdk1.8.0_241.jdk/Contents/Home/jre/lib/rt.jar:/Library/Java/JavaVirtualMachines/jdk1.8.0_241.jdk/Contents/Home/jre/lib/sunrsasign.jar:/Library/Java/JavaVirtualMachines/jdk1.8.0_241.jdk/Contents/Home/jre/lib/jsse.jar:/Library/Java/JavaVirtualMachines/jdk1.8.0_241.jdk/Contents/Home/jre/lib/jce.jar:/Library/Java/JavaVirtualMachines/jdk1.8.0_241.jdk/Contents/Home/jre/lib/charsets.jar:/Library/Java/JavaVirtualMachines/jdk1.8.0_241.jdk/Contents/Home/jre/lib/jfr.jar:/Library/Java/JavaVirtualMachines/jdk1.8.0_241.jdk/Contents/Home/jre/classes"/>
    <property name="sun.management.compiler" value="HotSpot 64-Bit Tiered Compilers"/>
    <property name="java.runtime.version" value="1.8.0_241-b07"/>
    <property name="user.name" value="vishnu.vardhan"/>
    <property name="path.separator" value=":"/>
    <property name="os.version" value="10.14.6"/>
    <property name="java.endorsed.dirs" value="/Library/Java/JavaVirtualMachines/jdk1.8.0_241.jdk/Contents/Home/jre/lib/endorsed"/>
    <property name="java.runtime.name" value="Java(TM) SE Runtime Environment"/>
    <property name="file.encoding" value="US-ASCII"/>
    <property name="java.vm.name" value="Java HotSpot(TM) 64-Bit Server VM"/>
    <property name="localRepository" value="/Users/vishnu.vardhan/.m2/repository"/>
    <property name="java.vendor.url.bug" value="http://bugreport.sun.com/bugreport/"/>
    <property name="java.io.tmpdir" value="/var/folders/t_/qm5w4ckx14z559xvzn1kfl619_yhqh/T/"/>
    <property name="java.version" value="1.8.0_241"/>
    <property name="user.dir" value="/Users/vishnu.vardhan/Desktop/SauceLabsAppAutomation-BDD-testNG"/>
    <property name="os.arch" value="x86_64"/>
    <property name="java.vm.specification.name" value="Java Virtual Machine Specification"/>
    <property name="java.awt.printerjob" value="sun.lwawt.macosx.CPrinterJob"/>
    <property name="sun.os.patch.level" value="unknown"/>
    <property name="java.library.path" value="/Users/vishnu.vardhan/Library/Java/Extensions:/Library/Java/Extensions:/Network/Library/Java/Extensions:/System/Library/Java/Extensions:/usr/lib/java:."/>
    <property name="java.vm.info" value="mixed mode"/>
    <property name="java.vendor" value="Oracle Corporation"/>
    <property name="java.vm.version" value="25.241-b07"/>
    <property name="java.ext.dirs" value="/Users/vishnu.vardhan/Library/Java/Extensions:/Library/Java/JavaVirtualMachines/jdk1.8.0_241.jdk/Contents/Home/jre/lib/ext:/Library/Java/Extensions:/Network/Library/Java/Extensions:/System/Library/Java/Extensions:/usr/lib/java"/>
    <property name="sun.io.unicode.encoding" value="UnicodeBig"/>
    <property name="java.class.version" value="52.0"/>
  </properties>
  <testcase name="runScenario[&quot;Login with invalid user name&quot;, &quot;Optional[Login scenarios for Sauce Labs App]&quot;](1)" classname="com.qa.runners.MyTestNGRunnersTest" time="9.124">
    <system-out><![CDATA[[INFO ] 2021-03-26 12:03:21.0340 com.qa.utils.ServerManager:com.qa.utils.ServerManager.startServer(ServerManager.java:20) -starting appium server
&amp#27;[35m[Appium]&amp#27;[39m Welcome to Appium v1.20.2
&amp#27;[35m[Appium]&amp#27;[39m Non-default server args:
&amp#27;[35m[Appium]&amp#27;[39m   port: 4530
&amp#27;[35m[Appium]&amp#27;[39m   sessionOverride: true
&amp#27;[35m[Appium]&amp#27;[39m   logFile: /Users/vishnu.vardhan/Desktop/SauceLabsAppAutomation-BDD-testNG/Android_pixel2/Server.log
&amp#27;[35m[Appium]&amp#27;[39m Appium REST http interface listener started on 0.0.0.0:4530
&amp#27;[35m[HTTP]&amp#27;[39m &amp#27;[37m-->&amp#27;[39m &amp#27;[37mGET&amp#27;[39m &amp#27;[37m/wd/hub/status&amp#27;[39m
&amp#27;[35m[HTTP]&amp#27;[39m &amp#27;[90m{}&amp#27;[39m
[debug] &amp#27;[35m[GENERIC]&amp#27;[39m Calling AppiumDriver.getStatus() with args: []
[debug] &amp#27;[35m[GENERIC]&amp#27;[39m Responding to client with driver.getStatus() result: {"build":{"version":"1.20.2"}}
&amp#27;[35m[HTTP]&amp#27;[39m &amp#27;[37m<-- GET /wd/hub/status &amp#27;[39m&amp#27;[32m200&amp#27;[39m &amp#27;[90m6 ms - 68&amp#27;[39m
&amp#27;[35m[HTTP]&amp#27;[39m &amp#27;[90m&amp#27;[39m
&amp#27;[35m[HTTP]&amp#27;[39m &amp#27;[37m-->&amp#27;[39m &amp#27;[37mGET&amp#27;[39m &amp#27;[37m/wd/hub/status&amp#27;[39m
&amp#27;[35m[HTTP]&amp#27;[39m &amp#27;[90m{}&amp#27;[39m
[debug] &amp#27;[35m[GENERIC]&amp#27;[39m Calling AppiumDriver.getStatus() with args: []
[debug] &amp#27;[35m[GENERIC]&amp#27;[39m Responding to client with driver.getStatus() result: {"build":{"version":"1.20.2"}}
&amp#27;[35m[HTTP]&amp#27;[39m &amp#27;[37m<-- G[INFO ] 2021-03-26 12:03:22.0748 com.qa.utils.ServerManager:com.qa.utils.ServerManager.startServer(ServerManager.java:29) -Appium server started
ET /wd/hub/status &amp#27;[39m&amp#27;[32m200&amp#27;[39m &amp#27;[90m1 ms - 68&amp#27;[39m
&amp#27;[35m[HTTP]&amp#27;[39m &amp#27;[90m&amp#27;[39m
[INFO ] 2021-03-26 12:03:22.0784 com.qa.utils.DriverManager:com.qa.utils.DriverManager.initializeDriver(DriverManager.java:28) -initializing Appium driver
[INFO ] 2021-03-26 12:03:22.0804 com.qa.utils.PropertyManager:com.qa.utils.PropertyManager.getProps(PropertyManager.java:17) -loading config properties
[INFO ] 2021-03-26 12:03:22.0806 com.qa.utils.CapabilitiesManager:com.qa.utils.CapabilitiesManager.getCaps(CapabilitiesManager.java:18) -getting capabilities
[INFO ] 2021-03-26 12:03:22.0809 com.qa.utils.CapabilitiesManager:com.qa.utils.CapabilitiesManager.getCaps(CapabilitiesManager.java:34) -appUrl is/Users/vishnu.vardhan/Desktop/SauceLabsAppAutomation-BDD-testNG/target/test-classes/apps/Android.SauceLabs.Mobile.Sample.app.2.7.1.apk
[debug] &amp#27;[35m[HTTP]&amp#27;[39m Request idempotency key: 26e10ccb-a113-494e-8efc-2b1fb71357c7
&amp#27;[35m[HTTP]&amp#27;[39m &amp#27;[37m-->&amp#27;[39m &amp#27;[37mPOST&amp#27;[39m &amp#27;[37m/wd/hub/session&amp#27;[39m
&amp#27;[35m[HTTP]&amp#27;[39m &amp#27;[90m{"desiredCapabilities":{"app":"/Users/vishnu.vardhan/Desktop/SauceLabsAppAutomation-BDD-testNG/target/test-classes/apps/Android.SauceLabs.Mobile.Sample.app.2.7.1.apk","appActivity":"com.swaglabsmobileapp.MainActivity","appPackage":"com.swaglabsmobileapp","automationName":"UiAutomator2","chromeDriverPort":"11000","platformName":"Android","udid":"emulator-5554","deviceName":"pixel2","systemPort":"10000"},"capabilities":{"firstMatch":[{"appium:app":"/Users/vishnu.vardhan/Desktop/SauceLabsAppAutomation-BDD-testNG/target/test-classes/apps/Android.SauceLabs.Mobile.Sample.app.2.7.1.apk","appium:appActivity":"com.swaglabsmobileapp.MainActivity","appium:appPackage":"com.swaglabsmobileapp","appium:automationName":"UiAutomator2","chromeDriverPort":"11000","appium:deviceName":"pixel2","platformName":"android","appium:systemPort":"10000","appium:udid":"emulator-5554"}]}}&amp#27;[39m
[debug] &amp#27;[35m[W3C]&amp#27;[39m Calling AppiumDriver.createSession() with args: [{"app":"/Users/vishnu.vardhan/Desktop/SauceLabsAppAutomation-BDD-testNG/target/test-classes/apps/Android.SauceLabs.Mobile.Sample.app.2.7.1.apk","appActivity":"com.swaglabsmobileapp.MainActivity","appPackage":"com.swaglabsmobileapp","automationName":"UiAutomator2","chromeDriverPort":"11000","platformName":"Android","udid":"emulator-5554","deviceName":"pixel2","systemPort":"10000"},null,{"firstMatch":[{"appium:app":"/Users/vishnu.vardhan/Desktop/SauceLabsAppAutomation-BDD-testNG/target/test-classes/apps/Android.SauceLabs.Mobile.Sample.app.2.7.1.apk","appium:appActivity":"com.swaglabsmobileapp.MainActivity","appium:appPackage":"com.swaglabsmobileapp","appium:automationName":"UiAutomator2","chromeDriverPort":"11000","appium:deviceName":"pixel2","platformName":"android","appium:systemPort":"10000","appium:udid":"emulator-5554"}]}]
[debug] &amp#27;[35m[BaseDriver]&amp#27;[39m Event 'newSessionRequested' logged at 1616740403223 (12:03:23 GMT+0530 (India Standard Time))
&amp#27;[35m[BaseDriver]&amp#27;[39m The following capabilities are not standard capabilities and should have an extension prefix:
&amp#27;[35m[BaseDriver]&amp#27;[39m   chromeDriverPort
&amp#27;[35m[Appium]&amp#27;[39m Appium v1.20.2 creating new AndroidUiautomator2Driver (v1.61.2) session
[debug] &amp#27;[35m[Appium]&amp#27;[39m There are no active sessions for cleanup
[debug] &amp#27;[35m[BaseDriver]&amp#27;[39m W3C capabilities and MJSONWP desired capabilities were provided
[debug] &amp#27;[35m[BaseDriver]&amp#27;[39m Creating session with W3C capabilities: {
[debug] &amp#27;[35m[BaseDriver]&amp#27;[39m   "alwaysMatch": {
[debug] &amp#27;[35m[BaseDriver]&amp#27;[39m     "appium:chromeDriverPort": "11000",
[debug] &amp#27;[35m[BaseDriver]&amp#27;[39m     "platformName": "android",
[debug] &amp#27;[35m[BaseDriver]&amp#27;[39m     "appium:app": "/Users/vishnu.vardhan/Desktop/SauceLabsAppAutomation-BDD-testNG/target/test-classes/apps/Android.SauceLabs.Mobile.Sample.app.2.7.1.apk",
[debug] &amp#27;[35m[BaseDriver]&amp#27;[39m     "appium:appActivity": "com.swaglabsmobileapp.MainActivity",
[debug] &amp#27;[35m[BaseDriver]&amp#27;[39m     "appium:appPackage": "com.swaglabsmobileapp",
[debug] &amp#27;[35m[BaseDriver]&amp#27;[39m     "appium:automationName": "UiAutomator2",
[debug] &amp#27;[35m[BaseDriver]&amp#27;[39m     "appium:deviceName": "pixel2",
[debug] &amp#27;[35m[BaseDriver]&amp#27;[39m     "appium:systemPort": "10000",
[debug] &amp#27;[35m[BaseDriver]&amp#27;[39m     "appium:udid": "emulator-5554"
[debug] &amp#27;[35m[BaseDriver]&amp#27;[39m   },
[debug] &amp#27;[35m[BaseDriver]&amp#27;[39m   "firstMatch": [
[debug] &amp#27;[35m[BaseDriver]&amp#27;[39m     {}
[debug] &amp#27;[35m[BaseDriver]&amp#27;[39m   ]
[debug] &amp#27;[35m[BaseDriver]&amp#27;[39m }
&amp#27;[35m[BaseDriver]&amp#27;[39m Number capability passed in as string. Functionality may be compromised.
&amp#27;[35m[BaseDriver]&amp#27;[39m Number capability passed in as string. Functionality may be compromised.
&amp#27;[35m[BaseDriver]&amp#27;[39m Capability 'systemPort' changed from string ('10000') to integer (10000). This may cause unexpected behavior
&amp#27;[35m[BaseDriver]&amp#27;[39m Capability 'chromeDriverPort' changed from string ('11000') to integer (11000). This may cause unexpected behavior
&amp#27;[35m[BaseDriver]&amp#27;[39m Session created with session id: 0b6daed6-fe8e-4a2e-bd78-3971ab90c129
&amp#27;[35m[BaseDriver]&amp#27;[39m Using local app '/Users/vishnu.vardhan/Desktop/SauceLabsAppAutomation-BDD-testNG/target/test-classes/apps/Android.SauceLabs.Mobile.Sample.app.2.7.1.apk'
[debug] &amp#27;[35m[UiAutomator2]&amp#27;[39m Checking whether app is actually present
&amp#27;[35m[ADB]&amp#27;[39m Found 5 'build-tools' folders under '/Users/vishnu.vardhan/Library/Android/sdk' (newest first):
&amp#27;[35m[ADB]&amp#27;[39m     /Users/vishnu.vardhan/Library/Android/sdk/build-tools/31.0.0-rc1
&amp#27;[35m[ADB]&amp#27;[39m     /Users/vishnu.vardhan/Library/Android/sdk/build-tools/29.0.3
&amp#27;[35m[ADB]&amp#27;[39m     /Users/vishnu.vardhan/Library/Android/sdk/build-tools/28.0.3
&amp#27;[35m[ADB]&amp#27;[39m     /Users/vishnu.vardhan/Library/Android/sdk/build-tools/27.0.2
&amp#27;[35m[ADB]&amp#27;[39m     /Users/vishnu.vardhan/Library/Android/sdk/build-tools/26.0.2
&amp#27;[35m[ADB]&amp#27;[39m Using 'adb' from '/Users/vishnu.vardhan/Library/Android/sdk/platform-tools/adb'
[debug] &amp#27;[35m[ADB]&amp#27;[39m Running '/Users/vishnu.vardhan/Library/Android/sdk/platform-tools/adb -P 5037 start-server'
&amp#27;[35m[AndroidDriver]&amp#27;[39m Retrieving device list
[debug] &amp#27;[35m[ADB]&amp#27;[39m Trying to find a connected android device
[debug] &amp#27;[35m[ADB]&amp#27;[39m Getting connected devices
[debug] &amp#27;[35m[ADB]&amp#27;[39m Connected devices: [{"udid":"emulator-5554","state":"device"}]
&amp#27;[35m[AndroidDriver]&amp#27;[39m Using device: emulator-5554
&amp#27;[35m[ADB]&amp#27;[39m Using 'adb' from '/Users/vishnu.vardhan/Library/Android/sdk/platform-tools/adb'
[debug] &amp#27;[35m[ADB]&amp#27;[39m Running '/Users/vishnu.vardhan/Library/Android/sdk/platform-tools/adb -P 5037 start-server'
[debug] &amp#27;[35m[ADB]&amp#27;[39m Setting device id to emulator-5554
[debug] &amp#27;[35m[ADB]&amp#27;[39m Running '/Users/vishnu.vardhan/Library/Android/sdk/platform-tools/adb -P 5037 -s emulator-5554 shell getprop ro.build.version.sdk'
[debug] &amp#27;[35m[ADB]&amp#27;[39m Current device property 'ro.build.version.sdk': 29
&amp#27;[35m[ADB]&amp#27;[39m Getting device platform version
[debug] &amp#27;[35m[ADB]&amp#27;[39m Running '/Users/vishnu.vardhan/Library/Android/sdk/platform-tools/adb -P 5037 -s emulator-5554 shell getprop ro.build.version.release'
[debug] &amp#27;[35m[ADB]&amp#27;[39m Current device property 'ro.build.version.release': 10
[debug] &amp#27;[35m[ADB]&amp#27;[39m Device API level: 29
&amp#27;[35m[UiAutomator2]&amp#27;[39m Relaxing hidden api policy
[debug] &amp#27;[35m[ADB]&amp#27;[39m Running '/Users/vishnu.vardhan/Library/Android/sdk/platform-tools/adb -P 5037 -s emulator-5554 shell 'settings put global hidden_api_policy_pre_p_apps 1;settings put global hidden_api_policy_p_apps 1;settings put global hidden_api_policy 1''
[debug] &amp#27;[35m[ADB]&amp#27;[39m Running '/Users/vishnu.vardhan/Library/Android/sdk/platform-tools/adb -P 5037 -s emulator-5554 wait-for-device'
[debug] &amp#27;[35m[ADB]&amp#27;[39m Running '/Users/vishnu.vardhan/Library/Android/sdk/platform-tools/adb -P 5037 -s emulator-5554 shell echo ping'
[debug] &amp#27;[35m[AndroidDriver]&amp#27;[39m Pushing settings apk to device...
[debug] &amp#27;[35m[ADB]&amp#27;[39m Getting install status for io.appium.settings
[debug] &amp#27;[35m[ADB]&amp#27;[39m Running '/Users/vishnu.vardhan/Library/Android/sdk/platform-tools/adb -P 5037 -s emulator-5554 shell dumpsys package io.appium.settings'
[debug] &amp#27;[35m[ADB]&amp#27;[39m 'io.appium.settings' is installed
[debug] &amp#27;[35m[ADB]&amp#27;[39m Getting package info for 'io.appium.settings'
[debug] &amp#27;[35m[ADB]&amp#27;[39m Running '/Users/vishnu.vardhan/Library/Android/sdk/platform-tools/adb -P 5037 -s emulator-5554 shell dumpsys package io.appium.settings'
[debug] &amp#27;[35m[ADB]&amp#27;[39m The version name of the installed 'io.appium.settings' is greater or equal to the application version name ('3.2.1' >= '3.2.1')
[debug] &amp#27;[35m[ADB]&amp#27;[39m There is no need to install/upgrade '/usr/local/lib/node_modules/appium/node_modules/io.appium.settings/apks/settings_apk-debug.apk'
[debug] &amp#27;[35m[ADB]&amp#27;[39m Getting IDs of all 'io.appium.settings' processes
[debug] &amp#27;[35m[ADB]&amp#27;[39m Running '/Users/vishnu.vardhan/Library/Android/sdk/platform-tools/adb -P 5037 -s emulator-5554 shell 'pgrep --help; echo $?''
[debug] &amp#27;[35m[ADB]&amp#27;[39m Running '/Users/vishnu.vardhan/Library/Android/sdk/platform-tools/adb -P 5037 -s emulator-5554 shell pgrep -f \(\[\[:blank:\]\]\|\^\)io\.appium\.settings\(\[\[:blank:\]\]\|\$\)'
[debug] &amp#27;[35m[AndroidDriver]&amp#27;[39m io.appium.settings is already running. There is no need to reset its permissions.
[debug] &amp#27;[35m[Logcat]&amp#27;[39m Starting logs capture with command: /Users/vishnu.vardhan/Library/Android/sdk/platform-tools/adb -P 5037 -s emulator-5554 logcat -v threadtime
[debug] &amp#27;[35m[UiAutomator2]&amp#27;[39m Forwarding UiAutomator2 Server port 6790 to local port 10000
[debug] &amp#27;[35m[ADB]&amp#27;[39m Forwarding system: 10000 to device: 6790
[debug] &amp#27;[35m[ADB]&amp#27;[39m Running '/Users/vishnu.vardhan/Library/Android/sdk/platform-tools/adb -P 5037 -s emulator-5554 forward tcp:10000 tcp:6790'
[debug] &amp#27;[35m[ADB]&amp#27;[39m Getting install status for io.appium.uiautomator2.server
[debug] &amp#27;[35m[ADB]&amp#27;[39m Running '/Users/vishnu.vardhan/Library/Android/sdk/platform-tools/adb -P 5037 -s emulator-5554 shell dumpsys package io.appium.uiautomator2.server'
[debug] &amp#27;[35m[ADB]&amp#27;[39m 'io.appium.uiautomator2.server' is installed
[debug] &amp#27;[35m[ADB]&amp#27;[39m Getting package info for 'io.appium.uiautomator2.server'
[debug] &amp#27;[35m[ADB]&amp#27;[39m Running '/Users/vishnu.vardhan/Library/Android/sdk/platform-tools/adb -P 5037 -s emulator-5554 shell dumpsys package io.appium.uiautomator2.server'
[debug] &amp#27;[35m[ADB]&amp#27;[39m The version name of the installed 'io.appium.uiautomator2.server' is greater or equal to the application version name ('4.17.4' >= '4.17.4')
[debug] &amp#27;[35m[UiAutomator2]&amp#27;[39m io.appium.uiautomator2.server installation state: sameVersionInstalled
[debug] &amp#27;[35m[ADB]&amp#27;[39m Checking app cert for /usr/local/lib/node_modules/appium/node_modules/appium-uiautomator2-server/apks/appium-uiautomator2-server-v4.17.4.apk
&amp#27;[35m[ADB]&amp#27;[39m Using 'apksigner.jar' from '/Users/vishnu.vardhan/Library/Android/sdk/build-tools/31.0.0-rc1/lib/apksigner.jar'
[debug] &amp#27;[35m[ADB]&amp#27;[39m Starting apksigner: /Library/Java/JavaVirtualMachines/jdk1.8.0_241.jdk/Contents/Home/bin/java -Xmx1024M -Xss1m -jar /Users/vishnu.vardhan/Library/Android/sdk/build-tools/31.0.0-rc1/lib/apksigner.jar verify --print-certs /usr/local/lib/node_modules/appium/node_modules/appium-uiautomator2-server/apks/appium-uiautomator2-server-v4.17.4.apk
[debug] &amp#27;[35m[ADB]&amp#27;[39m apksigner stdout: Signer #1 certificate DN: EMAILADDRESS=android@android.com, CN=Android, OU=Android, O=Android, L=Mountain View, ST=California, C=US
[debug] &amp#27;[35m[ADB]&amp#27;[39m Signer #1 certificate SHA-256 digest: a40da80a59d170caa950cf15c18c454d47a39b26989d8b640ecd745ba71bf5dc
[debug] &amp#27;[35m[ADB]&amp#27;[39m Signer #1 certificate SHA-1 digest: 61ed377e85d386a8dfee6b864bd85b0bfaa5af81
[debug] &amp#27;[35m[ADB]&amp#27;[39m Signer #1 certificate MD5 digest: e89b158e4bcf988ebd09eb83f5378e87
[debug] &amp#27;[35m[ADB]&amp#27;[39m 
[debug] &amp#27;[35m[ADB]&amp#27;[39m sha256 hash did match for 'appium-uiautomator2-server-v4.17.4.apk'
&amp#27;[35m[ADB]&amp#27;[39m '/usr/local/lib/node_modules/appium/node_modules/appium-uiautomator2-server/apks/appium-uiautomator2-server-v4.17.4.apk' is signed with the default certificate
[debug] &amp#27;[35m[ADB]&amp#27;[39m Getting install status for io.appium.uiautomator2.server.test
[debug] &amp#27;[35m[ADB]&amp#27;[39m Running '/Users/vishnu.vardhan/Library/Android/sdk/platform-tools/adb -P 5037 -s emulator-5554 shell dumpsys package io.appium.uiautomator2.server.test'
[debug] &amp#27;[35m[ADB]&amp#27;[39m 'io.appium.uiautomator2.server.test' is installed
[debug] &amp#27;[35m[ADB]&amp#27;[39m Checking app cert for /usr/local/lib/node_modules/appium/node_modules/appium-uiautomator2-server/apks/appium-uiautomator2-server-debug-androidTest.apk
[debug] &amp#27;[35m[ADB]&amp#27;[39m Starting apksigner: /Library/Java/JavaVirtualMachines/jdk1.8.0_241.jdk/Contents/Home/bin/java -Xmx1024M -Xss1m -jar /Users/vishnu.vardhan/Library/Android/sdk/build-tools/31.0.0-rc1/lib/apksigner.jar verify --print-certs /usr/local/lib/node_modules/appium/node_modules/appium-uiautomator2-server/apks/appium-uiautomator2-server-debug-androidTest.apk
[debug] &amp#27;[35m[ADB]&amp#27;[39m apksigner stdout: Signer #1 certificate DN: EMAILADDRESS=android@android.com, CN=Android, OU=Android, O=Android, L=Mountain View, ST=California, C=US
[debug] &amp#27;[35m[ADB]&amp#27;[39m Signer #1 certificate SHA-256 digest: a40da80a59d170caa950cf15c18c454d47a39b26989d8b640ecd745ba71bf5dc
[debug] &amp#27;[35m[ADB]&amp#27;[39m Signer #1 certificate SHA-1 digest: 61ed377e85d386a8dfee6b864bd85b0bfaa5af81
[debug] &amp#27;[35m[ADB]&amp#27;[39m Signer #1 certificate MD5 digest: e89b158e4bcf988ebd09eb83f5378e87
[debug] &amp#27;[35m[ADB]&amp#27;[39m 
[debug] &amp#27;[35m[ADB]&amp#27;[39m sha256 hash did match for 'appium-uiautomator2-server-debug-androidTest.apk'
&amp#27;[35m[ADB]&amp#27;[39m '/usr/local/lib/node_modules/appium/node_modules/appium-uiautomator2-server/apks/appium-uiautomator2-server-debug-androidTest.apk' is signed with the default certificate
&amp#27;[35m[UiAutomator2]&amp#27;[39m Server packages are not going to be (re)installed
[debug] &amp#27;[35m[UiAutomator2]&amp#27;[39m Waiting up to 30000ms for services to be available
[debug] &amp#27;[35m[ADB]&amp#27;[39m Running '/Users/vishnu.vardhan/Library/Android/sdk/platform-tools/adb -P 5037 -s emulator-5554 shell pm list instrumentation'
[debug] &amp#27;[35m[UiAutomator2]&amp#27;[39m Instrumentation target 'io.appium.uiautomator2.server.test/androidx.test.runner.AndroidJUnitRunner' is available
&amp#27;[35m[ADB]&amp#27;[39m Adding packages ["io.appium.settings","io.appium.uiautomator2.server","io.appium.uiautomator2.server.test"] to Doze whitelist
[debug] &amp#27;[35m[ADB]&amp#27;[39m Got the following command chunks to execute: [["dumpsys","deviceidle","whitelist","+io.appium.settings",";","dumpsys","deviceidle","whitelist","+io.appium.uiautomator2.server",";","dumpsys","deviceidle","whitelist","+io.appium.uiautomator2.server.test",";"]]
[debug] &amp#27;[35m[ADB]&amp#27;[39m Running '/Users/vishnu.vardhan/Library/Android/sdk/platform-tools/adb -P 5037 -s emulator-5554 shell dumpsys deviceidle whitelist +io.appium.settings ; dumpsys deviceidle whitelist +io.appium.uiautomator2.server ; dumpsys deviceidle whitelist +io.appium.uiautomator2.server.test ;'
[debug] &amp#27;[35m[ADB]&amp#27;[39m Checking app cert for /Users/vishnu.vardhan/Desktop/SauceLabsAppAutomation-BDD-testNG/target/test-classes/apps/Android.SauceLabs.Mobile.Sample.app.2.7.1.apk
[debug] &amp#27;[35m[ADB]&amp#27;[39m Starting apksigner: /Library/Java/JavaVirtualMachines/jdk1.8.0_241.jdk/Contents/Home/bin/java -Xmx1024M -Xss1m -jar /Users/vishnu.vardhan/Library/Android/sdk/build-tools/31.0.0-rc1/lib/apksigner.jar verify --print-certs /Users/vishnu.vardhan/Desktop/SauceLabsAppAutomation-BDD-testNG/target/test-classes/apps/Android.SauceLabs.Mobile.Sample.app.2.7.1.apk
[debug] &amp#27;[35m[ADB]&amp#27;[39m apksigner stdout: Signer #1 certificate DN: CN=wswebcreation, OU=sample-app, O=Sauce Labs, L=San Francisco, ST=California, C=CA
[debug] &amp#27;[35m[ADB]&amp#27;[39m Signer #1 certificate SHA-256 digest: 24fd76156cde9748f50e68dbdafde6498ec4beaa41316438d06ffdde41ce7a3d
[debug] &amp#27;[35m[ADB]&amp#27;[39m Signer #1 certificate SHA-1 digest: 2a1a91b5b813edbd94986bffb8398349b9b504e0
[debug] &amp#27;[35m[ADB]&amp#27;[39m Signer #1 certificate MD5 digest: ac89c8eda61ba1f13ee22bae56d13abc
[debug] &amp#27;[35m[ADB]&amp#27;[39m 
&amp#27;[35m[ADB]&amp#27;[39m '/Users/vishnu.vardhan/Desktop/SauceLabsAppAutomation-BDD-testNG/target/test-classes/apps/Android.SauceLabs.Mobile.Sample.app.2.7.1.apk' is signed with a non-default certificate
[debug] &amp#27;[35m[ADB]&amp#27;[39m Getting install status for com.swaglabsmobileapp
[debug] &amp#27;[35m[ADB]&amp#27;[39m Running '/Users/vishnu.vardhan/Library/Android/sdk/platform-tools/adb -P 5037 -s emulator-5554 shell dumpsys package com.swaglabsmobileapp'
[debug] &amp#27;[35m[ADB]&amp#27;[39m 'com.swaglabsmobileapp' is installed
[debug] &amp#27;[35m[ADB]&amp#27;[39m Getting package info for 'com.swaglabsmobileapp'
[debug] &amp#27;[35m[ADB]&amp#27;[39m Running '/Users/vishnu.vardhan/Library/Android/sdk/platform-tools/adb -P 5037 -s emulator-5554 shell dumpsys package com.swaglabsmobileapp'
[debug] &amp#27;[35m[ADB]&amp#27;[39m The version name of the installed 'com.swaglabsmobileapp' is greater or equal to the application version name ('2.7.1' >= '2.7.1')
[debug] &amp#27;[35m[ADB]&amp#27;[39m There is no need to install/upgrade '/Users/vishnu.vardhan/Desktop/SauceLabsAppAutomation-BDD-testNG/target/test-classes/apps/Android.SauceLabs.Mobile.Sample.app.2.7.1.apk'
&amp#27;[35m[AndroidDriver]&amp#27;[39m Performing fast reset on 'com.swaglabsmobileapp'
[debug] &amp#27;[35m[ADB]&amp#27;[39m Getting install status for com.swaglabsmobileapp
[debug] &amp#27;[35m[ADB]&amp#27;[39m Running '/Users/vishnu.vardhan/Library/Android/sdk/platform-tools/adb -P 5037 -s emulator-5554 shell dumpsys package com.swaglabsmobileapp'
[debug] &amp#27;[35m[ADB]&amp#27;[39m 'com.swaglabsmobileapp' is installed
[debug] &amp#27;[35m[ADB]&amp#27;[39m Running '/Users/vishnu.vardhan/Library/Android/sdk/platform-tools/adb -P 5037 -s emulator-5554 shell am force-stop com.swaglabsmobileapp'
[debug] &amp#27;[35m[ADB]&amp#27;[39m Running '/Users/vishnu.vardhan/Library/Android/sdk/platform-tools/adb -P 5037 -s emulator-5554 shell pm clear com.swaglabsmobileapp'
[debug] &amp#27;[35m[AndroidDriver]&amp#27;[39m Performed fast reset on the installed 'com.swaglabsmobileapp' application (stop and clear)
[debug] &amp#27;[35m[UiAutomator2]&amp#27;[39m Performing shallow cleanup of automation leftovers
[debug] &amp#27;[35m[UiAutomator2]&amp#27;[39m No obsolete sessions have been detected (socket hang up)
[debug] &amp#27;[35m[ADB]&amp#27;[39m Running '/Users/vishnu.vardhan/Library/Android/sdk/platform-tools/adb -P 5037 -s emulator-5554 shell am force-stop io.appium.uiautomator2.server.test'
&amp#27;[35m[UiAutomator2]&amp#27;[39m Starting UIAutomator2 server 4.17.4
&amp#27;[35m[UiAutomator2]&amp#27;[39m Using UIAutomator2 server from '/usr/local/lib/node_modules/appium/node_modules/appium-uiautomator2-server/apks/appium-uiautomator2-server-v4.17.4.apk' and test from '/usr/local/lib/node_modules/appium/node_modules/appium-uiautomator2-server/apks/appium-uiautomator2-server-debug-androidTest.apk'
&amp#27;[35m[UiAutomator2]&amp#27;[39m Waiting up to 30000ms for UiAutomator2 to be online...
[debug] &amp#27;[35m[ADB]&amp#27;[39m Creating ADB subprocess with args: ["-P",5037,"-s","emulator-5554","shell","am","instrument","-w","io.appium.uiautomator2.server.test/androidx.test.runner.AndroidJUnitRunner"]
[debug] &amp#27;[35m[WD Proxy]&amp#27;[39m Matched '/status' to command name 'getStatus'
[debug] &amp#27;[35m[WD Proxy]&amp#27;[39m Proxying [GET /status] to [GET http://127.0.0.1:10000/wd/hub/status] with no body
&amp#27;[35m[WD Proxy]&amp#27;[39m socket hang up
[debug] &amp#27;[35m[Instrumentation]&amp#27;[39m io.appium.uiautomator2.server.test.AppiumUiAutomator2Server:
[debug] &amp#27;[35m[WD Proxy]&amp#27;[39m Matched '/status' to command name 'getStatus'
[debug] &amp#27;[35m[WD Proxy]&amp#27;[39m Proxying [GET /status] to [GET http://127.0.0.1:10000/wd/hub/status] with no body
&amp#27;[35m[WD Proxy]&amp#27;[39m socket hang up
[debug] &amp#27;[35m[WD Proxy]&amp#27;[39m Matched '/status' to command name 'getStatus'
[debug] &amp#27;[35m[WD Proxy]&amp#27;[39m Proxying [GET /status] to [GET http://127.0.0.1:10000/wd/hub/status] with no body
&amp#27;[35m[WD Proxy]&amp#27;[39m socket hang up
[debug] &amp#27;[35m[WD Proxy]&amp#27;[39m Matched '/status' to command name 'getStatus'
[debug] &amp#27;[35m[WD Proxy]&amp#27;[39m Proxying [GET /status] to [GET http://127.0.0.1:10000/wd/hub/status] with no body
[debug] &amp#27;[35m[WD Proxy]&amp#27;[39m Got response with status 200: {"sessionId":"None","value":{"message":"UiAutomator2 Server is ready to accept commands","ready":true}}
[debug] &amp#27;[35m[UiAutomator2]&amp#27;[39m The initialization of the instrumentation process took 3166ms
[debug] &amp#27;[35m[WD Proxy]&amp#27;[39m Matched '/session' to command name 'createSession'
[debug] &amp#27;[35m[WD Proxy]&amp#27;[39m Proxying [POST /session] to [POST http://127.0.0.1:10000/wd/hub/session] with body: {"capabilities":{"firstMatch":[{"platform":"LINUX","webStorageEnabled":false,"takesScreenshot":true,"javascriptEnabled":true,"databaseEnabled":false,"networkConnectionEnabled":true,"locationContextEnabled":false,"warnings":{},"desired":{"platformName":"android","chromeDriverPort":11000,"app":"/Users/vishnu.vardhan/Desktop/SauceLabsAppAutomation-BDD-testNG/target/test-classes/apps/Android.SauceLabs.Mobile.Sample.app.2.7.1.apk","appActivity":"com.swaglabsmobileapp.MainActivity","appPackage":"com.swaglabsmobileapp","automationName":"UiAutomator2","deviceName":"pixel2","systemPort":10000,"udid":"emulator-5554"},"platformName":"android","chromeDriverPort":11000,"app":"/Users/vishnu.vardhan/Desktop/SauceLabsAppAutomation-BDD-testNG/target/test-classes/apps/Android.SauceLabs.Mobile.Sample.app.2.7.1.apk","appActivity":"com.swaglabsmobileapp.MainActivity","appPackage":"com.swaglabsmobileapp","automationName":"UiAutomator2","deviceName":"emulator-5554","systemPort":10000,"udid":"emulator-5554","deviceUDID":"emulator...
[debug] &amp#27;[35m[WD Proxy]&amp#27;[39m Got response with status 200: {"sessionId":"164a6e0b-846a-4b1b-b66d-d5859425eba2","value":{"capabilities":{"firstMatch":[{"platform":"LINUX","webStorageEnabled":false,"takesScreenshot":true,"javascriptEnabled":true,"databaseEnabled":false,"networkConnectionEnabled":true,"locationContextEnabled":false,"warnings":{},"desired":{"platformName":"android","chromeDriverPort":11000,"app":"/Users/vishnu.vardhan/Desktop/SauceLabsAppAutomation-BDD-testNG/target/test-classes/apps/Android.SauceLabs.Mobile.Sample.app.2.7.1.apk","appActivity":"com.swaglabsmobileapp.MainActivity","appPackage":"com.swaglabsmobileapp","automationName":"UiAutomator2","deviceName":"pixel2","systemPort":10000,"udid":"emulator-5554"},"platformName":"android","chromeDriverPort":11000,"app":"/Users/vishnu.vardhan/Desktop/SauceLabsAppAutomation-BDD-testNG/target/test-classes/apps/Android.SauceLabs.Mobile.Sample.app.2.7.1.apk","appActivity":"com.swaglabsmobileapp.MainActivity","appPackage":"com.swaglabsmobileapp","automationName":"UiAutomator2","deviceName":"emulator-5554","sys...
&amp#27;[35m[WD Proxy]&amp#27;[39m Determined the downstream protocol as 'W3C'
[debug] &amp#27;[35m[WD Proxy]&amp#27;[39m Proxying [GET /appium/device/info] to [GET http://127.0.0.1:10000/wd/hub/session/164a6e0b-846a-4b1b-b66d-d5859425eba2/appium/device/info] with no body
[debug] &amp#27;[35m[WD Proxy]&amp#27;[39m Got response with status 200: {"sessionId":"164a6e0b-846a-4b1b-b66d-d5859425eba2","value":{"androidId":"e15722ece016e817","apiVersion":"29","bluetooth":null,"brand":"google","carrierName":"","displayDensity":440,"locale":"en_US","manufacturer":"Google","model":"Android SDK built for x86","networks":[{"capabilities":{"SSID":null,"linkDownBandwidthKbps":1048576,"linkUpstreamBandwidthKbps":1048576,"networkCapabilities":"NET_CAPABILITY_NOT_METERED,NET_CAPABILITY_INTERNET,NET_CAPABILITY_NOT_RESTRICTED,NET_CAPABILITY_TRUSTED,NET_CAPABILITY_NOT_VPN,NET_CAPABILITY_VALIDATED,NET_CAPABILITY_NOT_ROAMING,NET_CAPABILITY_FOREGROUND,NET_CAPABILITY_NOT_CONGESTED,NET_CAPABILITY_NOT_SUSPENDED","signalStrength":-30,"transportTypes":"TRANSPORT_WIFI"},"detailedState":"CONNECTED","extraInfo":null,"isAvailable":true,"isConnected":true,"isFailover":false,"isRoaming":false,"state":"CONNECTED","subtype":0,"subtypeName":"","type":1,"typeName":"WIFI"},{"capabilities":{"SSID":null,"linkDownBandwidthKbps":102400,"linkUpstreamBandwidthKbps":51200,"networkCapabilitie...
[debug] &amp#27;[35m[ADB]&amp#27;[39m Running '/Users/vishnu.vardhan/Library/Android/sdk/platform-tools/adb -P 5037 -s emulator-5554 shell dumpsys window'
&amp#27;[35m[AndroidDriver]&amp#27;[39m Screen already unlocked, doing nothing
&amp#27;[35m[UiAutomator2]&amp#27;[39m Starting 'com.swaglabsmobileapp/com.swaglabsmobileapp.MainActivity and waiting for 'com.swaglabsmobileapp/com.swaglabsmobileapp.MainActivity'
[debug] &amp#27;[35m[ADB]&amp#27;[39m Running '/Users/vishnu.vardhan/Library/Android/sdk/platform-tools/adb -P 5037 -s emulator-5554 shell am start -W -n com.swaglabsmobileapp/com.swaglabsmobileapp.MainActivity -S -a android.intent.action.MAIN -c android.intent.category.LAUNCHER -f 0x10200000'
[debug] &amp#27;[35m[WD Proxy]&amp#27;[39m Proxying [GET /appium/device/pixel_ratio] to [GET http://127.0.0.1:10000/wd/hub/session/164a6e0b-846a-4b1b-b66d-d5859425eba2/appium/device/pixel_ratio] with no body
[debug] &amp#27;[35m[WD Proxy]&amp#27;[39m Got response with status 200: {"sessionId":"164a6e0b-846a-4b1b-b66d-d5859425eba2","value":2.75}
[debug] &amp#27;[35m[WD Proxy]&amp#27;[39m Matched '/appium/device/system_bars' to command name 'getSystemBars'
[debug] &amp#27;[35m[WD Proxy]&amp#27;[39m Proxying [GET /appium/device/system_bars] to [GET http://127.0.0.1:10000/wd/hub/session/164a6e0b-846a-4b1b-b66d-d5859425eba2/appium/device/system_bars] with no body
[debug] &amp#27;[35m[WD Proxy]&amp#27;[39m Got response with status 200: {"sessionId":"164a6e0b-846a-4b1b-b66d-d5859425eba2","value":{"statusBar":66}}
[debug] &amp#27;[35m[WD Proxy]&amp#27;[39m Matched '/window/current/size' to command name 'getWindowSize'
[debug] &amp#27;[35m[WD Proxy]&amp#27;[39m Proxying [GET /window/current/size] to [GET http://127.0.0.1:10000/wd/hub/session/164a6e0b-846a-4b1b-b66d-d5859425eba2/window/current/size] with no body
[debug] &amp#27;[35m[WD Proxy]&amp#27;[39m Got response with status 200: {"sessionId":"164a6e0b-846a-4b1b-b66d-d5859425eba2","value":{"height":2028,"width":1080}}
&amp#27;[35m[Appium]&amp#27;[39m New AndroidUiautomator2Driver session created successfully, session 0b6daed6-fe8e-4a2e-bd78-3971ab90c129 added to master session list
[debug] &amp#27;[35m[BaseDriver]&amp#27;[39m Event 'newSessionStarted' logged at 1616740410962 (12:03:30 GMT+0530 (India Standard Time))
[debug] &amp#27;[35m[W3C (0b6daed6)]&amp#27;[39m Cached the protocol value 'W3C' for the new session 0b6daed6-fe8e-4a2e-bd78-3971ab90c129
[debug] &amp#27;[35m[W3C (0b6daed6)]&amp#27;[39m Responding to client with driver.createSession() result: {"capabilities":{"platform":"LINUX","webStorageEnabled":false,"takesScreenshot":true,"javascriptEnabled":true,"databaseEnabled":false,"networkConnectionEnabled":true,"locationContextEnabled":false,"warnings":{},"desired":{"platformName":"android","chromeDriverPort":11000,"app":"/Users/vishnu.vardhan/Desktop/SauceLabsAppAutomation-BDD-testNG/target/test-classes/apps/Android.SauceLabs.Mobile.Sample.app.2.7.1.apk","appActivity":"com.swaglabsmobileapp.MainActivity","appPackage":"com.swaglabsmobileapp","automationName":"UiAutomator2","deviceName":"pixel2","systemPort":10000,"udid":"emulator-5554"},"platformName":"android","chromeDriverPort":11000,"app":"/Users/vishnu.vardhan/Desktop/SauceLabsAppAutomation-BDD-testNG/target/test-classes/apps/Android.SauceLabs.Mobile.Sample.app.2.7.1.apk","appActivity":"com.swaglabsmobileapp.MainActivity","appPackage":"com.swaglabsmobileapp","automationName":"UiAutomator2","deviceName":"emulator-5554","systemPort":10000,"udid":"emulator-5554","deviceUDID":"emulator-5554","deviceA...
&amp#27;[35m[HTTP]&amp#27;[39m &amp#27;[37m<-- POST /wd/hub/session &amp#27;[39m&amp#27;[32m200&amp#27;[39m &amp#27;[90m7743 ms - 1346&amp#27;[39m
&amp#27;[35m[HTTP]&amp#27;[39m &amp#27;[90m&amp#27;[39m
[INFO ] 2021-03-26 12:03:31.0027 com.qa.utils.DriverManager:com.qa.utils.DriverManager.initializeDriver(DriverManager.java:40) -Driver is initialized

@test
Scenario Outline: Login with invalid user name                                                        # src/test/resources/Login.feature:10
&amp#27;[35m[HTTP]&amp#27;[39m &amp#27;[37m-->&amp#27;[39m &amp#27;[37mPOST&amp#27;[39m &amp#27;[37m/wd/hub/session/0b6daed6-fe8e-4a2e-bd78-3971ab90c129/appium/start_recording_screen&amp#27;[39m
&amp#27;[35m[HTTP]&amp#27;[39m &amp#27;[90m{}&amp#27;[39m
[debug] &amp#27;[35m[W3C (0b6daed6)]&amp#27;[39m Calling AppiumDriver.startRecordingScreen() with args: [null,"0b6daed6-fe8e-4a2e-bd78-3971ab90c129"]
[debug] &amp#27;[35m[ADB]&amp#27;[39m Getting IDs of all 'screenrecord' processes
[debug] &amp#27;[35m[ADB]&amp#27;[39m Running '/Users/vishnu.vardhan/Library/Android/sdk/platform-tools/adb -P 5037 -s emulator-5554 shell pgrep -f \(\[\[:blank:\]\]\|\^\)screenrecord\(\[\[:blank:\]\]\|\$\)'
&amp#27;[35m[AndroidDriver]&amp#27;[39m Screen recording has not been previously started by Appium. There is nothing to stop
[debug] &amp#27;[35m[ADB]&amp#27;[39m Getting IDs of all 'screenrecord' processes
[debug] &amp#27;[35m[ADB]&amp#27;[39m Running '/Users/vishnu.vardhan/Library/Android/sdk/platform-tools/adb -P 5037 -s emulator-5554 shell pgrep -f \(\[\[:blank:\]\]\|\^\)screenrecord\(\[\[:blank:\]\]\|\$\)'
[debug] &amp#27;[35m[ADB]&amp#27;[39m Building screenrecord process with the command line: adb -P 5037 -s emulator-5554 shell screenrecord --time-limit 180 /sdcard/66e8b456.mp4
[debug] &amp#27;[35m[ADB]&amp#27;[39m Running '/Users/vishnu.vardhan/Library/Android/sdk/platform-tools/adb -P 5037 -s emulator-5554 shell "[ -e '/sdcard/66e8b456.mp4' ] && echo __PASS__"'
[debug] &amp#27;[35m[ADB]&amp#27;[39m Running '/Users/vishnu.vardhan/Library/Android/sdk/platform-tools/adb -P 5037 -s emulator-5554 shell "[ -e '/sdcard/66e8b456.mp4' ] && echo __PASS__"'
[debug] &amp#27;[35m[W3C (0b6daed6)]&amp#27;[39m Responding to client with driver.startRecordingScreen() result: ""
&amp#27;[35m[HTTP]&amp#27;[39m &amp#27;[37m<-- POST /wd/hub/session/0b6daed6-fe8e-4a2e-bd78-3971ab90c129/appium/start_recording_screen &amp#27;[39m&amp#27;[32m200&amp#27;[39m &amp#27;[90m470 ms - 12&amp#27;[39m
&amp#27;[35m[HTTP]&amp#27;[39m &amp#27;[90m&amp#27;[39m
&amp#27;[35m[HTTP]&amp#27;[39m &amp#27;[37m-->&amp#27;[39m &amp#27;[37mGET&amp#27;[39m &amp#27;[37m/wd/hub/session/0b6daed6-fe8e-4a2e-bd78-3971ab90c129/context&amp#27;[39m
&amp#27;[35m[HTTP]&amp#27;[39m &amp#27;[90m{}&amp#27;[39m
[debug] &amp#27;[35m[W3C (0b6daed6)]&amp#27;[39m Calling AppiumDriver.getCurrentContext() with args: ["0b6daed6-fe8e-4a2e-bd78-3971ab90c129"]
[debug] &amp#27;[35m[W3C (0b6daed6)]&amp#27;[39m Responding to client with driver.getCurrentContext() result: "NATIVE_APP"
&amp#27;[35m[HTTP]&amp#27;[39m &amp#27;[37m<-- GET /wd/hub/session/0b6daed6-fe8e-4a2e-bd78-3971ab90c129/context &amp#27;[39m&amp#27;[32m200&amp#27;[39m &amp#27;[90m5 ms - 22&amp#27;[39m
&amp#27;[35m[HTTP]&amp#27;[39m &amp#27;[90m&amp#27;[39m
&amp#27;[35m[HTTP]&amp#27;[39m &amp#27;[37m-->&amp#27;[39m &amp#27;[37mPOST&amp#27;[39m &amp#27;[37m/wd/hub/session/0b6daed6-fe8e-4a2e-bd78-3971ab90c129/element&amp#27;[39m
&amp#27;[35m[HTTP]&amp#27;[39m &amp#27;[90m{"using":"accessibility id","value":"test-Username"}&amp#27;[39m
[debug] &amp#27;[35m[W3C (0b6daed6)]&amp#27;[39m Calling AppiumDriver.findElement() with args: ["accessibility id","test-Username","0b6daed6-fe8e-4a2e-bd78-3971ab90c129"]
[debug] &amp#27;[35m[BaseDriver]&amp#27;[39m Valid locator strategies for this request: xpath, id, class name, accessibility id, css selector, -android uiautomator
[debug] &amp#27;[35m[BaseDriver]&amp#27;[39m Waiting up to 0 ms for condition
[debug] &amp#27;[35m[WD Proxy]&amp#27;[39m Matched '/element' to command name 'findElement'
[debug] &amp#27;[35m[WD Proxy]&amp#27;[39m Proxying [POST /element] to [POST http://127.0.0.1:10000/wd/hub/session/164a6e0b-846a-4b1b-b66d-d5859425eba2/element] with body: {"strategy":"accessibility id","selector":"test-Username","context":"","multiple":false}
&amp#27;[35m[WD Proxy]&amp#27;[39m Got response with status 404: {"sessionId":"164a6e0b-846a-4b1b-b66d-d5859425eba2","value":{"error":"no such element","message":"An element could not be located on the page using the given search parameters","stacktrace":"io.appium.uiautomator2.common.exceptions.ElementNotFoundException: An element could not be located on the page using the given search parameters\n\tat io.appium.uiautomator2.handler.FindElement.safeHandle(FindElement.java:70)\n\tat io.appium.uiautomator2.handler.request.SafeRequestHandler.handle(SafeRequestHandler.java:41)\n\tat io.appium.uiautomator2.server.AppiumServlet.handleRequest(AppiumServlet.java:261)\n\tat io.appium.uiautomator2.server.AppiumServlet.handleHttpRequest(AppiumServlet.java:255)\n\tat io.appium.uiautomator2.http.ServerHandler.channelRead(ServerHandler.java:68)\n\tat io.netty.channel.AbstractChannelHandlerContext.invokeChannelRead(AbstractChannelHandlerContext.java:366)\n\tat io.netty.channel.AbstractChannelHandlerContext.invokeChannelRead(AbstractChannelHandlerContext.java:352)\n\tat io.netty.chann...
[debug] &amp#27;[35m[W3C]&amp#27;[39m Matched W3C error code 'no such element' to NoSuchElementError
[debug] &amp#27;[35m[W3C (0b6daed6)]&amp#27;[39m Encountered internal error running command: NoSuchElementError: An element could not be located on the page using the given search parameters.
[debug] &amp#27;[35m[W3C (0b6daed6)]&amp#27;[39m     at AndroidUiautomator2Driver.findElOrEls (/usr/local/lib/node_modules/appium/node_modules/appium-android-driver/lib/commands/find.js:75:11)
[debug] &amp#27;[35m[W3C (0b6daed6)]&amp#27;[39m     at processTicksAndRejections (internal/process/task_queues.js:93:5)
[debug] &amp#27;[35m[W3C (0b6daed6)]&amp#27;[39m     at AndroidUiautomator2Driver.findElOrElsWithProcessing (/usr/local/lib/node_modules/appium/node_modules/appium-base-driver/lib/basedriver/commands/find.js:33:12)
[debug] &amp#27;[35m[W3C (0b6daed6)]&amp#27;[39m     at AndroidUiautomator2Driver.findElement (/usr/local/lib/node_modules/appium/node_modules/appium-base-driver/lib/basedriver/commands/find.js:53:10)
&amp#27;[35m[HTTP]&amp#27;[39m &amp#27;[37m<-- POST /wd/hub/session/0b6daed6-fe8e-4a2e-bd78-3971ab90c129/element &amp#27;[39m&amp#27;[33m404&amp#27;[39m &amp#27;[90m59 ms - 780&amp#27;[39m
&amp#27;[35m[HTTP]&amp#27;[39m &amp#27;[90m&amp#27;[39m
&amp#27;[35m[HTTP]&amp#27;[39m &amp#27;[37m-->&amp#27;[39m &amp#27;[37mPOST&amp#27;[39m &amp#27;[37m/wd/hub/session/0b6daed6-fe8e-4a2e-bd78-3971ab90c129/element&amp#27;[39m
&amp#27;[35m[HTTP]&amp#27;[39m &amp#27;[90m{"using":"accessibility id","value":"test-Username"}&amp#27;[39m
[debug] &amp#27;[35m[W3C (0b6daed6)]&amp#27;[39m Calling AppiumDriver.findElement() with args: ["accessibility id","test-Username","0b6daed6-fe8e-4a2e-bd78-3971ab90c129"]
[debug] &amp#27;[35m[BaseDriver]&amp#27;[39m Valid locator strategies for this request: xpath, id, class name, accessibility id, css selector, -android uiautomator
[debug] &amp#27;[35m[BaseDriver]&amp#27;[39m Waiting up to 0 ms for condition
[debug] &amp#27;[35m[WD Proxy]&amp#27;[39m Matched '/element' to command name 'findElement'
[debug] &amp#27;[35m[WD Proxy]&amp#27;[39m Proxying [POST /element] to [POST http://127.0.0.1:10000/wd/hub/session/164a6e0b-846a-4b1b-b66d-d5859425eba2/element] with body: {"strategy":"accessibility id","selector":"test-Username","context":"","multiple":false}
[debug] &amp#27;[35m[WD Proxy]&amp#27;[39m Got response with status 200: {"sessionId":"164a6e0b-846a-4b1b-b66d-d5859425eba2","value":{"ELEMENT":"eaf51e4a-8703-416c-88d9-174c1d9d970b","element-6066-11e4-a52e-4f735466cecf":"eaf51e4a-8703-416c-88d9-174c1d9d970b"}}
[debug] &amp#27;[35m[W3C (0b6daed6)]&amp#27;[39m Responding to client with driver.findElement() result: {"element-6066-11e4-a52e-4f735466cecf":"eaf51e4a-8703-416c-88d9-174c1d9d970b","ELEMENT":"eaf51e4a-8703-416c-88d9-174c1d9d970b"}
&amp#27;[35m[HTTP]&amp#27;[39m &amp#27;[37m<-- POST /wd/hub/session/0b6daed6-fe8e-4a2e-bd78-3971ab90c129/element &amp#27;[39m&amp#27;[32m200&amp#27;[39m &amp#27;[90m370 ms - 137&amp#27;[39m
&amp#27;[35m[HTTP]&amp#27;[39m &amp#27;[90m&amp#27;[39m
&amp#27;[35m[HTTP]&amp#27;[39m &amp#27;[37m-->&amp#27;[39m &amp#27;[37mGET&amp#27;[39m &amp#27;[37m/wd/hub/session/0b6daed6-fe8e-4a2e-bd78-3971ab90c129/element/eaf51e4a-8703-416c-88d9-174c1d9d970b/displayed&amp#27;[39m
&amp#27;[35m[HTTP]&amp#27;[39m &amp#27;[90m{}&amp#27;[39m
[debug] &amp#27;[35m[W3C (0b6daed6)]&amp#27;[39m Calling AppiumDriver.elementDisplayed() with args: ["eaf51e4a-8703-416c-88d9-174c1d9d970b","0b6daed6-fe8e-4a2e-bd78-3971ab90c129"]
[debug] &amp#27;[35m[WD Proxy]&amp#27;[39m Matched '/element/eaf51e4a-8703-416c-88d9-174c1d9d970b/attribute/displayed' to command name 'getAttribute'
[debug] &amp#27;[35m[WD Proxy]&amp#27;[39m Proxying [GET /element/eaf51e4a-8703-416c-88d9-174c1d9d970b/attribute/displayed] to [GET http://127.0.0.1:10000/wd/hub/session/164a6e0b-846a-4b1b-b66d-d5859425eba2/element/eaf51e4a-8703-416c-88d9-174c1d9d970b/attribute/displayed] with no body
[debug] &amp#27;[35m[WD Proxy]&amp#27;[39m Got response with status 200: {"sessionId":"164a6e0b-846a-4b1b-b66d-d5859425eba2","value":"true"}
[debug] &amp#27;[35m[W3C (0b6daed6)]&amp#27;[39m Responding to client with driver.elementDisplayed() result: true
&amp#27;[35m[HTTP]&amp#27;[39m &amp#27;[37m<-- GET /wd/hub/session/0b6daed6-fe8e-4a2e-bd78-3971ab90c129/element/eaf51e4a-8703-416c-88d9-174c1d9d970b/displayed &amp#27;[39m&amp#27;[32m200&amp#27;[39m &amp#27;[90m24 ms - 14&amp#27;[39m
&amp#27;[35m[HTTP]&amp#27;[39m &amp#27;[90m&amp#27;[39m
&amp#27;[35m[HTTP]&amp#27;[39m &amp#27;[37m-->&amp#27;[39m &amp#27;[37mGET&amp#27;[39m &amp#27;[37m/wd/hub/session/0b6daed6-fe8e-4a2e-bd78-3971ab90c129/context&amp#27;[39m
&amp#27;[35m[HTTP]&amp#27;[39m &amp#27;[90m{}&amp#27;[39m
[debug] &amp#27;[35m[W3C (0b6daed6)]&amp#27;[39m Calling AppiumDriver.getCurrentContext() with args: ["0b6daed6-fe8e-4a2e-bd78-3971ab90c129"]
[debug] &amp#27;[35m[W3C (0b6daed6)]&amp#27;[39m Responding to client with driver.getCurrentContext() result: "NATIVE_APP"
&amp#27;[35m[HTTP]&amp#27;[39m &amp#27;[37m<-- GET /wd/hub/session/0b6daed6-fe8e-4a2e-bd78-3971ab90c129/context &amp#27;[39m&amp#27;[32m200&amp#27;[39m &amp#27;[90m2 ms - 22&amp#27;[39m
&amp#27;[35m[HTTP]&amp#27;[39m &amp#27;[90m&amp#27;[39m
&amp#27;[35m[HTTP]&amp#27;[39m &amp#27;[37m-->&amp#27;[39m &amp#27;[37mPOST&amp#27;[39m &amp#27;[37m/wd/hub/session/0b6daed6-fe8e-4a2e-bd78-3971ab90c129/element&amp#27;[39m
&amp#27;[35m[HTTP]&amp#27;[39m &amp#27;[90m{"using":"accessibility id","value":"test-Username"}&amp#27;[39m
[debug] &amp#27;[35m[W3C (0b6daed6)]&amp#27;[39m Calling AppiumDriver.findElement() with args: ["accessibility id","test-Username","0b6daed6-fe8e-4a2e-bd78-3971ab90c129"]
[debug] &amp#27;[35m[BaseDriver]&amp#27;[39m Valid locator strategies for this request: xpath, id, class name, accessibility id, css selector, -android uiautomator
[debug] &amp#27;[35m[BaseDriver]&amp#27;[39m Waiting up to 0 ms for condition
[debug] &amp#27;[35m[WD Proxy]&amp#27;[39m Matched '/element' to command name 'findElement'
[debug] &amp#27;[35m[WD Proxy]&amp#27;[39m Proxying [POST /element] to [POST http://127.0.0.1:10000/wd/hub/session/164a6e0b-846a-4b1b-b66d-d5859425eba2/element] with body: {"strategy":"accessibility id","selector":"test-Username","context":"","multiple":false}
[debug] &amp#27;[35m[WD Proxy]&amp#27;[39m Got response with status 200: {"sessionId":"164a6e0b-846a-4b1b-b66d-d5859425eba2","value":{"ELEMENT":"0cffdb7e-17d0-4a71-b1da-6d9d41baa310","element-6066-11e4-a52e-4f735466cecf":"0cffdb7e-17d0-4a71-b1da-6d9d41baa310"}}
[debug] &amp#27;[35m[W3C (0b6daed6)]&amp#27;[39m Responding to client with driver.findElement() result: {"element-6066-11e4-a52e-4f735466cecf":"0cffdb7e-17d0-4a71-b1da-6d9d41baa310","ELEMENT":"0cffdb7e-17d0-4a71-b1da-6d9d41baa310"}
&amp#27;[35m[HTTP]&amp#27;[39m &amp#27;[37m<-- POST /wd/hub/session/0b6daed6-fe8e-4a2e-bd78-3971ab90c129/element &amp#27;[39m&amp#27;[32m200&amp#27;[39m &amp#27;[90m40 ms - 137&amp#27;[39m
&amp#27;[35m[HTTP]&amp#27;[39m &amp#27;[90m&amp#27;[39m
&amp#27;[35m[HTTP]&amp#27;[39m &amp#27;[37m-->&amp#27;[39m &amp#27;[37mPOST&amp#27;[39m &amp#27;[37m/wd/hub/session/0b6daed6-fe8e-4a2e-bd78-3971ab90c129/element/0cffdb7e-17d0-4a71-b1da-6d9d41baa310/clear&amp#27;[39m
&amp#27;[35m[HTTP]&amp#27;[39m &amp#27;[90m{"id":"0cffdb7e-17d0-4a71-b1da-6d9d41baa310"}&amp#27;[39m
[debug] &amp#27;[35m[W3C (0b6daed6)]&amp#27;[39m Calling AppiumDriver.clear() with args: ["0cffdb7e-17d0-4a71-b1da-6d9d41baa310","0b6daed6-fe8e-4a2e-bd78-3971ab90c129"]
[debug] &amp#27;[35m[WD Proxy]&amp#27;[39m Matched '/element/0cffdb7e-17d0-4a71-b1da-6d9d41baa310/clear' to command name 'clear'
[debug] &amp#27;[35m[WD Proxy]&amp#27;[39m Proxying [POST /element/0cffdb7e-17d0-4a71-b1da-6d9d41baa310/clear] to [POST http://127.0.0.1:10000/wd/hub/session/164a6e0b-846a-4b1b-b66d-d5859425eba2/element/0cffdb7e-17d0-4a71-b1da-6d9d41baa310/clear] with body: {"elementId":"0cffdb7e-17d0-4a71-b1da-6d9d41baa310"}
[debug] &amp#27;[35m[WD Proxy]&amp#27;[39m Got response with status 200: {"sessionId":"164a6e0b-846a-4b1b-b66d-d5859425eba2","value":null}
[debug] &amp#27;[35m[W3C (0b6daed6)]&amp#27;[39m Responding to client with driver.clear() result: null
&amp#27;[35m[HTTP]&amp#27;[39m &amp#27;[37m<-- POST /wd/hub/session/0b6daed6-fe8e-4a2e-bd78-3971ab90c129/element/0cffdb7e-17d0-4a71-b1da-6d9d41baa310/clear &amp#27;[39m&amp#27;[32m200&amp#27;[39m &amp#27;[90m28 ms - 14&amp#27;[39m
&amp#27;[35m[HTTP]&amp#27;[39m &amp#27;[90m&amp#27;[39m
&amp#27;[35m[HTTP]&amp#27;[39m &amp#27;[37m-->&amp#27;[39m &amp#27;[37mGET&amp#27;[39m &amp#27;[37m/wd/hub/session/0b6daed6-fe8e-4a2e-bd78-3971ab90c129/context&amp#27;[39m
&amp#27;[35m[HTTP]&amp#27;[39m &amp#27;[90m{}&amp#27;[39m
[debug] &amp#27;[35m[W3C (0b6daed6)]&amp#27;[39m Calling AppiumDriver.getCurrentContext() with args: ["0b6daed6-fe8e-4a2e-bd78-3971ab90c129"]
[debug] &amp#27;[35m[W3C (0b6daed6)]&amp#27;[39m Responding to client with driver.getCurrentContext() result: "NATIVE_APP"
&amp#27;[35m[HTTP]&amp#27;[39m &amp#27;[37m<-- GET /wd/hub/session/0b6daed6-fe8e-4a2e-bd78-3971ab90c129/context &amp#27;[39m&amp#27;[32m200&amp#27;[39m &amp#27;[90m1 ms - 22&amp#27;[39m
&amp#27;[35m[HTTP]&amp#27;[39m &amp#27;[90m&amp#27;[39m
&amp#27;[35m[HTTP]&amp#27;[39m &amp#27;[37m-->&amp#27;[39m &amp#27;[37mPOST&amp#27;[39m &amp#27;[37m/wd/hub/session/0b6daed6-fe8e-4a2e-bd78-3971ab90c129/element&amp#27;[39m
&amp#27;[35m[HTTP]&amp#27;[39m &amp#27;[90m{"using":"accessibility id","value":"test-Username"}&amp#27;[39m
[debug] &amp#27;[35m[W3C (0b6daed6)]&amp#27;[39m Calling AppiumDriver.findElement() with args: ["accessibility id","test-Username","0b6daed6-fe8e-4a2e-bd78-3971ab90c129"]
[debug] &amp#27;[35m[BaseDriver]&amp#27;[39m Valid locator strategies for this request: xpath, id, class name, accessibility id, css selector, -android uiautomator
[debug] &amp#27;[35m[BaseDriver]&amp#27;[39m Waiting up to 0 ms for condition
[debug] &amp#27;[35m[WD Proxy]&amp#27;[39m Matched '/element' to command name 'findElement'
[debug] &amp#27;[35m[WD Proxy]&amp#27;[39m Proxying [POST /element] to [POST http://127.0.0.1:10000/wd/hub/session/164a6e0b-846a-4b1b-b66d-d5859425eba2/element] with body: {"strategy":"accessibility id","selector":"test-Username","context":"","multiple":false}
[debug] &amp#27;[35m[WD Proxy]&amp#27;[39m Got response with status 200: {"sessionId":"164a6e0b-846a-4b1b-b66d-d5859425eba2","value":{"ELEMENT":"5ddb183a-6764-41f6-9ed4-c958e9c409b2","element-6066-11e4-a52e-4f735466cecf":"5ddb183a-6764-41f6-9ed4-c958e9c409b2"}}
[debug] &amp#27;[35m[W3C (0b6daed6)]&amp#27;[39m Responding to client with driver.findElement() result: {"element-6066-11e4-a52e-4f735466cecf":"5ddb183a-6764-41f6-9ed4-c958e9c409b2","ELEMENT":"5ddb183a-6764-41f6-9ed4-c958e9c409b2"}
&amp#27;[35m[HTTP]&amp#27;[39m &amp#27;[37m<-- POST /wd/hub/session/0b6daed6-fe8e-4a2e-bd78-3971ab90c129/element &amp#27;[39m&amp#27;[32m200&amp#27;[39m &amp#27;[90m518 ms - 137&amp#27;[39m
&amp#27;[35m[HTTP]&amp#27;[39m &amp#27;[90m&amp#27;[39m
&amp#27;[35m[HTTP]&amp#27;[39m &amp#27;[37m-->&amp#27;[39m &amp#27;[37mGET&amp#27;[39m &amp#27;[37m/wd/hub/session/0b6daed6-fe8e-4a2e-bd78-3971ab90c129/element/5ddb183a-6764-41f6-9ed4-c958e9c409b2/displayed&amp#27;[39m
&amp#27;[35m[HTTP]&amp#27;[39m &amp#27;[90m{}&amp#27;[39m
[debug] &amp#27;[35m[W3C (0b6daed6)]&amp#27;[39m Calling AppiumDriver.elementDisplayed() with args: ["5ddb183a-6764-41f6-9ed4-c958e9c409b2","0b6daed6-fe8e-4a2e-bd78-3971ab90c129"]
[debug] &amp#27;[35m[WD Proxy]&amp#27;[39m Matched '/element/5ddb183a-6764-41f6-9ed4-c958e9c409b2/attribute/displayed' to command name 'getAttribute'
[debug] &amp#27;[35m[WD Proxy]&amp#27;[39m Proxying [GET /element/5ddb183a-6764-41f6-9ed4-c958e9c409b2/attribute/displayed] to [GET http://127.0.0.1:10000/wd/hub/session/164a6e0b-846a-4b1b-b66d-d5859425eba2/element/5ddb183a-6764-41f6-9ed4-c958e9c409b2/attribute/displayed] with no body
[debug] &amp#27;[35m[WD Proxy]&amp#27;[39m Got response with status 200: {"sessionId":"164a6e0b-846a-4b1b-b66d-d5859425eba2","value":"true"}
[debug] &amp#27;[35m[W3C (0b6daed6)]&amp#27;[39m Responding to client with driver.elementDisplayed() result: true
&amp#27;[35m[HTTP]&amp#27;[39m &amp#27;[37m<-- GET /wd/hub/session/0b6daed6-fe8e-4a2e-bd78-3971ab90c129/element/5ddb183a-6764-41f6-9ed4-c958e9c409b2/displayed &amp#27;[39m&amp#27;[32m200&amp#27;[39m &amp#27;[90m16 ms - 14&amp#27;[39m
&amp#27;[35m[HTTP]&amp#27;[39m &amp#27;[90m&amp#27;[39m
[INFO ] 2021-03-26 12:03:33.0835 com.qa.pages.BasePage:com.qa.pages.BasePage.sendKeys(BasePage.java:71) -login with dummy_user
&amp#27;[35m[HTTP]&amp#27;[39m &amp#27;[37m-->&amp#27;[39m &amp#27;[37mGET&amp#27;[39m &amp#27;[37m/wd/hub/session/0b6daed6-fe8e-4a2e-bd78-3971ab90c129/context&amp#27;[39m
&amp#27;[35m[HTTP]&amp#27;[39m &amp#27;[90m{}&amp#27;[39m
[debug] &amp#27;[35m[W3C (0b6daed6)]&amp#27;[39m Calling AppiumDriver.getCurrentContext() with args: ["0b6daed6-fe8e-4a2e-bd78-3971ab90c129"]
[debug] &amp#27;[35m[W3C (0b6daed6)]&amp#27;[39m Responding to client with driver.getCurrentContext() result: "NATIVE_APP"
&amp#27;[35m[HTTP]&amp#27;[39m &amp#27;[37m<-- GET /wd/hub/session/0b6daed6-fe8e-4a2e-bd78-3971ab90c129/context &amp#27;[39m&amp#27;[32m200&amp#27;[39m &amp#27;[90m2 ms - 22&amp#27;[39m
&amp#27;[35m[HTTP]&amp#27;[39m &amp#27;[90m&amp#27;[39m
&amp#27;[35m[HTTP]&amp#27;[39m &amp#27;[37m-->&amp#27;[39m &amp#27;[37mPOST&amp#27;[39m &amp#27;[37m/wd/hub/session/0b6daed6-fe8e-4a2e-bd78-3971ab90c129/element&amp#27;[39m
&amp#27;[35m[HTTP]&amp#27;[39m &amp#27;[90m{"using":"accessibility id","value":"test-Username"}&amp#27;[39m
[debug] &amp#27;[35m[W3C (0b6daed6)]&amp#27;[39m Calling AppiumDriver.findElement() with args: ["accessibility id","test-Username","0b6daed6-fe8e-4a2e-bd78-3971ab90c129"]
[debug] &amp#27;[35m[BaseDriver]&amp#27;[39m Valid locator strategies for this request: xpath, id, class name, accessibility id, css selector, -android uiautomator
[debug] &amp#27;[35m[BaseDriver]&amp#27;[39m Waiting up to 0 ms for condition
[debug] &amp#27;[35m[WD Proxy]&amp#27;[39m Matched '/element' to command name 'findElement'
[debug] &amp#27;[35m[WD Proxy]&amp#27;[39m Proxying [POST /element] to [POST http://127.0.0.1:10000/wd/hub/session/164a6e0b-846a-4b1b-b66d-d5859425eba2/element] with body: {"strategy":"accessibility id","selector":"test-Username","context":"","multiple":false}
[debug] &amp#27;[35m[WD Proxy]&amp#27;[39m Got response with status 200: {"sessionId":"164a6e0b-846a-4b1b-b66d-d5859425eba2","value":{"ELEMENT":"e867d049-6aed-46f6-a8b3-24064f2048f5","element-6066-11e4-a52e-4f735466cecf":"e867d049-6aed-46f6-a8b3-24064f2048f5"}}
[debug] &amp#27;[35m[W3C (0b6daed6)]&amp#27;[39m Responding to client with driver.findElement() result: {"element-6066-11e4-a52e-4f735466cecf":"e867d049-6aed-46f6-a8b3-24064f2048f5","ELEMENT":"e867d049-6aed-46f6-a8b3-24064f2048f5"}
&amp#27;[35m[HTTP]&amp#27;[39m &amp#27;[37m<-- POST /wd/hub/session/0b6daed6-fe8e-4a2e-bd78-3971ab90c129/element &amp#27;[39m&amp#27;[32m200&amp#27;[39m &amp#27;[90m33 ms - 137&amp#27;[39m
&amp#27;[35m[HTTP]&amp#27;[39m &amp#27;[90m&amp#27;[39m
&amp#27;[35m[HTTP]&amp#27;[39m &amp#27;[37m-->&amp#27;[39m &amp#27;[37mPOST&amp#27;[39m &amp#27;[37m/wd/hub/session/0b6daed6-fe8e-4a2e-bd78-3971ab90c129/element/e867d049-6aed-46f6-a8b3-24064f2048f5/value&amp#27;[39m
&amp#27;[35m[HTTP]&amp#27;[39m &amp#27;[90m{"id":"e867d049-6aed-46f6-a8b3-24064f2048f5","text":"dummy_user","value":["d","u","m","m","y","_","u","s","e","r"]}&amp#27;[39m
[debug] &amp#27;[35m[W3C (0b6daed6)]&amp#27;[39m Calling AppiumDriver.setValue() with args: [["d","u","m","m","y","_","u","s","e","r"],"e867d049-6aed-46f6-a8b3-24064f2048f5","0b6daed6-fe8e-4a2e-bd78-3971ab90c129"]
[debug] &amp#27;[35m[WD Proxy]&amp#27;[39m Matched '/element/e867d049-6aed-46f6-a8b3-24064f2048f5/value' to command name 'setValue'
[debug] &amp#27;[35m[Protocol Converter]&amp#27;[39m Added 'value' property ["d","u","m","m","y","_","u","s","e","r"] to 'setValue' request body
[debug] &amp#27;[35m[WD Proxy]&amp#27;[39m Proxying [POST /element/e867d049-6aed-46f6-a8b3-24064f2048f5/value] to [POST http://127.0.0.1:10000/wd/hub/session/164a6e0b-846a-4b1b-b66d-d5859425eba2/element/e867d049-6aed-46f6-a8b3-24064f2048f5/value] with body: {"elementId":"e867d049-6aed-46f6-a8b3-24064f2048f5","text":"dummy_user","replace":false,"value":["d","u","m","m","y","_","u","s","e","r"]}
[debug] &amp#27;[35m[WD Proxy]&amp#27;[39m Got response with status 200: {"sessionId":"164a6e0b-846a-4b1b-b66d-d5859425eba2","value":null}
[debug] &amp#27;[35m[W3C (0b6daed6)]&amp#27;[39m Responding to client with driver.setValue() result: null
&amp#27;[35m[HTTP]&amp#27;[39m &amp#27;[37m<-- POST /wd/hub/session/0b6daed6-fe8e-4a2e-bd78-3971ab90c129/element/e867d049-6aed-46f6-a8b3-24064f2048f5/value &amp#27;[39m&amp#27;[32m200&amp#27;[39m &amp#27;[90m532 ms - 14&amp#27;[39m
&amp#27;[35m[HTTP]&amp#27;[39m &amp#27;[90m&amp#27;[39m
  When I enter  username as "dummy_user"                                                              # com.qa.stepdef.LoginStepDef.iEnterUsernameAs(java.lang.String)
&amp#27;[35m[HTTP]&amp#27;[39m &amp#27;[37m-->&amp#27;[39m &amp#27;[37mGET&amp#27;[39m &amp#27;[37m/wd/hub/session/0b6daed6-fe8e-4a2e-bd78-3971ab90c129/context&amp#27;[39m
&amp#27;[35m[HTTP]&amp#27;[39m &amp#27;[90m{}&amp#27;[39m
[debug] &amp#27;[35m[W3C (0b6daed6)]&amp#27;[39m Calling AppiumDriver.getCurrentContext() with args: ["0b6daed6-fe8e-4a2e-bd78-3971ab90c129"]
[debug] &amp#27;[35m[W3C (0b6daed6)]&amp#27;[39m Responding to client with driver.getCurrentContext() result: "NATIVE_APP"
&amp#27;[35m[HTTP]&amp#27;[39m &amp#27;[37m<-- GET /wd/hub/session/0b6daed6-fe8e-4a2e-bd78-3971ab90c129/context &amp#27;[39m&amp#27;[32m200&amp#27;[39m &amp#27;[90m1 ms - 22&amp#27;[39m
&amp#27;[35m[HTTP]&amp#27;[39m &amp#27;[90m&amp#27;[39m
&amp#27;[35m[HTTP]&amp#27;[39m &amp#27;[37m-->&amp#27;[39m &amp#27;[37mPOST&amp#27;[39m &amp#27;[37m/wd/hub/session/0b6daed6-fe8e-4a2e-bd78-3971ab90c129/element&amp#27;[39m
&amp#27;[35m[HTTP]&amp#27;[39m &amp#27;[90m{"using":"accessibility id","value":"test-Password"}&amp#27;[39m
[debug] &amp#27;[35m[W3C (0b6daed6)]&amp#27;[39m Calling AppiumDriver.findElement() with args: ["accessibility id","test-Password","0b6daed6-fe8e-4a2e-bd78-3971ab90c129"]
[debug] &amp#27;[35m[BaseDriver]&amp#27;[39m Valid locator strategies for this request: xpath, id, class name, accessibility id, css selector, -android uiautomator
[debug] &amp#27;[35m[BaseDriver]&amp#27;[39m Waiting up to 0 ms for condition
[debug] &amp#27;[35m[WD Proxy]&amp#27;[39m Matched '/element' to command name 'findElement'
[debug] &amp#27;[35m[WD Proxy]&amp#27;[39m Proxying [POST /element] to [POST http://127.0.0.1:10000/wd/hub/session/164a6e0b-846a-4b1b-b66d-d5859425eba2/element] with body: {"strategy":"accessibility id","selector":"test-Password","context":"","multiple":false}
[debug] &amp#27;[35m[WD Proxy]&amp#27;[39m Got response with status 200: {"sessionId":"164a6e0b-846a-4b1b-b66d-d5859425eba2","value":{"ELEMENT":"dcba8378-11af-4b1d-bd37-8ab436357f75","element-6066-11e4-a52e-4f735466cecf":"dcba8378-11af-4b1d-bd37-8ab436357f75"}}
[debug] &amp#27;[35m[W3C (0b6daed6)]&amp#27;[39m Responding to client with driver.findElement() result: {"element-6066-11e4-a52e-4f735466cecf":"dcba8378-11af-4b1d-bd37-8ab436357f75","ELEMENT":"dcba8378-11af-4b1d-bd37-8ab436357f75"}
&amp#27;[35m[HTTP]&amp#27;[39m &amp#27;[37m<-- POST /wd/hub/session/0b6daed6-fe8e-4a2e-bd78-3971ab90c129/element &amp#27;[39m&amp#27;[32m200&amp#27;[39m &amp#27;[90m507 ms - 137&amp#27;[39m
&amp#27;[35m[HTTP]&amp#27;[39m &amp#27;[90m&amp#27;[39m
&amp#27;[35m[HTTP]&amp#27;[39m &amp#27;[37m-->&amp#27;[39m &amp#27;[37mGET&amp#27;[39m &amp#27;[37m/wd/hub/session/0b6daed6-fe8e-4a2e-bd78-3971ab90c129/element/dcba8378-11af-4b1d-bd37-8ab436357f75/displayed&amp#27;[39m
&amp#27;[35m[HTTP]&amp#27;[39m &amp#27;[90m{}&amp#27;[39m
[debug] &amp#27;[35m[W3C (0b6daed6)]&amp#27;[39m Calling AppiumDriver.elementDisplayed() with args: ["dcba8378-11af-4b1d-bd37-8ab436357f75","0b6daed6-fe8e-4a2e-bd78-3971ab90c129"]
[debug] &amp#27;[35m[WD Proxy]&amp#27;[39m Matched '/element/dcba8378-11af-4b1d-bd37-8ab436357f75/attribute/displayed' to command name 'getAttribute'
[debug] &amp#27;[35m[WD Proxy]&amp#27;[39m Proxying [GET /element/dcba8378-11af-4b1d-bd37-8ab436357f75/attribute/displayed] to [GET http://127.0.0.1:10000/wd/hub/session/164a6e0b-846a-4b1b-b66d-d5859425eba2/element/dcba8378-11af-4b1d-bd37-8ab436357f75/attribute/displayed] with no body
[debug] &amp#27;[35m[WD Proxy]&amp#27;[39m Got response with status 200: {"sessionId":"164a6e0b-846a-4b1b-b66d-d5859425eba2","value":"true"}
[debug] &amp#27;[35m[W3C (0b6daed6)]&amp#27;[39m Responding to client with driver.elementDisplayed() result: true
&amp#27;[35m[HTTP]&amp#27;[39m &amp#27;[37m<-- GET /wd/hub/session/0b6daed6-fe8e-4a2e-bd78-3971ab90c129/element/dcba8378-11af-4b1d-bd37-8ab436357f75/displayed &amp#27;[39m&amp#27;[32m200&amp#27;[39m &amp#27;[90m13 ms - 14&amp#27;[39m
&amp#27;[35m[HTTP]&amp#27;[39m &amp#27;[90m&amp#27;[39m
&amp#27;[35m[HTTP]&amp#27;[39m &amp#27;[37m-->&amp#27;[39m &amp#27;[37mGET&amp#27;[39m &amp#27;[37m/wd/hub/session/0b6daed6-fe8e-4a2e-bd78-3971ab90c129/context&amp#27;[39m
&amp#27;[35m[HTTP]&amp#27;[39m &amp#27;[90m{}&amp#27;[39m
[debug] &amp#27;[35m[W3C (0b6daed6)]&amp#27;[39m Calling AppiumDriver.getCurrentContext() with args: ["0b6daed6-fe8e-4a2e-bd78-3971ab90c129"]
[debug] &amp#27;[35m[W3C (0b6daed6)]&amp#27;[39m Responding to client with driver.getCurrentContext() result: "NATIVE_APP"
&amp#27;[35m[HTTP]&amp#27;[39m &amp#27;[37m<-- GET /wd/hub/session/0b6daed6-fe8e-4a2e-bd78-3971ab90c129/context &amp#27;[39m&amp#27;[32m200&amp#27;[39m &amp#27;[90m1 ms - 22&amp#27;[39m
&amp#27;[35m[HTTP]&amp#27;[39m &amp#27;[90m&amp#27;[39m
&amp#27;[35m[HTTP]&amp#27;[39m &amp#27;[37m-->&amp#27;[39m &amp#27;[37mPOST&amp#27;[39m &amp#27;[37m/wd/hub/session/0b6daed6-fe8e-4a2e-bd78-3971ab90c129/element&amp#27;[39m
&amp#27;[35m[HTTP]&amp#27;[39m &amp#27;[90m{"using":"accessibility id","value":"test-Password"}&amp#27;[39m
[debug] &amp#27;[35m[W3C (0b6daed6)]&amp#27;[39m Calling AppiumDriver.findElement() with args: ["accessibility id","test-Password","0b6daed6-fe8e-4a2e-bd78-3971ab90c129"]
[debug] &amp#27;[35m[BaseDriver]&amp#27;[39m Valid locator strategies for this request: xpath, id, class name, accessibility id, css selector, -android uiautomator
[debug] &amp#27;[35m[BaseDriver]&amp#27;[39m Waiting up to 0 ms for condition
[debug] &amp#27;[35m[WD Proxy]&amp#27;[39m Matched '/element' to command name 'findElement'
[debug] &amp#27;[35m[WD Proxy]&amp#27;[39m Proxying [POST /element] to [POST http://127.0.0.1:10000/wd/hub/session/164a6e0b-846a-4b1b-b66d-d5859425eba2/element] with body: {"strategy":"accessibility id","selector":"test-Password","context":"","multiple":false}
[debug] &amp#27;[35m[WD Proxy]&amp#27;[39m Got response with status 200: {"sessionId":"164a6e0b-846a-4b1b-b66d-d5859425eba2","value":{"ELEMENT":"76f1564f-d628-455c-a15f-189def19ad7b","element-6066-11e4-a52e-4f735466cecf":"76f1564f-d628-455c-a15f-189def19ad7b"}}
[debug] &amp#27;[35m[W3C (0b6daed6)]&amp#27;[39m Responding to client with driver.findElement() result: {"element-6066-11e4-a52e-4f735466cecf":"76f1564f-d628-455c-a15f-189def19ad7b","ELEMENT":"76f1564f-d628-455c-a15f-189def19ad7b"}
&amp#27;[35m[HTTP]&amp#27;[39m &amp#27;[37m<-- POST /wd/hub/session/0b6daed6-fe8e-4a2e-bd78-3971ab90c129/element &amp#27;[39m&amp#27;[32m200&amp#27;[39m &amp#27;[90m29 ms - 137&amp#27;[39m
&amp#27;[35m[HTTP]&amp#27;[39m &amp#27;[90m&amp#27;[39m
&amp#27;[35m[HTTP]&amp#27;[39m &amp#27;[37m-->&amp#27;[39m &amp#27;[37mPOST&amp#27;[39m &amp#27;[37m/wd/hub/session/0b6daed6-fe8e-4a2e-bd78-3971ab90c129/element/76f1564f-d628-455c-a15f-189def19ad7b/clear&amp#27;[39m
&amp#27;[35m[HTTP]&amp#27;[39m &amp#27;[90m{"id":"76f1564f-d628-455c-a15f-189def19ad7b"}&amp#27;[39m
[debug] &amp#27;[35m[W3C (0b6daed6)]&amp#27;[39m Calling AppiumDriver.clear() with args: ["76f1564f-d628-455c-a15f-189def19ad7b","0b6daed6-fe8e-4a2e-bd78-3971ab90c129"]
[debug] &amp#27;[35m[WD Proxy]&amp#27;[39m Matched '/element/76f1564f-d628-455c-a15f-189def19ad7b/clear' to command name 'clear'
[debug] &amp#27;[35m[WD Proxy]&amp#27;[39m Proxying [POST /element/76f1564f-d628-455c-a15f-189def19ad7b/clear] to [POST http://127.0.0.1:10000/wd/hub/session/164a6e0b-846a-4b1b-b66d-d5859425eba2/element/76f1564f-d628-455c-a15f-189def19ad7b/clear] with body: {"elementId":"76f1564f-d628-455c-a15f-189def19ad7b"}
[debug] &amp#27;[35m[WD Proxy]&amp#27;[39m Got response with status 200: {"sessionId":"164a6e0b-846a-4b1b-b66d-d5859425eba2","value":null}
[debug] &amp#27;[35m[W3C (0b6daed6)]&amp#27;[39m Responding to client with driver.clear() result: null
&amp#27;[35m[HTTP]&amp#27;[39m &amp#27;[37m<-- POST /wd/hub/session/0b6daed6-fe8e-4a2e-bd78-3971ab90c129/element/76f1564f-d628-455c-a15f-189def19ad7b/clear &amp#27;[39m&amp#27;[32m200&amp#27;[39m &amp#27;[90m22 ms - 14&amp#27;[39m
&amp#27;[35m[HTTP]&amp#27;[39m &amp#27;[90m&amp#27;[39m
&amp#27;[35m[HTTP]&amp#27;[39m &amp#27;[37m-->&amp#27;[39m &amp#27;[37mGET&amp#27;[39m &amp#27;[37m/wd/hub/session/0b6daed6-fe8e-4a2e-bd78-3971ab90c129/context&amp#27;[39m
&amp#27;[35m[HTTP]&amp#27;[39m &amp#27;[90m{}&amp#27;[39m
[debug] &amp#27;[35m[W3C (0b6daed6)]&amp#27;[39m Calling AppiumDriver.getCurrentContext() with args: ["0b6daed6-fe8e-4a2e-bd78-3971ab90c129"]
[debug] &amp#27;[35m[W3C (0b6daed6)]&amp#27;[39m Responding to client with driver.getCurrentContext() result: "NATIVE_APP"
&amp#27;[35m[HTTP]&amp#27;[39m &amp#27;[37m<-- GET /wd/hub/session/0b6daed6-fe8e-4a2e-bd78-3971ab90c129/context &amp#27;[39m&amp#27;[32m200&amp#27;[39m &amp#27;[90m1 ms - 22&amp#27;[39m
&amp#27;[35m[HTTP]&amp#27;[39m &amp#27;[90m&amp#27;[39m
&amp#27;[35m[HTTP]&amp#27;[39m &amp#27;[37m-->&amp#27;[39m &amp#27;[37mPOST&amp#27;[39m &amp#27;[37m/wd/hub/session/0b6daed6-fe8e-4a2e-bd78-3971ab90c129/element&amp#27;[39m
&amp#27;[35m[HTTP]&amp#27;[39m &amp#27;[90m{"using":"accessibility id","value":"test-Password"}&amp#27;[39m
[debug] &amp#27;[35m[W3C (0b6daed6)]&amp#27;[39m Calling AppiumDriver.findElement() with args: ["accessibility id","test-Password","0b6daed6-fe8e-4a2e-bd78-3971ab90c129"]
[debug] &amp#27;[35m[BaseDriver]&amp#27;[39m Valid locator strategies for this request: xpath, id, class name, accessibility id, css selector, -android uiautomator
[debug] &amp#27;[35m[BaseDriver]&amp#27;[39m Waiting up to 0 ms for condition
[debug] &amp#27;[35m[WD Proxy]&amp#27;[39m Matched '/element' to command name 'findElement'
[debug] &amp#27;[35m[WD Proxy]&amp#27;[39m Proxying [POST /element] to [POST http://127.0.0.1:10000/wd/hub/session/164a6e0b-846a-4b1b-b66d-d5859425eba2/element] with body: {"strategy":"accessibility id","selector":"test-Password","context":"","multiple":false}
[debug] &amp#27;[35m[WD Proxy]&amp#27;[39m Got response with status 200: {"sessionId":"164a6e0b-846a-4b1b-b66d-d5859425eba2","value":{"ELEMENT":"1cd1020e-7ce8-49c5-af9b-4515a4440923","element-6066-11e4-a52e-4f735466cecf":"1cd1020e-7ce8-49c5-af9b-4515a4440923"}}
[debug] &amp#27;[35m[W3C (0b6daed6)]&amp#27;[39m Responding to client with driver.findElement() result: {"element-6066-11e4-a52e-4f735466cecf":"1cd1020e-7ce8-49c5-af9b-4515a4440923","ELEMENT":"1cd1020e-7ce8-49c5-af9b-4515a4440923"}
&amp#27;[35m[HTTP]&amp#27;[39m &amp#27;[37m<-- POST /wd/hub/session/0b6daed6-fe8e-4a2e-bd78-3971ab90c129/element &amp#27;[39m&amp#27;[32m200&amp#27;[39m &amp#27;[90m500 ms - 137&amp#27;[39m
&amp#27;[35m[HTTP]&amp#27;[39m &amp#27;[90m&amp#27;[39m
&amp#27;[35m[HTTP]&amp#27;[39m &amp#27;[37m-->&amp#27;[39m &amp#27;[37mGET&amp#27;[39m &amp#27;[37m/wd/hub/session/0b6daed6-fe8e-4a2e-bd78-3971ab90c129/element/1cd1020e-7ce8-49c5-af9b-4515a4440923/displayed&amp#27;[39m
&amp#27;[35m[HTTP]&amp#27;[39m &amp#27;[90m{}&amp#27;[39m
[debug] &amp#27;[35m[W3C (0b6daed6)]&amp#27;[39m Calling AppiumDriver.elementDisplayed() with args: ["1cd1020e-7ce8-49c5-af9b-4515a4440923","0b6daed6-fe8e-4a2e-bd78-3971ab90c129"]
[debug] &amp#27;[35m[WD Proxy]&amp#27;[39m Matched '/element/1cd1020e-7ce8-49c5-af9b-4515a4440923/attribute/displayed' to command name 'getAttribute'
[debug] &amp#27;[35m[WD Proxy]&amp#27;[39m Proxying [GET /element/1cd1020e-7ce8-49c5-af9b-4515a4440923/attribute/displayed] to [GET http://127.0.0.1:10000/wd/hub/session/164a6e0b-846a-4b1b-b66d-d5859425eba2/element/1cd1020e-7ce8-49c5-af9b-4515a4440923/attribute/displayed] with no body
[debug] &amp#27;[35m[WD Proxy]&amp#27;[39m Got response with status 200: {"sessionId":"164a6e0b-846a-4b1b-b66d-d5859425eba2","value":"true"}
[debug] &amp#27;[35m[W3C (0b6daed6)]&amp#27;[39m Responding to client with driver.elementDisplayed() result: true
&amp#27;[35m[HTTP]&amp#27;[39m &amp#27;[37m<-- GET /wd/hub/session/0b6daed6-fe8e-4a2e-bd78-3971ab90c129/element/1cd1020e-7ce8-49c5-af9b-4515a4440923/displayed &amp#27;[39m&amp#27;[32m200&amp#27;[39m &amp#27;[90m11 ms - 14&amp#27;[39m
&amp#27;[35m[HTTP]&amp#27;[39m &amp#27;[90m&amp#27;[39m
[INFO ] 2021-03-26 12:03:35.0548 com.qa.pages.BasePage:com.qa.pages.BasePage.sendKeys(BasePage.java:71) -password is secret_sauce
&amp#27;[35m[HTTP]&amp#27;[39m &amp#27;[37m-->&amp#27;[39m &amp#27;[37mGET&amp#27;[39m &amp#27;[37m/wd/hub/session/0b6daed6-fe8e-4a2e-bd78-3971ab90c129/context&amp#27;[39m
&amp#27;[35m[HTTP]&amp#27;[39m &amp#27;[90m{}&amp#27;[39m
[debug] &amp#27;[35m[W3C (0b6daed6)]&amp#27;[39m Calling AppiumDriver.getCurrentContext() with args: ["0b6daed6-fe8e-4a2e-bd78-3971ab90c129"]
[debug] &amp#27;[35m[W3C (0b6daed6)]&amp#27;[39m Responding to client with driver.getCurrentContext() result: "NATIVE_APP"
&amp#27;[35m[HTTP]&amp#27;[39m &amp#27;[37m<-- GET /wd/hub/session/0b6daed6-fe8e-4a2e-bd78-3971ab90c129/context &amp#27;[39m&amp#27;[32m200&amp#27;[39m &amp#27;[90m1 ms - 22&amp#27;[39m
&amp#27;[35m[HTTP]&amp#27;[39m &amp#27;[90m&amp#27;[39m
&amp#27;[35m[HTTP]&amp#27;[39m &amp#27;[37m-->&amp#27;[39m &amp#27;[37mPOST&amp#27;[39m &amp#27;[37m/wd/hub/session/0b6daed6-fe8e-4a2e-bd78-3971ab90c129/element&amp#27;[39m
&amp#27;[35m[HTTP]&amp#27;[39m &amp#27;[90m{"using":"accessibility id","value":"test-Password"}&amp#27;[39m
[debug] &amp#27;[35m[W3C (0b6daed6)]&amp#27;[39m Calling AppiumDriver.findElement() with args: ["accessibility id","test-Password","0b6daed6-fe8e-4a2e-bd78-3971ab90c129"]
[debug] &amp#27;[35m[BaseDriver]&amp#27;[39m Valid locator strategies for this request: xpath, id, class name, accessibility id, css selector, -android uiautomator
[debug] &amp#27;[35m[BaseDriver]&amp#27;[39m Waiting up to 0 ms for condition
[debug] &amp#27;[35m[WD Proxy]&amp#27;[39m Matched '/element' to command name 'findElement'
[debug] &amp#27;[35m[WD Proxy]&amp#27;[39m Proxying [POST /element] to [POST http://127.0.0.1:10000/wd/hub/session/164a6e0b-846a-4b1b-b66d-d5859425eba2/element] with body: {"strategy":"accessibility id","selector":"test-Password","context":"","multiple":false}
[debug] &amp#27;[35m[WD Proxy]&amp#27;[39m Got response with status 200: {"sessionId":"164a6e0b-846a-4b1b-b66d-d5859425eba2","value":{"ELEMENT":"9fa73518-8635-4857-ad5c-d98ef7dde36c","element-6066-11e4-a52e-4f735466cecf":"9fa73518-8635-4857-ad5c-d98ef7dde36c"}}
[debug] &amp#27;[35m[W3C (0b6daed6)]&amp#27;[39m Responding to client with driver.findElement() result: {"element-6066-11e4-a52e-4f735466cecf":"9fa73518-8635-4857-ad5c-d98ef7dde36c","ELEMENT":"9fa73518-8635-4857-ad5c-d98ef7dde36c"}
&amp#27;[35m[HTTP]&amp#27;[39m &amp#27;[37m<-- POST /wd/hub/session/0b6daed6-fe8e-4a2e-bd78-3971ab90c129/element &amp#27;[39m&amp#27;[32m200&amp#27;[39m &amp#27;[90m26 ms - 137&amp#27;[39m
&amp#27;[35m[HTTP]&amp#27;[39m &amp#27;[90m&amp#27;[39m
&amp#27;[35m[HTTP]&amp#27;[39m &amp#27;[37m-->&amp#27;[39m &amp#27;[37mPOST&amp#27;[39m &amp#27;[37m/wd/hub/session/0b6daed6-fe8e-4a2e-bd78-3971ab90c129/element/9fa73518-8635-4857-ad5c-d98ef7dde36c/value&amp#27;[39m
&amp#27;[35m[HTTP]&amp#27;[39m &amp#27;[90m{"id":"9fa73518-8635-4857-ad5c-d98ef7dde36c","text":"secret_sauce","value":["s","e","c","r","e","t","_","s","a","u","c","e"]}&amp#27;[39m
[debug] &amp#27;[35m[W3C (0b6daed6)]&amp#27;[39m Calling AppiumDriver.setValue() with args: [["s","e","c","r","e","t","_","s","a","u","c","e"],"9fa73518-8635-4857-ad5c-d98ef7dde36c","0b6daed6-fe8e-4a2e-bd78-3971ab90c129"]
[debug] &amp#27;[35m[WD Proxy]&amp#27;[39m Matched '/element/9fa73518-8635-4857-ad5c-d98ef7dde36c/value' to command name 'setValue'
[debug] &amp#27;[35m[Protocol Converter]&amp#27;[39m Added 'value' property ["s","e","c","r","e","t","_","s","a","u","c","e"] to 'setValue' request body
[debug] &amp#27;[35m[WD Proxy]&amp#27;[39m Proxying [POST /element/9fa73518-8635-4857-ad5c-d98ef7dde36c/value] to [POST http://127.0.0.1:10000/wd/hub/session/164a6e0b-846a-4b1b-b66d-d5859425eba2/element/9fa73518-8635-4857-ad5c-d98ef7dde36c/value] with body: {"elementId":"9fa73518-8635-4857-ad5c-d98ef7dde36c","text":"secret_sauce","replace":false,"value":["s","e","c","r","e","t","_","s","a","u","c","e"]}
[debug] &amp#27;[35m[WD Proxy]&amp#27;[39m Got response with status 200: {"sessionId":"164a6e0b-846a-4b1b-b66d-d5859425eba2","value":null}
[debug] &amp#27;[35m[W3C (0b6daed6)]&amp#27;[39m Responding to client with driver.setValue() result: null
&amp#27;[35m[HTTP]&amp#27;[39m &amp#27;[37m<-- POST /wd/hub/session/0b6daed6-fe8e-4a2e-bd78-3971ab90c129/element/9fa73518-8635-4857-ad5c-d98ef7dde36c/value &amp#27;[39m&amp#27;[32m200&amp#27;[39m &amp#27;[90m538 ms - 14&amp#27;[39m
&amp#27;[35m[HTTP]&amp#27;[39m &amp#27;[90m&amp#27;[39m
  And I enter password as "secret_sauce"                                                              # com.qa.stepdef.LoginStepDef.iEnterPasswordAs(java.lang.String)
&amp#27;[35m[HTTP]&amp#27;[39m &amp#27;[37m-->&amp#27;[39m &amp#27;[37mGET&amp#27;[39m &amp#27;[37m/wd/hub/session/0b6daed6-fe8e-4a2e-bd78-3971ab90c129/context&amp#27;[39m
&amp#27;[35m[HTTP]&amp#27;[39m &amp#27;[90m{}&amp#27;[39m
[debug] &amp#27;[35m[W3C (0b6daed6)]&amp#27;[39m Calling AppiumDriver.getCurrentContext() with args: ["0b6daed6-fe8e-4a2e-bd78-3971ab90c129"]
[debug] &amp#27;[35m[W3C (0b6daed6)]&amp#27;[39m Responding to client with driver.getCurrentContext() result: "NATIVE_APP"
&amp#27;[35m[HTTP]&amp#27;[39m &amp#27;[37m<-- GET /wd/hub/session/0b6daed6-fe8e-4a2e-bd78-3971ab90c129/context &amp#27;[39m&amp#27;[32m200&amp#27;[39m &amp#27;[90m3 ms - 22&amp#27;[39m
&amp#27;[35m[HTTP]&amp#27;[39m &amp#27;[90m&amp#27;[39m
&amp#27;[35m[HTTP]&amp#27;[39m &amp#27;[37m-->&amp#27;[39m &amp#27;[37mPOST&amp#27;[39m &amp#27;[37m/wd/hub/session/0b6daed6-fe8e-4a2e-bd78-3971ab90c129/element&amp#27;[39m
&amp#27;[35m[HTTP]&amp#27;[39m &amp#27;[90m{"using":"accessibility id","value":"test-LOGIN"}&amp#27;[39m
[debug] &amp#27;[35m[W3C (0b6daed6)]&amp#27;[39m Calling AppiumDriver.findElement() with args: ["accessibility id","test-LOGIN","0b6daed6-fe8e-4a2e-bd78-3971ab90c129"]
[debug] &amp#27;[35m[BaseDriver]&amp#27;[39m Valid locator strategies for this request: xpath, id, class name, accessibility id, css selector, -android uiautomator
[debug] &amp#27;[35m[BaseDriver]&amp#27;[39m Waiting up to 0 ms for condition
[debug] &amp#27;[35m[WD Proxy]&amp#27;[39m Matched '/element' to command name 'findElement'
[debug] &amp#27;[35m[WD Proxy]&amp#27;[39m Proxying [POST /element] to [POST http://127.0.0.1:10000/wd/hub/session/164a6e0b-846a-4b1b-b66d-d5859425eba2/element] with body: {"strategy":"accessibility id","selector":"test-LOGIN","context":"","multiple":false}
[debug] &amp#27;[35m[WD Proxy]&amp#27;[39m Got response with status 200: {"sessionId":"164a6e0b-846a-4b1b-b66d-d5859425eba2","value":{"ELEMENT":"b3e1ad0c-a20a-49f7-82f4-cf9bbbc48d95","element-6066-11e4-a52e-4f735466cecf":"b3e1ad0c-a20a-49f7-82f4-cf9bbbc48d95"}}
[debug] &amp#27;[35m[W3C (0b6daed6)]&amp#27;[39m Responding to client with driver.findElement() result: {"element-6066-11e4-a52e-4f735466cecf":"b3e1ad0c-a20a-49f7-82f4-cf9bbbc48d95","ELEMENT":"b3e1ad0c-a20a-49f7-82f4-cf9bbbc48d95"}
&amp#27;[35m[HTTP]&amp#27;[39m &amp#27;[37m<-- POST /wd/hub/session/0b6daed6-fe8e-4a2e-bd78-3971ab90c129/element &amp#27;[39m&amp#27;[32m200&amp#27;[39m &amp#27;[90m505 ms - 137&amp#27;[39m
&amp#27;[35m[HTTP]&amp#27;[39m &amp#27;[90m&amp#27;[39m
&amp#27;[35m[HTTP]&amp#27;[39m &amp#27;[37m-->&amp#27;[39m &amp#27;[37mGET&amp#27;[39m &amp#27;[37m/wd/hub/session/0b6daed6-fe8e-4a2e-bd78-3971ab90c129/element/b3e1ad0c-a20a-49f7-82f4-cf9bbbc48d95/displayed&amp#27;[39m
&amp#27;[35m[HTTP]&amp#27;[39m &amp#27;[90m{}&amp#27;[39m
[debug] &amp#27;[35m[W3C (0b6daed6)]&amp#27;[39m Calling AppiumDriver.elementDisplayed() with args: ["b3e1ad0c-a20a-49f7-82f4-cf9bbbc48d95","0b6daed6-fe8e-4a2e-bd78-3971ab90c129"]
[debug] &amp#27;[35m[WD Proxy]&amp#27;[39m Matched '/element/b3e1ad0c-a20a-49f7-82f4-cf9bbbc48d95/attribute/displayed' to command name 'getAttribute'
[debug] &amp#27;[35m[WD Proxy]&amp#27;[39m Proxying [GET /element/b3e1ad0c-a20a-49f7-82f4-cf9bbbc48d95/attribute/displayed] to [GET http://127.0.0.1:10000/wd/hub/session/164a6e0b-846a-4b1b-b66d-d5859425eba2/element/b3e1ad0c-a20a-49f7-82f4-cf9bbbc48d95/attribute/displayed] with no body
[debug] &amp#27;[35m[WD Proxy]&amp#27;[39m Got response with status 200: {"sessionId":"164a6e0b-846a-4b1b-b66d-d5859425eba2","value":"true"}
[debug] &amp#27;[35m[W3C (0b6daed6)]&amp#27;[39m Responding to client with driver.elementDisplayed() result: true
&amp#27;[35m[HTTP]&amp#27;[39m &amp#27;[37m<-- GET /wd/hub/session/0b6daed6-fe8e-4a2e-bd78-3971ab90c129/element/b3e1ad0c-a20a-49f7-82f4-cf9bbbc48d95/displayed &amp#27;[39m&amp#27;[32m200&amp#27;[39m &amp#27;[90m19 ms - 14&amp#27;[39m
&amp#27;[35m[HTTP]&amp#27;[39m &amp#27;[90m&amp#27;[39m
[INFO ] 2021-03-26 12:03:36.0668 com.qa.pages.BasePage:com.qa.pages.BasePage.click(BasePage.java:54) -press login button
&amp#27;[35m[HTTP]&amp#27;[39m &amp#27;[37m-->&amp#27;[39m &amp#27;[37mGET&amp#27;[39m &amp#27;[37m/wd/hub/session/0b6daed6-fe8e-4a2e-bd78-3971ab90c129/context&amp#27;[39m
&amp#27;[35m[HTTP]&amp#27;[39m &amp#27;[90m{}&amp#27;[39m
[debug] &amp#27;[35m[W3C (0b6daed6)]&amp#27;[39m Calling AppiumDriver.getCurrentContext() with args: ["0b6daed6-fe8e-4a2e-bd78-3971ab90c129"]
[debug] &amp#27;[35m[W3C (0b6daed6)]&amp#27;[39m Responding to client with driver.getCurrentContext() result: "NATIVE_APP"
&amp#27;[35m[HTTP]&amp#27;[39m &amp#27;[37m<-- GET /wd/hub/session/0b6daed6-fe8e-4a2e-bd78-3971ab90c129/context &amp#27;[39m&amp#27;[32m200&amp#27;[39m &amp#27;[90m2 ms - 22&amp#27;[39m
&amp#27;[35m[HTTP]&amp#27;[39m &amp#27;[90m&amp#27;[39m
&amp#27;[35m[HTTP]&amp#27;[39m &amp#27;[37m-->&amp#27;[39m &amp#27;[37mPOST&amp#27;[39m &amp#27;[37m/wd/hub/session/0b6daed6-fe8e-4a2e-bd78-3971ab90c129/element&amp#27;[39m
&amp#27;[35m[HTTP]&amp#27;[39m &amp#27;[90m{"using":"accessibility id","value":"test-LOGIN"}&amp#27;[39m
[debug] &amp#27;[35m[W3C (0b6daed6)]&amp#27;[39m Calling AppiumDriver.findElement() with args: ["accessibility id","test-LOGIN","0b6daed6-fe8e-4a2e-bd78-3971ab90c129"]
[debug] &amp#27;[35m[BaseDriver]&amp#27;[39m Valid locator strategies for this request: xpath, id, class name, accessibility id, css selector, -android uiautomator
[debug] &amp#27;[35m[BaseDriver]&amp#27;[39m Waiting up to 0 ms for condition
[debug] &amp#27;[35m[WD Proxy]&amp#27;[39m Matched '/element' to command name 'findElement'
[debug] &amp#27;[35m[WD Proxy]&amp#27;[39m Proxying [POST /element] to [POST http://127.0.0.1:10000/wd/hub/session/164a6e0b-846a-4b1b-b66d-d5859425eba2/element] with body: {"strategy":"accessibility id","selector":"test-LOGIN","context":"","multiple":false}
[debug] &amp#27;[35m[WD Proxy]&amp#27;[39m Got response with status 200: {"sessionId":"164a6e0b-846a-4b1b-b66d-d5859425eba2","value":{"ELEMENT":"9a0691ee-0a7c-41f4-b038-24071d289b52","element-6066-11e4-a52e-4f735466cecf":"9a0691ee-0a7c-41f4-b038-24071d289b52"}}
[debug] &amp#27;[35m[W3C (0b6daed6)]&amp#27;[39m Responding to client with driver.findElement() result: {"element-6066-11e4-a52e-4f735466cecf":"9a0691ee-0a7c-41f4-b038-24071d289b52","ELEMENT":"9a0691ee-0a7c-41f4-b038-24071d289b52"}
&amp#27;[35m[HTTP]&amp#27;[39m &amp#27;[37m<-- POST /wd/hub/session/0b6daed6-fe8e-4a2e-bd78-3971ab90c129/element &amp#27;[39m&amp#27;[32m200&amp#27;[39m &amp#27;[90m34 ms - 137&amp#27;[39m
&amp#27;[35m[HTTP]&amp#27;[39m &amp#27;[90m&amp#27;[39m
&amp#27;[35m[HTTP]&amp#27;[39m &amp#27;[37m-->&amp#27;[39m &amp#27;[37mPOST&amp#27;[39m &amp#27;[37m/wd/hub/session/0b6daed6-fe8e-4a2e-bd78-3971ab90c129/element/9a0691ee-0a7c-41f4-b038-24071d289b52/click&amp#27;[39m
&amp#27;[35m[HTTP]&amp#27;[39m &amp#27;[90m{"id":"9a0691ee-0a7c-41f4-b038-24071d289b52"}&amp#27;[39m
[debug] &amp#27;[35m[W3C (0b6daed6)]&amp#27;[39m Calling AppiumDriver.click() with args: ["9a0691ee-0a7c-41f4-b038-24071d289b52","0b6daed6-fe8e-4a2e-bd78-3971ab90c129"]
[debug] &amp#27;[35m[WD Proxy]&amp#27;[39m Matched '/element/9a0691ee-0a7c-41f4-b038-24071d289b52/click' to command name 'click'
[debug] &amp#27;[35m[WD Proxy]&amp#27;[39m Proxying [POST /element/9a0691ee-0a7c-41f4-b038-24071d289b52/click] to [POST http://127.0.0.1:10000/wd/hub/session/164a6e0b-846a-4b1b-b66d-d5859425eba2/element/9a0691ee-0a7c-41f4-b038-24071d289b52/click] with body: {"element":"9a0691ee-0a7c-41f4-b038-24071d289b52"}
[debug] &amp#27;[35m[WD Proxy]&amp#27;[39m Got response with status 200: {"sessionId":"164a6e0b-846a-4b1b-b66d-d5859425eba2","value":null}
[debug] &amp#27;[35m[W3C (0b6daed6)]&amp#27;[39m Responding to client with driver.click() result: null
&amp#27;[35m[HTTP]&amp#27;[39m &amp#27;[37m<-- POST /wd/hub/session/0b6daed6-fe8e-4a2e-bd78-3971ab90c129/element/9a0691ee-0a7c-41f4-b038-24071d289b52/click &amp#27;[39m&amp#27;[32m200&amp#27;[39m &amp#27;[90m83 ms - 14&amp#27;[39m
&amp#27;[35m[HTTP]&amp#27;[39m &amp#27;[90m&amp#27;[39m
  And I Login                                                                                         # com.qa.stepdef.LoginStepDef.iLogin()
&amp#27;[35m[HTTP]&amp#27;[39m &amp#27;[37m-->&amp#27;[39m &amp#27;[37mGET&amp#27;[39m &amp#27;[37m/wd/hub/session/0b6daed6-fe8e-4a2e-bd78-3971ab90c129/context&amp#27;[39m
&amp#27;[35m[HTTP]&amp#27;[39m &amp#27;[90m{}&amp#27;[39m
[debug] &amp#27;[35m[W3C (0b6daed6)]&amp#27;[39m Calling AppiumDriver.getCurrentContext() with args: ["0b6daed6-fe8e-4a2e-bd78-3971ab90c129"]
[debug] &amp#27;[35m[W3C (0b6daed6)]&amp#27;[39m Responding to client with driver.getCurrentContext() result: "NATIVE_APP"
&amp#27;[35m[HTTP]&amp#27;[39m &amp#27;[37m<-- GET /wd/hub/session/0b6daed6-fe8e-4a2e-bd78-3971ab90c129/context &amp#27;[39m&amp#27;[32m200&amp#27;[39m &amp#27;[90m1 ms - 22&amp#27;[39m
&amp#27;[35m[HTTP]&amp#27;[39m &amp#27;[90m&amp#27;[39m
&amp#27;[35m[HTTP]&amp#27;[39m &amp#27;[37m-->&amp#27;[39m &amp#27;[37mPOST&amp#27;[39m &amp#27;[37m/wd/hub/session/0b6daed6-fe8e-4a2e-bd78-3971ab90c129/element&amp#27;[39m
&amp#27;[35m[HTTP]&amp#27;[39m &amp#27;[90m{"using":"xpath","value":"//android.view.ViewGroup[@content-desc=\"test-Error message\"]/android.widget.TextView"}&amp#27;[39m
[debug] &amp#27;[35m[W3C (0b6daed6)]&amp#27;[39m Calling AppiumDriver.findElement() with args: ["xpath","//android.view.ViewGroup[@content-desc=\"test-Error message\"]/android.widget.TextView","0b6daed6-fe8e-4a2e-bd78-3971ab90c129"]
[debug] &amp#27;[35m[BaseDriver]&amp#27;[39m Valid locator strategies for this request: xpath, id, class name, accessibility id, css selector, -android uiautomator
[debug] &amp#27;[35m[BaseDriver]&amp#27;[39m Waiting up to 0 ms for condition
[debug] &amp#27;[35m[WD Proxy]&amp#27;[39m Matched '/element' to command name 'findElement'
[debug] &amp#27;[35m[WD Proxy]&amp#27;[39m Proxying [POST /element] to [POST http://127.0.0.1:10000/wd/hub/session/164a6e0b-846a-4b1b-b66d-d5859425eba2/element] with body: {"strategy":"xpath","selector":"//android.view.ViewGroup[@content-desc=\"test-Error message\"]/android.widget.TextView","context":"","multiple":false}
&amp#27;[35m[WD Proxy]&amp#27;[39m Got response with status 404: {"sessionId":"164a6e0b-846a-4b1b-b66d-d5859425eba2","value":{"error":"no such element","message":"An element could not be located on the page using the given search parameters","stacktrace":"io.appium.uiautomator2.common.exceptions.ElementNotFoundException: An element could not be located on the page using the given search parameters\n\tat io.appium.uiautomator2.handler.FindElement.findElement(FindElement.java:91)\n\tat io.appium.uiautomator2.handler.FindElement.safeHandle(FindElement.java:68)\n\tat io.appium.uiautomator2.handler.request.SafeRequestHandler.handle(SafeRequestHandler.java:41)\n\tat io.appium.uiautomator2.server.AppiumServlet.handleRequest(AppiumServlet.java:261)\n\tat io.appium.uiautomator2.server.AppiumServlet.handleHttpRequest(AppiumServlet.java:255)\n\tat io.appium.uiautomator2.http.ServerHandler.channelRead(ServerHandler.java:68)\n\tat io.netty.channel.AbstractChannelHandlerContext.invokeChannelRead(AbstractChannelHandlerContext.java:366)\n\tat io.netty.channel.AbstractChannelHandlerCont...
[debug] &amp#27;[35m[W3C]&amp#27;[39m Matched W3C error code 'no such element' to NoSuchElementError
[debug] &amp#27;[35m[W3C (0b6daed6)]&amp#27;[39m Encountered internal error running command: NoSuchElementError: An element could not be located on the page using the given search parameters.
[debug] &amp#27;[35m[W3C (0b6daed6)]&amp#27;[39m     at AndroidUiautomator2Driver.findElOrEls (/usr/local/lib/node_modules/appium/node_modules/appium-android-driver/lib/commands/find.js:75:11)
[debug] &amp#27;[35m[W3C (0b6daed6)]&amp#27;[39m     at processTicksAndRejections (internal/process/task_queues.js:93:5)
[debug] &amp#27;[35m[W3C (0b6daed6)]&amp#27;[39m     at AndroidUiautomator2Driver.findElOrElsWithProcessing (/usr/local/lib/node_modules/appium/node_modules/appium-base-driver/lib/basedriver/commands/find.js:33:12)
[debug] &amp#27;[35m[W3C (0b6daed6)]&amp#27;[39m     at AndroidUiautomator2Driver.findElement (/usr/local/lib/node_modules/appium/node_modules/appium-base-driver/lib/basedriver/commands/find.js:53:10)
&amp#27;[35m[HTTP]&amp#27;[39m &amp#27;[37m<-- POST /wd/hub/session/0b6daed6-fe8e-4a2e-bd78-3971ab90c129/element &amp#27;[39m&amp#27;[33m404&amp#27;[39m &amp#27;[90m188 ms - 780&amp#27;[39m
&amp#27;[35m[HTTP]&amp#27;[39m &amp#27;[90m&amp#27;[39m
&amp#27;[35m[HTTP]&amp#27;[39m &amp#27;[37m-->&amp#27;[39m &amp#27;[37mPOST&amp#27;[39m &amp#27;[37m/wd/hub/session/0b6daed6-fe8e-4a2e-bd78-3971ab90c129/element&amp#27;[39m
&amp#27;[35m[HTTP]&amp#27;[39m &amp#27;[90m{"using":"xpath","value":"//android.view.ViewGroup[@content-desc=\"test-Error message\"]/android.widget.TextView"}&amp#27;[39m
[debug] &amp#27;[35m[W3C (0b6daed6)]&amp#27;[39m Calling AppiumDriver.findElement() with args: ["xpath","//android.view.ViewGroup[@content-desc=\"test-Error message\"]/android.widget.TextView","0b6daed6-fe8e-4a2e-bd78-3971ab90c129"]
[debug] &amp#27;[35m[BaseDriver]&amp#27;[39m Valid locator strategies for this request: xpath, id, class name, accessibility id, css selector, -android uiautomator
[debug] &amp#27;[35m[BaseDriver]&amp#27;[39m Waiting up to 0 ms for condition
[debug] &amp#27;[35m[WD Proxy]&amp#27;[39m Matched '/element' to command name 'findElement'
[debug] &amp#27;[35m[WD Proxy]&amp#27;[39m Proxying [POST /element] to [POST http://127.0.0.1:10000/wd/hub/session/164a6e0b-846a-4b1b-b66d-d5859425eba2/element] with body: {"strategy":"xpath","selector":"//android.view.ViewGroup[@content-desc=\"test-Error message\"]/android.widget.TextView","context":"","multiple":false}
[debug] &amp#27;[35m[WD Proxy]&amp#27;[39m Got response with status 200: {"sessionId":"164a6e0b-846a-4b1b-b66d-d5859425eba2","value":{"ELEMENT":"c9ca3c95-920d-44a8-b0c8-bd234765204a","element-6066-11e4-a52e-4f735466cecf":"c9ca3c95-920d-44a8-b0c8-bd234765204a"}}
[debug] &amp#27;[35m[W3C (0b6daed6)]&amp#27;[39m Responding to client with driver.findElement() result: {"element-6066-11e4-a52e-4f735466cecf":"c9ca3c95-920d-44a8-b0c8-bd234765204a","ELEMENT":"c9ca3c95-920d-44a8-b0c8-bd234765204a"}
&amp#27;[35m[HTTP]&amp#27;[39m &amp#27;[37m<-- POST /wd/hub/session/0b6daed6-fe8e-4a2e-bd78-3971ab90c129/element &amp#27;[39m&amp#27;[32m200&amp#27;[39m &amp#27;[90m1734 ms - 137&amp#27;[39m
&amp#27;[35m[HTTP]&amp#27;[39m &amp#27;[90m&amp#27;[39m
&amp#27;[35m[HTTP]&amp#27;[39m &amp#27;[37m-->&amp#27;[39m &amp#27;[37mGET&amp#27;[39m &amp#27;[37m/wd/hub/session/0b6daed6-fe8e-4a2e-bd78-3971ab90c129/element/c9ca3c95-920d-44a8-b0c8-bd234765204a/displayed&amp#27;[39m
&amp#27;[35m[HTTP]&amp#27;[39m &amp#27;[90m{}&amp#27;[39m
[debug] &amp#27;[35m[W3C (0b6daed6)]&amp#27;[39m Calling AppiumDriver.elementDisplayed() with args: ["c9ca3c95-920d-44a8-b0c8-bd234765204a","0b6daed6-fe8e-4a2e-bd78-3971ab90c129"]
[debug] &amp#27;[35m[WD Proxy]&amp#27;[39m Matched '/element/c9ca3c95-920d-44a8-b0c8-bd234765204a/attribute/displayed' to command name 'getAttribute'
[debug] &amp#27;[35m[WD Proxy]&amp#27;[39m Proxying [GET /element/c9ca3c95-920d-44a8-b0c8-bd234765204a/attribute/displayed] to [GET http://127.0.0.1:10000/wd/hub/session/164a6e0b-846a-4b1b-b66d-d5859425eba2/element/c9ca3c95-920d-44a8-b0c8-bd234765204a/attribute/displayed] with no body
[debug] &amp#27;[35m[WD Proxy]&amp#27;[39m Got response with status 200: {"sessionId":"164a6e0b-846a-4b1b-b66d-d5859425eba2","value":"true"}
[debug] &amp#27;[35m[W3C (0b6daed6)]&amp#27;[39m Responding to client with driver.elementDisplayed() result: true
&amp#27;[35m[HTTP]&amp#27;[39m &amp#27;[37m<-- GET /wd/hub/session/0b6daed6-fe8e-4a2e-bd78-3971ab90c129/element/c9ca3c95-920d-44a8-b0c8-bd234765204a/displayed &amp#27;[39m&amp#27;[32m200&amp#27;[39m &amp#27;[90m413 ms - 14&amp#27;[39m
&amp#27;[35m[HTTP]&amp#27;[39m &amp#27;[90m&amp#27;[39m
&amp#27;[35m[HTTP]&amp#27;[39m &amp#27;[37m-->&amp#27;[39m &amp#27;[37mGET&amp#27;[39m &amp#27;[37m/wd/hub/session/0b6daed6-fe8e-4a2e-bd78-3971ab90c129/context&amp#27;[39m
&amp#27;[35m[HTTP]&amp#27;[39m &amp#27;[90m{}&amp#27;[39m
[debug] &amp#27;[35m[W3C (0b6daed6)]&amp#27;[39m Calling AppiumDriver.getCurrentContext() with args: ["0b6daed6-fe8e-4a2e-bd78-3971ab90c129"]
[debug] &amp#27;[35m[W3C (0b6daed6)]&amp#27;[39m Responding to client with driver.getCurrentContext() result: "NATIVE_APP"
&amp#27;[35m[HTTP]&amp#27;[39m &amp#27;[37m<-- GET /wd/hub/session/0b6daed6-fe8e-4a2e-bd78-3971ab90c129/context &amp#27;[39m&amp#27;[32m200&amp#27;[39m &amp#27;[90m1 ms - 22&amp#27;[39m
&amp#27;[35m[HTTP]&amp#27;[39m &amp#27;[90m&amp#27;[39m
&amp#27;[35m[HTTP]&amp#27;[39m &amp#27;[37m-->&amp#27;[39m &amp#27;[37mPOST&amp#27;[39m &amp#27;[37m/wd/hub/session/0b6daed6-fe8e-4a2e-bd78-3971ab90c129/element&amp#27;[39m
&amp#27;[35m[HTTP]&amp#27;[39m &amp#27;[90m{"using":"xpath","value":"//android.view.ViewGroup[@content-desc=\"test-Error message\"]/android.widget.TextView"}&amp#27;[39m
[debug] &amp#27;[35m[W3C (0b6daed6)]&amp#27;[39m Calling AppiumDriver.findElement() with args: ["xpath","//android.view.ViewGroup[@content-desc=\"test-Error message\"]/android.widget.TextView","0b6daed6-fe8e-4a2e-bd78-3971ab90c129"]
[debug] &amp#27;[35m[BaseDriver]&amp#27;[39m Valid locator strategies for this request: xpath, id, class name, accessibility id, css selector, -android uiautomator
[debug] &amp#27;[35m[BaseDriver]&amp#27;[39m Waiting up to 0 ms for condition
[debug] &amp#27;[35m[WD Proxy]&amp#27;[39m Matched '/element' to command name 'findElement'
[debug] &amp#27;[35m[WD Proxy]&amp#27;[39m Proxying [POST /element] to [POST http://127.0.0.1:10000/wd/hub/session/164a6e0b-846a-4b1b-b66d-d5859425eba2/element] with body: {"strategy":"xpath","selector":"//android.view.ViewGroup[@content-desc=\"test-Error message\"]/android.widget.TextView","context":"","multiple":false}
[debug] &amp#27;[35m[WD Proxy]&amp#27;[39m Got response with status 200: {"sessionId":"164a6e0b-846a-4b1b-b66d-d5859425eba2","value":{"ELEMENT":"6e05a30e-6cba-4b48-9359-f89652815a5e","element-6066-11e4-a52e-4f735466cecf":"6e05a30e-6cba-4b48-9359-f89652815a5e"}}
[debug] &amp#27;[35m[W3C (0b6daed6)]&amp#27;[39m Responding to client with driver.findElement() result: {"element-6066-11e4-a52e-4f735466cecf":"6e05a30e-6cba-4b48-9359-f89652815a5e","ELEMENT":"6e05a30e-6cba-4b48-9359-f89652815a5e"}
&amp#27;[35m[HTTP]&amp#27;[39m &amp#27;[37m<-- POST /wd/hub/session/0b6daed6-fe8e-4a2e-bd78-3971ab90c129/element &amp#27;[39m&amp#27;[32m200&amp#27;[39m &amp#27;[90m78 ms - 137&amp#27;[39m
&amp#27;[35m[HTTP]&amp#27;[39m &amp#27;[90m&amp#27;[39m
&amp#27;[35m[HTTP]&amp#27;[39m &amp#27;[37m-->&amp#27;[39m &amp#27;[37mGET&amp#27;[39m &amp#27;[37m/wd/hub/session/0b6daed6-fe8e-4a2e-bd78-3971ab90c129/element/6e05a30e-6cba-4b48-9359-f89652815a5e/attribute/text&amp#27;[39m
&amp#27;[35m[HTTP]&amp#27;[39m &amp#27;[90m{}&amp#27;[39m
[debug] &amp#27;[35m[W3C (0b6daed6)]&amp#27;[39m Calling AppiumDriver.getAttribute() with args: ["text","6e05a30e-6cba-4b48-9359-f89652815a5e","0b6daed6-fe8e-4a2e-bd78-3971ab90c129"]
[debug] &amp#27;[35m[WD Proxy]&amp#27;[39m Matched '/element/6e05a30e-6cba-4b48-9359-f89652815a5e/attribute/text' to command name 'getAttribute'
[debug] &amp#27;[35m[WD Proxy]&amp#27;[39m Proxying [GET /element/6e05a30e-6cba-4b48-9359-f89652815a5e/attribute/text] to [GET http://127.0.0.1:10000/wd/hub/session/164a6e0b-846a-4b1b-b66d-d5859425eba2/element/6e05a30e-6cba-4b48-9359-f89652815a5e/attribute/text] with no body
[debug] &amp#27;[35m[WD Proxy]&amp#27;[39m Got response with status 200: {"sessionId":"164a6e0b-846a-4b1b-b66d-d5859425eba2","value":"Username and password do not match any user in this service."}
[debug] &amp#27;[35m[W3C (0b6daed6)]&amp#27;[39m Responding to client with driver.getAttribute() result: "Username and password do not match any user in this service."
&amp#27;[35m[HTTP]&amp#27;[39m &amp#27;[37m<-- GET /wd/hub/session/0b6daed6-fe8e-4a2e-bd78-3971ab90c129/element/6e05a30e-6cba-4b48-9359-f89652815a5e/attribute/text &amp#27;[39m&amp#27;[32m200&amp#27;[39m &amp#27;[90m11 ms - 72&amp#27;[39m
&amp#27;[35m[HTTP]&amp#27;[39m &amp#27;[90m&amp#27;[39m
[INFO ] 2021-03-26 12:03:39.0763 com.qa.pages.BasePage:com.qa.pages.BasePage.getText(BasePage.java:97) -error text is - Username and password do not match any user in this service.
  Then Login should fail with an error "Username and password do not match any user in this service." # com.qa.stepdef.LoginStepDef.loginShouldFailWithAnError(java.lang.String)
&amp#27;[35m[HTTP]&amp#27;[39m &amp#27;[37m-->&amp#27;[39m &amp#27;[37mPOST&amp#27;[39m &amp#27;[37m/wd/hub/session/0b6daed6-fe8e-4a2e-bd78-3971ab90c129/appium/stop_recording_screen&amp#27;[39m
&amp#27;[35m[HTTP]&amp#27;[39m &amp#27;[90m{}&amp#27;[39m
[debug] &amp#27;[35m[W3C (0b6daed6)]&amp#27;[39m Calling AppiumDriver.stopRecordingScreen() with args: [null,"0b6daed6-fe8e-4a2e-bd78-3971ab90c129"]
[debug] &amp#27;[35m[ADB]&amp#27;[39m Getting IDs of all 'screenrecord' processes
[debug] &amp#27;[35m[ADB]&amp#27;[39m Running '/Users/vishnu.vardhan/Library/Android/sdk/platform-tools/adb -P 5037 -s emulator-5554 shell pgrep -f \(\[\[:blank:\]\]\|\^\)screenrecord\(\[\[:blank:\]\]\|\$\)'
[debug] &amp#27;[35m[ADB]&amp#27;[39m Running '/Users/vishnu.vardhan/Library/Android/sdk/platform-tools/adb -P 5037 -s emulator-5554 shell kill -2 6177'
[debug] &amp#27;[35m[ADB]&amp#27;[39m Getting IDs of all 'screenrecord' processes
[debug] &amp#27;[35m[ADB]&amp#27;[39m Running '/Users/vishnu.vardhan/Library/Android/sdk/platform-tools/adb -P 5037 -s emulator-5554 shell pgrep -f \(\[\[:blank:\]\]\|\^\)screenrecord\(\[\[:blank:\]\]\|\$\)'
[debug] &amp#27;[35m[ADB]&amp#27;[39m Getting IDs of all 'screenrecord' processes
[debug] &amp#27;[35m[ADB]&amp#27;[39m Running '/Users/vishnu.vardhan/Library/Android/sdk/platform-tools/adb -P 5037 -s emulator-5554 shell pgrep -f \(\[\[:blank:\]\]\|\^\)screenrecord\(\[\[:blank:\]\]\|\$\)'
[debug] &amp#27;[35m[ADB]&amp#27;[39m Running '/Users/vishnu.vardhan/Library/Android/sdk/platform-tools/adb -P 5037 -s emulator-5554 pull /sdcard/66e8b456.mp4 /var/folders/t_/qm5w4ckx14z559xvzn1kfl619_yhqh/T/2021226-92165-su3cqs.31ccn/66e8b456.mp4'
[debug] &amp#27;[35m[ADB]&amp#27;[39m Running '/Users/vishnu.vardhan/Library/Android/sdk/platform-tools/adb -P 5037 -s emulator-5554 shell rm -rf /sdcard/66e8b456.mp4'
[debug] &amp#27;[35m[AndroidDriver]&amp#27;[39m The size of the resulting screen recording is 326.38 KB
[debug] &amp#27;[35m[W3C (0b6daed6)]&amp#27;[39m Responding to client with driver.stopRecordingScreen() result: "AAAAGGZ0eXBtcDQyAAAAAGlzb21tcDQyAAAENG1vb3YAAABsbXZoZAAAAADcgzDC3IMwwgAAA+gAABzkAAEAAAEAAAAAAAAAAAAAAAABAAAAAAAAAAAAAAAAAAAAAQAAAAAAAAAAAAAAAAAAQAAAAAAAAAAAAAAAAAAAAAAAAAAAAAAAAAAAAAAAAAIAAAB2bWV0YQAAACFoZGxyAAAAAAAAAABtZHRhAAAAAAAAAAAAAAAAAAAAACtrZXlzAAAAAAAAAAEAAAAbbWR0YWNvbS5hbmRyb2lkLnZlcnNpb24AAAAiaWxzdAAAABoAAAABAAAAEmRhdGEAAAABAAAAADEwAAADSnRyYWsAAABcdGtoZAAAAAfcgzDC3IMwwgAAAAEAAAAAAAAc5AAAAAAAAAAAAAAAAAAAAAAAAQAAAAAAAAAAAAAAAAAAAAEAAAAAAAAAAAAAAAAAAEAAAAAEOAAACHAAAAAAAuZtZGlhAAAAIG1kaGQAAAAA3IMwwtyDMMIAAV+QAAooTgAAAAAAAAAsaGRscgAAAAAAAAAAdmlkZQAAAAAAAAAAAAAAAFZpZGVvSGFuZGxlAAAAApJtaW5mAAAAFHZtaGQAAAABAAAAAAAAAAAAAAAkZGluZgAAABxkcmVmAAAAAAAAAAEAAAAMdXJsIAAAAAEAAAJSc3RibAAAALJzdHNkAAAAAAAAAAEAAACiYXZjMQAAAAAAAAABAAAAAAAAAAAAAAAAAAAAAAQ4CHAASAAAAEgAAAAAAAAAAQAgICAgICAgICAgICAgICAgICAgICAgICAgICAgICAgABj//wAAAClhdmNDAULAMv/hABBnQsAyjWgEQBD+XgHhEI1AAQAGaM4BqDXIAAAAEHBhc3AAAQAAAAEAAAAAABNjb2xybmNseAABAAEAAQAAAADYc3R0cwAAAAAAAAAZAAAAAQAA4acAAAABAAAI3gAAAAEAAAzVAAAAAQAAHrYAAAABAADqIQAAAAEAAN1EAAAAAQAAGh4A...
&amp#27;[35m[HTTP]&amp#27;[39m &amp#27;[37m<-- POST /wd/hub/session/0b6daed6-fe8e-4a2e-bd78-3971ab90c129/appium/stop_recording_screen &amp#27;[39m&amp#27;[32m200&amp#27;[39m &amp#27;[90m759 ms - 445632&amp#27;[39m
&amp#27;[35m[HTTP]&amp#27;[39m &amp#27;[90m&amp#27;[39m
[INFO ] 2021-03-26 12:03:40.0583 com.qa.utils.VideoManager:com.qa.utils.VideoManager.stopRecording(VideoManager.java:35) -video path: Android_pixel2/Videos/Login with invalid user name.mp4
]]></system-out>
    <system-err><![CDATA[SLF4J: Failed to load class "org.slf4j.impl.StaticLoggerBinder".
SLF4J: Defaulting to no-operation (NOP) logger implementation
SLF4J: See http://www.slf4j.org/codes.html#StaticLoggerBinder for further details.
Mar 26, 2021 12:03:30 PM io.appium.java_client.remote.AppiumCommandExecutor$1 lambda$0
INFO: Detected dialect: W3C
]]></system-err>
  </testcase>
  <testcase name="runScenario[&quot;Login with invalid password&quot;, &quot;Optional[Login scenarios for Sauce Labs App]&quot;](2)" classname="com.qa.runners.MyTestNGRunnersTest" time="5.141">
    <system-out><![CDATA[
@test
Scenario Outline: Login with invalid password                                                         # src/test/resources/Login.feature:18
&amp#27;[35m[HTTP]&amp#27;[39m &amp#27;[37m-->&amp#27;[39m &amp#27;[37mPOST&amp#27;[39m &amp#27;[37m/wd/hub/session/0b6daed6-fe8e-4a2e-bd78-3971ab90c129/appium/start_recording_screen&amp#27;[39m
&amp#27;[35m[HTTP]&amp#27;[39m &amp#27;[90m{}&amp#27;[39m
[debug] &amp#27;[35m[W3C (0b6daed6)]&amp#27;[39m Calling AppiumDriver.startRecordingScreen() with args: [null,"0b6daed6-fe8e-4a2e-bd78-3971ab90c129"]
[debug] &amp#27;[35m[ADB]&amp#27;[39m Getting IDs of all 'screenrecord' processes
[debug] &amp#27;[35m[ADB]&amp#27;[39m Running '/Users/vishnu.vardhan/Library/Android/sdk/platform-tools/adb -P 5037 -s emulator-5554 shell pgrep -f \(\[\[:blank:\]\]\|\^\)screenrecord\(\[\[:blank:\]\]\|\$\)'
&amp#27;[35m[AndroidDriver]&amp#27;[39m Screen recording has not been previously started by Appium. There is nothing to stop
[debug] &amp#27;[35m[ADB]&amp#27;[39m Getting IDs of all 'screenrecord' processes
[debug] &amp#27;[35m[ADB]&amp#27;[39m Running '/Users/vishnu.vardhan/Library/Android/sdk/platform-tools/adb -P 5037 -s emulator-5554 shell pgrep -f \(\[\[:blank:\]\]\|\^\)screenrecord\(\[\[:blank:\]\]\|\$\)'
[debug] &amp#27;[35m[ADB]&amp#27;[39m Building screenrecord process with the command line: adb -P 5037 -s emulator-5554 shell screenrecord --time-limit 180 /sdcard/1babedae.mp4
[debug] &amp#27;[35m[ADB]&amp#27;[39m Running '/Users/vishnu.vardhan/Library/Android/sdk/platform-tools/adb -P 5037 -s emulator-5554 shell "[ -e '/sdcard/1babedae.mp4' ] && echo __PASS__"'
[debug] &amp#27;[35m[ADB]&amp#27;[39m Running '/Users/vishnu.vardhan/Library/Android/sdk/platform-tools/adb -P 5037 -s emulator-5554 shell "[ -e '/sdcard/1babedae.mp4' ] && echo __PASS__"'
[debug] &amp#27;[35m[W3C (0b6daed6)]&amp#27;[39m Responding to client with driver.startRecordingScreen() result: ""
&amp#27;[35m[HTTP]&amp#27;[39m &amp#27;[37m<-- POST /wd/hub/session/0b6daed6-fe8e-4a2e-bd78-3971ab90c129/appium/start_recording_screen &amp#27;[39m&amp#27;[32m200&amp#27;[39m &amp#27;[90m429 ms - 12&amp#27;[39m
&amp#27;[35m[HTTP]&amp#27;[39m &amp#27;[90m&amp#27;[39m
&amp#27;[35m[HTTP]&amp#27;[39m &amp#27;[37m-->&amp#27;[39m &amp#27;[37mGET&amp#27;[39m &amp#27;[37m/wd/hub/session/0b6daed6-fe8e-4a2e-bd78-3971ab90c129/context&amp#27;[39m
&amp#27;[35m[HTTP]&amp#27;[39m &amp#27;[90m{}&amp#27;[39m
[debug] &amp#27;[35m[W3C (0b6daed6)]&amp#27;[39m Calling AppiumDriver.getCurrentContext() with args: ["0b6daed6-fe8e-4a2e-bd78-3971ab90c129"]
[debug] &amp#27;[35m[W3C (0b6daed6)]&amp#27;[39m Responding to client with driver.getCurrentContext() result: "NATIVE_APP"
&amp#27;[35m[HTTP]&amp#27;[39m &amp#27;[37m<-- GET /wd/hub/session/0b6daed6-fe8e-4a2e-bd78-3971ab90c129/context &amp#27;[39m&amp#27;[32m200&amp#27;[39m &amp#27;[90m2 ms - 22&amp#27;[39m
&amp#27;[35m[HTTP]&amp#27;[39m &amp#27;[90m&amp#27;[39m
&amp#27;[35m[HTTP]&amp#27;[39m &amp#27;[37m-->&amp#27;[39m &amp#27;[37mPOST&amp#27;[39m &amp#27;[37m/wd/hub/session/0b6daed6-fe8e-4a2e-bd78-3971ab90c129/element&amp#27;[39m
&amp#27;[35m[HTTP]&amp#27;[39m &amp#27;[90m{"using":"accessibility id","value":"test-Username"}&amp#27;[39m
[debug] &amp#27;[35m[W3C (0b6daed6)]&amp#27;[39m Calling AppiumDriver.findElement() with args: ["accessibility id","test-Username","0b6daed6-fe8e-4a2e-bd78-3971ab90c129"]
[debug] &amp#27;[35m[BaseDriver]&amp#27;[39m Valid locator strategies for this request: xpath, id, class name, accessibility id, css selector, -android uiautomator
[debug] &amp#27;[35m[BaseDriver]&amp#27;[39m Waiting up to 0 ms for condition
[debug] &amp#27;[35m[WD Proxy]&amp#27;[39m Matched '/element' to command name 'findElement'
[debug] &amp#27;[35m[WD Proxy]&amp#27;[39m Proxying [POST /element] to [POST http://127.0.0.1:10000/wd/hub/session/164a6e0b-846a-4b1b-b66d-d5859425eba2/element] with body: {"strategy":"accessibility id","selector":"test-Username","context":"","multiple":false}
[debug] &amp#27;[35m[WD Proxy]&amp#27;[39m Got response with status 200: {"sessionId":"164a6e0b-846a-4b1b-b66d-d5859425eba2","value":{"ELEMENT":"d1e65a70-214a-4dc8-ab0a-2695348a8e3d","element-6066-11e4-a52e-4f735466cecf":"d1e65a70-214a-4dc8-ab0a-2695348a8e3d"}}
[debug] &amp#27;[35m[W3C (0b6daed6)]&amp#27;[39m Responding to client with driver.findElement() result: {"element-6066-11e4-a52e-4f735466cecf":"d1e65a70-214a-4dc8-ab0a-2695348a8e3d","ELEMENT":"d1e65a70-214a-4dc8-ab0a-2695348a8e3d"}
&amp#27;[35m[HTTP]&amp#27;[39m &amp#27;[37m<-- POST /wd/hub/session/0b6daed6-fe8e-4a2e-bd78-3971ab90c129/element &amp#27;[39m&amp#27;[32m200&amp#27;[39m &amp#27;[90m29 ms - 137&amp#27;[39m
&amp#27;[35m[HTTP]&amp#27;[39m &amp#27;[90m&amp#27;[39m
&amp#27;[35m[HTTP]&amp#27;[39m &amp#27;[37m-->&amp#27;[39m &amp#27;[37mGET&amp#27;[39m &amp#27;[37m/wd/hub/session/0b6daed6-fe8e-4a2e-bd78-3971ab90c129/element/d1e65a70-214a-4dc8-ab0a-2695348a8e3d/displayed&amp#27;[39m
&amp#27;[35m[HTTP]&amp#27;[39m &amp#27;[90m{}&amp#27;[39m
[debug] &amp#27;[35m[W3C (0b6daed6)]&amp#27;[39m Calling AppiumDriver.elementDisplayed() with args: ["d1e65a70-214a-4dc8-ab0a-2695348a8e3d","0b6daed6-fe8e-4a2e-bd78-3971ab90c129"]
[debug] &amp#27;[35m[WD Proxy]&amp#27;[39m Matched '/element/d1e65a70-214a-4dc8-ab0a-2695348a8e3d/attribute/displayed' to command name 'getAttribute'
[debug] &amp#27;[35m[WD Proxy]&amp#27;[39m Proxying [GET /element/d1e65a70-214a-4dc8-ab0a-2695348a8e3d/attribute/displayed] to [GET http://127.0.0.1:10000/wd/hub/session/164a6e0b-846a-4b1b-b66d-d5859425eba2/element/d1e65a70-214a-4dc8-ab0a-2695348a8e3d/attribute/displayed] with no body
[debug] &amp#27;[35m[WD Proxy]&amp#27;[39m Got response with status 200: {"sessionId":"164a6e0b-846a-4b1b-b66d-d5859425eba2","value":"true"}
[debug] &amp#27;[35m[W3C (0b6daed6)]&amp#27;[39m Responding to client with driver.elementDisplayed() result: true
&amp#27;[35m[HTTP]&amp#27;[39m &amp#27;[37m<-- GET /wd/hub/session/0b6daed6-fe8e-4a2e-bd78-3971ab90c129/element/d1e65a70-214a-4dc8-ab0a-2695348a8e3d/displayed &amp#27;[39m&amp#27;[32m200&amp#27;[39m &amp#27;[90m15 ms - 14&amp#27;[39m
&amp#27;[35m[HTTP]&amp#27;[39m &amp#27;[90m&amp#27;[39m
&amp#27;[35m[HTTP]&amp#27;[39m &amp#27;[37m-->&amp#27;[39m &amp#27;[37mGET&amp#27;[39m &amp#27;[37m/wd/hub/session/0b6daed6-fe8e-4a2e-bd78-3971ab90c129/context&amp#27;[39m
&amp#27;[35m[HTTP]&amp#27;[39m &amp#27;[90m{}&amp#27;[39m
[debug] &amp#27;[35m[W3C (0b6daed6)]&amp#27;[39m Calling AppiumDriver.getCurrentContext() with args: ["0b6daed6-fe8e-4a2e-bd78-3971ab90c129"]
[debug] &amp#27;[35m[W3C (0b6daed6)]&amp#27;[39m Responding to client with driver.getCurrentContext() result: "NATIVE_APP"
&amp#27;[35m[HTTP]&amp#27;[39m &amp#27;[37m<-- GET /wd/hub/session/0b6daed6-fe8e-4a2e-bd78-3971ab90c129/context &amp#27;[39m&amp#27;[32m200&amp#27;[39m &amp#27;[90m1 ms - 22&amp#27;[39m
&amp#27;[35m[HTTP]&amp#27;[39m &amp#27;[90m&amp#27;[39m
&amp#27;[35m[HTTP]&amp#27;[39m &amp#27;[37m-->&amp#27;[39m &amp#27;[37mPOST&amp#27;[39m &amp#27;[37m/wd/hub/session/0b6daed6-fe8e-4a2e-bd78-3971ab90c129/element&amp#27;[39m
&amp#27;[35m[HTTP]&amp#27;[39m &amp#27;[90m{"using":"accessibility id","value":"test-Username"}&amp#27;[39m
[debug] &amp#27;[35m[W3C (0b6daed6)]&amp#27;[39m Calling AppiumDriver.findElement() with args: ["accessibility id","test-Username","0b6daed6-fe8e-4a2e-bd78-3971ab90c129"]
[debug] &amp#27;[35m[BaseDriver]&amp#27;[39m Valid locator strategies for this request: xpath, id, class name, accessibility id, css selector, -android uiautomator
[debug] &amp#27;[35m[BaseDriver]&amp#27;[39m Waiting up to 0 ms for condition
[debug] &amp#27;[35m[WD Proxy]&amp#27;[39m Matched '/element' to command name 'findElement'
[debug] &amp#27;[35m[WD Proxy]&amp#27;[39m Proxying [POST /element] to [POST http://127.0.0.1:10000/wd/hub/session/164a6e0b-846a-4b1b-b66d-d5859425eba2/element] with body: {"strategy":"accessibility id","selector":"test-Username","context":"","multiple":false}
[debug] &amp#27;[35m[WD Proxy]&amp#27;[39m Got response with status 200: {"sessionId":"164a6e0b-846a-4b1b-b66d-d5859425eba2","value":{"ELEMENT":"ad1bdbe5-a6f7-4686-97e4-6c8df986dc26","element-6066-11e4-a52e-4f735466cecf":"ad1bdbe5-a6f7-4686-97e4-6c8df986dc26"}}
[debug] &amp#27;[35m[W3C (0b6daed6)]&amp#27;[39m Responding to client with driver.findElement() result: {"element-6066-11e4-a52e-4f735466cecf":"ad1bdbe5-a6f7-4686-97e4-6c8df986dc26","ELEMENT":"ad1bdbe5-a6f7-4686-97e4-6c8df986dc26"}
&amp#27;[35m[HTTP]&amp#27;[39m &amp#27;[37m<-- POST /wd/hub/session/0b6daed6-fe8e-4a2e-bd78-3971ab90c129/element &amp#27;[39m&amp#27;[32m200&amp#27;[39m &amp#27;[90m37 ms - 137&amp#27;[39m
&amp#27;[35m[HTTP]&amp#27;[39m &amp#27;[90m&amp#27;[39m
&amp#27;[35m[HTTP]&amp#27;[39m &amp#27;[37m-->&amp#27;[39m &amp#27;[37mPOST&amp#27;[39m &amp#27;[37m/wd/hub/session/0b6daed6-fe8e-4a2e-bd78-3971ab90c129/element/ad1bdbe5-a6f7-4686-97e4-6c8df986dc26/clear&amp#27;[39m
&amp#27;[35m[HTTP]&amp#27;[39m &amp#27;[90m{"id":"ad1bdbe5-a6f7-4686-97e4-6c8df986dc26"}&amp#27;[39m
[debug] &amp#27;[35m[W3C (0b6daed6)]&amp#27;[39m Calling AppiumDriver.clear() with args: ["ad1bdbe5-a6f7-4686-97e4-6c8df986dc26","0b6daed6-fe8e-4a2e-bd78-3971ab90c129"]
[debug] &amp#27;[35m[WD Proxy]&amp#27;[39m Matched '/element/ad1bdbe5-a6f7-4686-97e4-6c8df986dc26/clear' to command name 'clear'
[debug] &amp#27;[35m[WD Proxy]&amp#27;[39m Proxying [POST /element/ad1bdbe5-a6f7-4686-97e4-6c8df986dc26/clear] to [POST http://127.0.0.1:10000/wd/hub/session/164a6e0b-846a-4b1b-b66d-d5859425eba2/element/ad1bdbe5-a6f7-4686-97e4-6c8df986dc26/clear] with body: {"elementId":"ad1bdbe5-a6f7-4686-97e4-6c8df986dc26"}
[debug] &amp#27;[35m[WD Proxy]&amp#27;[39m Got response with status 200: {"sessionId":"164a6e0b-846a-4b1b-b66d-d5859425eba2","value":null}
[debug] &amp#27;[35m[W3C (0b6daed6)]&amp#27;[39m Responding to client with driver.clear() result: null
&amp#27;[35m[HTTP]&amp#27;[39m &amp#27;[37m<-- POST /wd/hub/session/0b6daed6-fe8e-4a2e-bd78-3971ab90c129/element/ad1bdbe5-a6f7-4686-97e4-6c8df986dc26/clear &amp#27;[39m&amp#27;[32m200&amp#27;[39m &amp#27;[90m26 ms - 14&amp#27;[39m
&amp#27;[35m[HTTP]&amp#27;[39m &amp#27;[90m&amp#27;[39m
&amp#27;[35m[HTTP]&amp#27;[39m &amp#27;[37m-->&amp#27;[39m &amp#27;[37mGET&amp#27;[39m &amp#27;[37m/wd/hub/session/0b6daed6-fe8e-4a2e-bd78-3971ab90c129/context&amp#27;[39m
&amp#27;[35m[HTTP]&amp#27;[39m &amp#27;[90m{}&amp#27;[39m
[debug] &amp#27;[35m[W3C (0b6daed6)]&amp#27;[39m Calling AppiumDriver.getCurrentContext() with args: ["0b6daed6-fe8e-4a2e-bd78-3971ab90c129"]
[debug] &amp#27;[35m[W3C (0b6daed6)]&amp#27;[39m Responding to client with driver.getCurrentContext() result: "NATIVE_APP"
&amp#27;[35m[HTTP]&amp#27;[39m &amp#27;[37m<-- GET /wd/hub/session/0b6daed6-fe8e-4a2e-bd78-3971ab90c129/context &amp#27;[39m&amp#27;[32m200&amp#27;[39m &amp#27;[90m5 ms - 22&amp#27;[39m
&amp#27;[35m[HTTP]&amp#27;[39m &amp#27;[90m&amp#27;[39m
&amp#27;[35m[HTTP]&amp#27;[39m &amp#27;[37m-->&amp#27;[39m &amp#27;[37mPOST&amp#27;[39m &amp#27;[37m/wd/hub/session/0b6daed6-fe8e-4a2e-bd78-3971ab90c129/element&amp#27;[39m
&amp#27;[35m[HTTP]&amp#27;[39m &amp#27;[90m{"using":"accessibility id","value":"test-Username"}&amp#27;[39m
[debug] &amp#27;[35m[W3C (0b6daed6)]&amp#27;[39m Calling AppiumDriver.findElement() with args: ["accessibility id","test-Username","0b6daed6-fe8e-4a2e-bd78-3971ab90c129"]
[debug] &amp#27;[35m[BaseDriver]&amp#27;[39m Valid locator strategies for this request: xpath, id, class name, accessibility id, css selector, -android uiautomator
[debug] &amp#27;[35m[BaseDriver]&amp#27;[39m Waiting up to 0 ms for condition
[debug] &amp#27;[35m[WD Proxy]&amp#27;[39m Matched '/element' to command name 'findElement'
[debug] &amp#27;[35m[WD Proxy]&amp#27;[39m Proxying [POST /element] to [POST http://127.0.0.1:10000/wd/hub/session/164a6e0b-846a-4b1b-b66d-d5859425eba2/element] with body: {"strategy":"accessibility id","selector":"test-Username","context":"","multiple":false}
[debug] &amp#27;[35m[WD Proxy]&amp#27;[39m Got response with status 200: {"sessionId":"164a6e0b-846a-4b1b-b66d-d5859425eba2","value":{"ELEMENT":"bc65ca23-be13-468e-8552-0e668f9e25f4","element-6066-11e4-a52e-4f735466cecf":"bc65ca23-be13-468e-8552-0e668f9e25f4"}}
[debug] &amp#27;[35m[W3C (0b6daed6)]&amp#27;[39m Responding to client with driver.findElement() result: {"element-6066-11e4-a52e-4f735466cecf":"bc65ca23-be13-468e-8552-0e668f9e25f4","ELEMENT":"bc65ca23-be13-468e-8552-0e668f9e25f4"}
&amp#27;[35m[HTTP]&amp#27;[39m &amp#27;[37m<-- POST /wd/hub/session/0b6daed6-fe8e-4a2e-bd78-3971ab90c129/element &amp#27;[39m&amp#27;[32m200&amp#27;[39m &amp#27;[90m602 ms - 137&amp#27;[39m
&amp#27;[35m[HTTP]&amp#27;[39m &amp#27;[90m&amp#27;[39m
&amp#27;[35m[HTTP]&amp#27;[39m &amp#27;[37m-->&amp#27;[39m &amp#27;[37mGET&amp#27;[39m &amp#27;[37m/wd/hub/session/0b6daed6-fe8e-4a2e-bd78-3971ab90c129/element/bc65ca23-be13-468e-8552-0e668f9e25f4/displayed&amp#27;[39m
&amp#27;[35m[HTTP]&amp#27;[39m &amp#27;[90m{}&amp#27;[39m
[debug] &amp#27;[35m[W3C (0b6daed6)]&amp#27;[39m Calling AppiumDriver.elementDisplayed() with args: ["bc65ca23-be13-468e-8552-0e668f9e25f4","0b6daed6-fe8e-4a2e-bd78-3971ab90c129"]
[debug] &amp#27;[35m[WD Proxy]&amp#27;[39m Matched '/element/bc65ca23-be13-468e-8552-0e668f9e25f4/attribute/displayed' to command name 'getAttribute'
[debug] &amp#27;[35m[WD Proxy]&amp#27;[39m Proxying [GET /element/bc65ca23-be13-468e-8552-0e668f9e25f4/attribute/displayed] to [GET http://127.0.0.1:10000/wd/hub/session/164a6e0b-846a-4b1b-b66d-d5859425eba2/element/bc65ca23-be13-468e-8552-0e668f9e25f4/attribute/displayed] with no body
[debug] &amp#27;[35m[WD Proxy]&amp#27;[39m Got response with status 200: {"sessionId":"164a6e0b-846a-4b1b-b66d-d5859425eba2","value":"true"}
[debug] &amp#27;[35m[W3C (0b6daed6)]&amp#27;[39m Responding to client with driver.elementDisplayed() result: true
&amp#27;[35m[HTTP]&amp#27;[39m &amp#27;[37m<-- GET /wd/hub/session/0b6daed6-fe8e-4a2e-bd78-3971ab90c129/element/bc65ca23-be13-468e-8552-0e668f9e25f4/displayed &amp#27;[39m&amp#27;[32m200&amp#27;[39m &amp#27;[90m10 ms - 14&amp#27;[39m
&amp#27;[35m[HTTP]&amp#27;[39m &amp#27;[90m&amp#27;[39m
[INFO ] 2021-03-26 12:03:41.0787 com.qa.pages.BasePage:com.qa.pages.BasePage.sendKeys(BasePage.java:71) -login with standard_user
&amp#27;[35m[HTTP]&amp#27;[39m &amp#27;[37m-->&amp#27;[39m &amp#27;[37mGET&amp#27;[39m &amp#27;[37m/wd/hub/session/0b6daed6-fe8e-4a2e-bd78-3971ab90c129/context&amp#27;[39m
&amp#27;[35m[HTTP]&amp#27;[39m &amp#27;[90m{}&amp#27;[39m
[debug] &amp#27;[35m[W3C (0b6daed6)]&amp#27;[39m Calling AppiumDriver.getCurrentContext() with args: ["0b6daed6-fe8e-4a2e-bd78-3971ab90c129"]
[debug] &amp#27;[35m[W3C (0b6daed6)]&amp#27;[39m Responding to client with driver.getCurrentContext() result: "NATIVE_APP"
&amp#27;[35m[HTTP]&amp#27;[39m &amp#27;[37m<-- GET /wd/hub/session/0b6daed6-fe8e-4a2e-bd78-3971ab90c129/context &amp#27;[39m&amp#27;[32m200&amp#27;[39m &amp#27;[90m1 ms - 22&amp#27;[39m
&amp#27;[35m[HTTP]&amp#27;[39m &amp#27;[90m&amp#27;[39m
&amp#27;[35m[HTTP]&amp#27;[39m &amp#27;[37m-->&amp#27;[39m &amp#27;[37mPOST&amp#27;[39m &amp#27;[37m/wd/hub/session/0b6daed6-fe8e-4a2e-bd78-3971ab90c129/element&amp#27;[39m
&amp#27;[35m[HTTP]&amp#27;[39m &amp#27;[90m{"using":"accessibility id","value":"test-Username"}&amp#27;[39m
[debug] &amp#27;[35m[W3C (0b6daed6)]&amp#27;[39m Calling AppiumDriver.findElement() with args: ["accessibility id","test-Username","0b6daed6-fe8e-4a2e-bd78-3971ab90c129"]
[debug] &amp#27;[35m[BaseDriver]&amp#27;[39m Valid locator strategies for this request: xpath, id, class name, accessibility id, css selector, -android uiautomator
[debug] &amp#27;[35m[BaseDriver]&amp#27;[39m Waiting up to 0 ms for condition
[debug] &amp#27;[35m[WD Proxy]&amp#27;[39m Matched '/element' to command name 'findElement'
[debug] &amp#27;[35m[WD Proxy]&amp#27;[39m Proxying [POST /element] to [POST http://127.0.0.1:10000/wd/hub/session/164a6e0b-846a-4b1b-b66d-d5859425eba2/element] with body: {"strategy":"accessibility id","selector":"test-Username","context":"","multiple":false}
[debug] &amp#27;[35m[WD Proxy]&amp#27;[39m Got response with status 200: {"sessionId":"164a6e0b-846a-4b1b-b66d-d5859425eba2","value":{"ELEMENT":"7b89cba2-ad7a-403b-8942-12bb532db4f1","element-6066-11e4-a52e-4f735466cecf":"7b89cba2-ad7a-403b-8942-12bb532db4f1"}}
[debug] &amp#27;[35m[W3C (0b6daed6)]&amp#27;[39m Responding to client with driver.findElement() result: {"element-6066-11e4-a52e-4f735466cecf":"7b89cba2-ad7a-403b-8942-12bb532db4f1","ELEMENT":"7b89cba2-ad7a-403b-8942-12bb532db4f1"}
&amp#27;[35m[HTTP]&amp#27;[39m &amp#27;[37m<-- POST /wd/hub/session/0b6daed6-fe8e-4a2e-bd78-3971ab90c129/element &amp#27;[39m&amp#27;[32m200&amp#27;[39m &amp#27;[90m27 ms - 137&amp#27;[39m
&amp#27;[35m[HTTP]&amp#27;[39m &amp#27;[90m&amp#27;[39m
&amp#27;[35m[HTTP]&amp#27;[39m &amp#27;[37m-->&amp#27;[39m &amp#27;[37mPOST&amp#27;[39m &amp#27;[37m/wd/hub/session/0b6daed6-fe8e-4a2e-bd78-3971ab90c129/element/7b89cba2-ad7a-403b-8942-12bb532db4f1/value&amp#27;[39m
&amp#27;[35m[HTTP]&amp#27;[39m &amp#27;[90m{"id":"7b89cba2-ad7a-403b-8942-12bb532db4f1","text":"standard_user","value":["s","t","a","n","d","a","r","d","_","u","s","e","r"]}&amp#27;[39m
[debug] &amp#27;[35m[W3C (0b6daed6)]&amp#27;[39m Calling AppiumDriver.setValue() with args: [["s","t","a","n","d","a","r","d","_","u","s","e","r"],"7b89cba2-ad7a-403b-8942-12bb532db4f1","0b6daed6-fe8e-4a2e-bd78-3971ab90c129"]
[debug] &amp#27;[35m[WD Proxy]&amp#27;[39m Matched '/element/7b89cba2-ad7a-403b-8942-12bb532db4f1/value' to command name 'setValue'
[debug] &amp#27;[35m[Protocol Converter]&amp#27;[39m Added 'value' property ["s","t","a","n","d","a","r","d","_","u","s","e","r"] to 'setValue' request body
[debug] &amp#27;[35m[WD Proxy]&amp#27;[39m Proxying [POST /element/7b89cba2-ad7a-403b-8942-12bb532db4f1/value] to [POST http://127.0.0.1:10000/wd/hub/session/164a6e0b-846a-4b1b-b66d-d5859425eba2/element/7b89cba2-ad7a-403b-8942-12bb532db4f1/value] with body: {"elementId":"7b89cba2-ad7a-403b-8942-12bb532db4f1","text":"standard_user","replace":false,"value":["s","t","a","n","d","a","r","d","_","u","s","e","r"]}
[debug] &amp#27;[35m[WD Proxy]&amp#27;[39m Got response with status 200: {"sessionId":"164a6e0b-846a-4b1b-b66d-d5859425eba2","value":null}
[debug] &amp#27;[35m[W3C (0b6daed6)]&amp#27;[39m Responding to client with driver.setValue() result: null
&amp#27;[35m[HTTP]&amp#27;[39m &amp#27;[37m<-- POST /wd/hub/session/0b6daed6-fe8e-  When I enter  username as "standard_user"                                                           # com.qa.stepdef.LoginStepDef.iEnterUsernameAs(java.lang.String)
4a2e-bd78-3971ab90c129/element/7b89cba2-ad7a-403b-8942-12bb532db4f1/value &amp#27;[39m&amp#27;[32m200&amp#27;[39m &amp#27;[90m539 ms - 14&amp#27;[39m
&amp#27;[35m[HTTP]&amp#27;[39m &amp#27;[90m&amp#27;[39m
&amp#27;[35m[HTTP]&amp#27;[39m &amp#27;[37m-->&amp#27;[39m &amp#27;[37mGET&amp#27;[39m &amp#27;[37m/wd/hub/session/0b6daed6-fe8e-4a2e-bd78-3971ab90c129/context&amp#27;[39m
&amp#27;[35m[HTTP]&amp#27;[39m &amp#27;[90m{}&amp#27;[39m
[debug] &amp#27;[35m[W3C (0b6daed6)]&amp#27;[39m Calling AppiumDriver.getCurrentContext() with args: ["0b6daed6-fe8e-4a2e-bd78-3971ab90c129"]
[debug] &amp#27;[35m[W3C (0b6daed6)]&amp#27;[39m Responding to client with driver.getCurrentContext() result: "NATIVE_APP"
&amp#27;[35m[HTTP]&amp#27;[39m &amp#27;[37m<-- GET /wd/hub/session/0b6daed6-fe8e-4a2e-bd78-3971ab90c129/context &amp#27;[39m&amp#27;[32m200&amp#27;[39m &amp#27;[90m1 ms - 22&amp#27;[39m
&amp#27;[35m[HTTP]&amp#27;[39m &amp#27;[90m&amp#27;[39m
&amp#27;[35m[HTTP]&amp#27;[39m &amp#27;[37m-->&amp#27;[39m &amp#27;[37mPOST&amp#27;[39m &amp#27;[37m/wd/hub/session/0b6daed6-fe8e-4a2e-bd78-3971ab90c129/element&amp#27;[39m
&amp#27;[35m[HTTP]&amp#27;[39m &amp#27;[90m{"using":"accessibility id","value":"test-Password"}&amp#27;[39m
[debug] &amp#27;[35m[W3C (0b6daed6)]&amp#27;[39m Calling AppiumDriver.findElement() with args: ["accessibility id","test-Password","0b6daed6-fe8e-4a2e-bd78-3971ab90c129"]
[debug] &amp#27;[35m[BaseDriver]&amp#27;[39m Valid locator strategies for this request: xpath, id, class name, accessibility id, css selector, -android uiautomator
[debug] &amp#27;[35m[BaseDriver]&amp#27;[39m Waiting up to 0 ms for condition
[debug] &amp#27;[35m[WD Proxy]&amp#27;[39m Matched '/element' to command name 'findElement'
[debug] &amp#27;[35m[WD Proxy]&amp#27;[39m Proxying [POST /element] to [POST http://127.0.0.1:10000/wd/hub/session/164a6e0b-846a-4b1b-b66d-d5859425eba2/element] with body: {"strategy":"accessibility id","selector":"test-Password","context":"","multiple":false}
[debug] &amp#27;[35m[WD Proxy]&amp#27;[39m Got response with status 200: {"sessionId":"164a6e0b-846a-4b1b-b66d-d5859425eba2","value":{"ELEMENT":"6a16a8d2-9710-4fbb-a8ac-7a42c09c9de9","element-6066-11e4-a52e-4f735466cecf":"6a16a8d2-9710-4fbb-a8ac-7a42c09c9de9"}}
[debug] &amp#27;[35m[W3C (0b6daed6)]&amp#27;[39m Responding to client with driver.findElement() result: {"element-6066-11e4-a52e-4f735466cecf":"6a16a8d2-9710-4fbb-a8ac-7a42c09c9de9","ELEMENT":"6a16a8d2-9710-4fbb-a8ac-7a42c09c9de9"}
&amp#27;[35m[HTTP]&amp#27;[39m &amp#27;[37m<-- POST /wd/hub/session/0b6daed6-fe8e-4a2e-bd78-3971ab90c129/element &amp#27;[39m&amp#27;[32m200&amp#27;[39m &amp#27;[90m509 ms - 137&amp#27;[39m
&amp#27;[35m[HTTP]&amp#27;[39m &amp#27;[90m&amp#27;[39m
&amp#27;[35m[HTTP]&amp#27;[39m &amp#27;[37m-->&amp#27;[39m &amp#27;[37mGET&amp#27;[39m &amp#27;[37m/wd/hub/session/0b6daed6-fe8e-4a2e-bd78-3971ab90c129/element/6a16a8d2-9710-4fbb-a8ac-7a42c09c9de9/displayed&amp#27;[39m
&amp#27;[35m[HTTP]&amp#27;[39m &amp#27;[90m{}&amp#27;[39m
[debug] &amp#27;[35m[W3C (0b6daed6)]&amp#27;[39m Calling AppiumDriver.elementDisplayed() with args: ["6a16a8d2-9710-4fbb-a8ac-7a42c09c9de9","0b6daed6-fe8e-4a2e-bd78-3971ab90c129"]
[debug] &amp#27;[35m[WD Proxy]&amp#27;[39m Matched '/element/6a16a8d2-9710-4fbb-a8ac-7a42c09c9de9/attribute/displayed' to command name 'getAttribute'
[debug] &amp#27;[35m[WD Proxy]&amp#27;[39m Proxying [GET /element/6a16a8d2-9710-4fbb-a8ac-7a42c09c9de9/attribute/displayed] to [GET http://127.0.0.1:10000/wd/hub/session/164a6e0b-846a-4b1b-b66d-d5859425eba2/element/6a16a8d2-9710-4fbb-a8ac-7a42c09c9de9/attribute/displayed] with no body
[debug] &amp#27;[35m[WD Proxy]&amp#27;[39m Got response with status 200: {"sessionId":"164a6e0b-846a-4b1b-b66d-d5859425eba2","value":"true"}
[debug] &amp#27;[35m[W3C (0b6daed6)]&amp#27;[39m Responding to client with driver.elementDisplayed() result: true
&amp#27;[35m[HTTP]&amp#27;[39m &amp#27;[37m<-- GET /wd/hub/session/0b6daed6-fe8e-4a2e-bd78-3971ab90c129/element/6a16a8d2-9710-4fbb-a8ac-7a42c09c9de9/displayed &amp#27;[39m&amp#27;[32m200&amp#27;[39m &amp#27;[90m13 ms - 14&amp#27;[39m
&amp#27;[35m[HTTP]&amp#27;[39m &amp#27;[90m&amp#27;[39m
&amp#27;[35m[HTTP]&amp#27;[39m &amp#27;[37m-->&amp#27;[39m &amp#27;[37mGET&amp#27;[39m &amp#27;[37m/wd/hub/session/0b6daed6-fe8e-4a2e-bd78-3971ab90c129/context&amp#27;[39m
&amp#27;[35m[HTTP]&amp#27;[39m &amp#27;[90m{}&amp#27;[39m
[debug] &amp#27;[35m[W3C (0b6daed6)]&amp#27;[39m Calling AppiumDriver.getCurrentContext() with args: ["0b6daed6-fe8e-4a2e-bd78-3971ab90c129"]
[debug] &amp#27;[35m[W3C (0b6daed6)]&amp#27;[39m Responding to client with driver.getCurrentContext() result: "NATIVE_APP"
&amp#27;[35m[HTTP]&amp#27;[39m &amp#27;[37m<-- GET /wd/hub/session/0b6daed6-fe8e-4a2e-bd78-3971ab90c129/context &amp#27;[39m&amp#27;[32m200&amp#27;[39m &amp#27;[90m2 ms - 22&amp#27;[39m
&amp#27;[35m[HTTP]&amp#27;[39m &amp#27;[90m&amp#27;[39m
&amp#27;[35m[HTTP]&amp#27;[39m &amp#27;[37m-->&amp#27;[39m &amp#27;[37mPOST&amp#27;[39m &amp#27;[37m/wd/hub/session/0b6daed6-fe8e-4a2e-bd78-3971ab90c129/element&amp#27;[39m
&amp#27;[35m[HTTP]&amp#27;[39m &amp#27;[90m{"using":"accessibility id","value":"test-Password"}&amp#27;[39m
[debug] &amp#27;[35m[W3C (0b6daed6)]&amp#27;[39m Calling AppiumDriver.findElement() with args: ["accessibility id","test-Password","0b6daed6-fe8e-4a2e-bd78-3971ab90c129"]
[debug] &amp#27;[35m[BaseDriver]&amp#27;[39m Valid locator strategies for this request: xpath, id, class name, accessibility id, css selector, -android uiautomator
[debug] &amp#27;[35m[BaseDriver]&amp#27;[39m Waiting up to 0 ms for condition
[debug] &amp#27;[35m[WD Proxy]&amp#27;[39m Matched '/element' to command name 'findElement'
[debug] &amp#27;[35m[WD Proxy]&amp#27;[39m Proxying [POST /element] to [POST http://127.0.0.1:10000/wd/hub/session/164a6e0b-846a-4b1b-b66d-d5859425eba2/element] with body: {"strategy":"accessibility id","selector":"test-Password","context":"","multiple":false}
[debug] &amp#27;[35m[WD Proxy]&amp#27;[39m Got response with status 200: {"sessionId":"164a6e0b-846a-4b1b-b66d-d5859425eba2","value":{"ELEMENT":"419ed51c-4607-406c-88b8-014610b5166d","element-6066-11e4-a52e-4f735466cecf":"419ed51c-4607-406c-88b8-014610b5166d"}}
[debug] &amp#27;[35m[W3C (0b6daed6)]&amp#27;[39m Responding to client with driver.findElement() result: {"element-6066-11e4-a52e-4f735466cecf":"419ed51c-4607-406c-88b8-014610b5166d","ELEMENT":"419ed51c-4607-406c-88b8-014610b5166d"}
&amp#27;[35m[HTTP]&amp#27;[39m &amp#27;[37m<-- POST /wd/hub/session/0b6daed6-fe8e-4a2e-bd78-3971ab90c129/element &amp#27;[39m&amp#27;[32m200&amp#27;[39m &amp#27;[90m26 ms - 137&amp#27;[39m
&amp#27;[35m[HTTP]&amp#27;[39m &amp#27;[90m&amp#27;[39m
&amp#27;[35m[HTTP]&amp#27;[39m &amp#27;[37m-->&amp#27;[39m &amp#27;[37mPOST&amp#27;[39m &amp#27;[37m/wd/hub/session/0b6daed6-fe8e-4a2e-bd78-3971ab90c129/element/419ed51c-4607-406c-88b8-014610b5166d/clear&amp#27;[39m
&amp#27;[35m[HTTP]&amp#27;[39m &amp#27;[90m{"id":"419ed51c-4607-406c-88b8-014610b5166d"}&amp#27;[39m
[debug] &amp#27;[35m[W3C (0b6daed6)]&amp#27;[39m Calling AppiumDriver.clear() with args: ["419ed51c-4607-406c-88b8-014610b5166d","0b6daed6-fe8e-4a2e-bd78-3971ab90c129"]
[debug] &amp#27;[35m[WD Proxy]&amp#27;[39m Matched '/element/419ed51c-4607-406c-88b8-014610b5166d/clear' to command name 'clear'
[debug] &amp#27;[35m[WD Proxy]&amp#27;[39m Proxying [POST /element/419ed51c-4607-406c-88b8-014610b5166d/clear] to [POST http://127.0.0.1:10000/wd/hub/session/164a6e0b-846a-4b1b-b66d-d5859425eba2/element/419ed51c-4607-406c-88b8-014610b5166d/clear] with body: {"elementId":"419ed51c-4607-406c-88b8-014610b5166d"}
[debug] &amp#27;[35m[WD Proxy]&amp#27;[39m Got response with status 200: {"sessionId":"164a6e0b-846a-4b1b-b66d-d5859425eba2","value":null}
[debug] &amp#27;[35m[W3C (0b6daed6)]&amp#27;[39m Responding to client with driver.clear() result: null
&amp#27;[35m[HTTP]&amp#27;[39m &amp#27;[37m<-- POST /wd/hub/session/0b6daed6-fe8e-4a2e-bd78-3971ab90c129/element/419ed51c-4607-406c-88b8-014610b5166d/clear &amp#27;[39m&amp#27;[32m200&amp#27;[39m &amp#27;[90m20 ms - 14&amp#27;[39m
&amp#27;[35m[HTTP]&amp#27;[39m &amp#27;[90m&amp#27;[39m
&amp#27;[35m[HTTP]&amp#27;[39m &amp#27;[37m-->&amp#27;[39m &amp#27;[37mGET&amp#27;[39m &amp#27;[37m/wd/hub/session/0b6daed6-fe8e-4a2e-bd78-3971ab90c129/context&amp#27;[39m
&amp#27;[35m[HTTP]&amp#27;[39m &amp#27;[90m{}&amp#27;[39m
[debug] &amp#27;[35m[W3C (0b6daed6)]&amp#27;[39m Calling AppiumDriver.getCurrentContext() with args: ["0b6daed6-fe8e-4a2e-bd78-3971ab90c129"]
[debug] &amp#27;[35m[W3C (0b6daed6)]&amp#27;[39m Responding to client with driver.getCurrentContext() result: "NATIVE_APP"
&amp#27;[35m[HTTP]&amp#27;[39m &amp#27;[37m<-- GET /wd/hub/session/0b6daed6-fe8e-4a2e-bd78-3971ab90c129/context &amp#27;[39m&amp#27;[32m200&amp#27;[39m &amp#27;[90m1 ms - 22&amp#27;[39m
&amp#27;[35m[HTTP]&amp#27;[39m &amp#27;[90m&amp#27;[39m
&amp#27;[35m[HTTP]&amp#27;[39m &amp#27;[37m-->&amp#27;[39m &amp#27;[37mPOST&amp#27;[39m &amp#27;[37m/wd/hub/session/0b6daed6-fe8e-4a2e-bd78-3971ab90c129/element&amp#27;[39m
&amp#27;[35m[HTTP]&amp#27;[39m &amp#27;[90m{"using":"accessibility id","value":"test-Password"}&amp#27;[39m
[debug] &amp#27;[35m[W3C (0b6daed6)]&amp#27;[39m Calling AppiumDriver.findElement() with args: ["accessibility id","test-Password","0b6daed6-fe8e-4a2e-bd78-3971ab90c129"]
[debug] &amp#27;[35m[BaseDriver]&amp#27;[39m Valid locator strategies for this request: xpath, id, class name, accessibility id, css selector, -android uiautomator
[debug] &amp#27;[35m[BaseDriver]&amp#27;[39m Waiting up to 0 ms for condition
[debug] &amp#27;[35m[WD Proxy]&amp#27;[39m Matched '/element' to command name 'findElement'
[debug] &amp#27;[35m[WD Proxy]&amp#27;[39m Proxying [POST /element] to [POST http://127.0.0.1:10000/wd/hub/session/164a6e0b-846a-4b1b-b66d-d5859425eba2/element] with body: {"strategy":"accessibility id","selector":"test-Password","context":"","multiple":false}
[debug] &amp#27;[35m[WD Proxy]&amp#27;[39m Got response with status 200: {"sessionId":"164a6e0b-846a-4b1b-b66d-d5859425eba2","value":{"ELEMENT":"3d16de9e-4b0f-47da-ac4c-8720be28f676","element-6066-11e4-a52e-4f735466cecf":"3d16de9e-4b0f-47da-ac4c-8720be28f676"}}
[debug] &amp#27;[35m[W3C (0b6daed6)]&amp#27;[39m Responding to client with driver.findElement() result: {"element-6066-11e4-a52e-4f735466cecf":"3d16de9e-4b0f-47da-ac4c-8720be28f676","ELEMENT":"3d16de9e-4b0f-47da-ac4c-8720be28f676"}
&amp#27;[35m[HTTP]&amp#27;[39m &amp#27;[37m<-- POST /wd/hub/session/0b6daed6-fe8e-4a2e-bd78-3971ab90c129/element &amp#27;[39m&amp#27;[32m200&amp#27;[39m &amp#27;[90m40 ms - 137&amp#27;[39m
&amp#27;[35m[HTTP]&amp#27;[39m &amp#27;[90m&amp#27;[39m
&amp#27;[35m[HTTP]&amp#27;[39m &amp#27;[37m-->&amp#27;[39m &amp#27;[37mGET&amp#27;[39m &amp#27;[37m/wd/hub/session/0b6daed6-fe8e-4a2e-bd78-3971ab90c129/element/3d16de9e-4b0f-47da-ac4c-8720be28f676/displayed&amp#27;[39m
&amp#27;[35m[HTTP]&amp#27;[39m &amp#27;[90m{}&amp#27;[39m
[debug] &amp#27;[35m[W3C (0b6daed6)]&amp#27;[39m Calling AppiumDriver.elementDisplayed() with args: ["3d16de9e-4b0f-47da-ac4c-8720be28f676","0b6daed6-fe8e-4a2e-bd78-3971ab90c129"]
[debug] &amp#27;[35m[WD Proxy]&amp#27;[39m Matched '/element/3d16de9e-4b0f-47da-ac4c-8720be28f676/attribute/displayed' to command name 'getAttribute'
[debug] &amp#27;[35m[WD Proxy]&amp#27;[39m Proxying [GET /element/3d16de9e-4b0f-47da-ac4c-8720be28f676/attribute/displayed] to [GET http://127.0.0.1:10000/wd/hub/session/164a6e0b-846a-4b1b-b66d-d5859425eba2/element/3d16de9e-4b0f-47da-ac4c-8720be28f676/attribute/displayed] with no body
[debug] &amp#27;[35m[WD Proxy]&amp#27;[39m Got response with status 200: {"sessionId":"164a6e0b-846a-4b1b-b66d-d5859425eba2","value":"true"}
[debug] &amp#27;[35m[W3C (0b6daed6)]&amp#27;[39m Responding to client with driver.elementDisplayed() result: true
&amp#27;[35m[HTTP]&amp#27;[39m &amp#27;[37m<-- GET /wd/hub/session/0b6daed6-fe8e-4a2e-bd78-3971ab90c129/element/3d16de9e-4b0f-47da-ac4c-8720be28f676/displayed &amp#27;[39m&amp#27;[32m200&amp#27;[39m &amp#27;[90m455 ms - 14&amp#27;[39m
&amp#27;[35m[HTTP]&amp#27;[39m &amp#27;[90m&amp#27;[39m
[INFO ] 2021-03-26 12:03:43.0465 com.qa.pages.BasePage:com.qa.pages.BasePage.sendKeys(BasePage.java:71) -password is dummy_sauce
&amp#27;[35m[HTTP]&amp#27;[39m &amp#27;[37m-->&amp#27;[39m &amp#27;[37mGET&amp#27;[39m &amp#27;[37m/wd/hub/session/0b6daed6-fe8e-4a2e-bd78-3971ab90c129/context&amp#27;[39m
&amp#27;[35m[HTTP]&amp#27;[39m &amp#27;[90m{}&amp#27;[39m
[debug] &amp#27;[35m[W3C (0b6daed6)]&amp#27;[39m Calling AppiumDriver.getCurrentContext() with args: ["0b6daed6-fe8e-4a2e-bd78-3971ab90c129"]
[debug] &amp#27;[35m[W3C (0b6daed6)]&amp#27;[39m Responding to client with driver.getCurrentContext() result: "NATIVE_APP"
&amp#27;[35m[HTTP]&amp#27;[39m &amp#27;[37m<-- GET /wd/hub/session/0b6daed6-fe8e-4a2e-bd78-3971ab90c129/context &amp#27;[39m&amp#27;[32m200&amp#27;[39m &amp#27;[90m1 ms - 22&amp#27;[39m
&amp#27;[35m[HTTP]&amp#27;[39m &amp#27;[90m&amp#27;[39m
&amp#27;[35m[HTTP]&amp#27;[39m &amp#27;[37m-->&amp#27;[39m &amp#27;[37mPOST&amp#27;[39m &amp#27;[37m/wd/hub/session/0b6daed6-fe8e-4a2e-bd78-3971ab90c129/element&amp#27;[39m
&amp#27;[35m[HTTP]&amp#27;[39m &amp#27;[90m{"using":"accessibility id","value":"test-Password"}&amp#27;[39m
[debug] &amp#27;[35m[W3C (0b6daed6)]&amp#27;[39m Calling AppiumDriver.findElement() with args: ["accessibility id","test-Password","0b6daed6-fe8e-4a2e-bd78-3971ab90c129"]
[debug] &amp#27;[35m[BaseDriver]&amp#27;[39m Valid locator strategies for this request: xpath, id, class name, accessibility id, css selector, -android uiautomator
[debug] &amp#27;[35m[BaseDriver]&amp#27;[39m Waiting up to 0 ms for condition
[debug] &amp#27;[35m[WD Proxy]&amp#27;[39m Matched '/element' to command name 'findElement'
[debug] &amp#27;[35m[WD Proxy]&amp#27;[39m Proxying [POST /element] to [POST http://127.0.0.1:10000/wd/hub/session/164a6e0b-846a-4b1b-b66d-d5859425eba2/element] with body: {"strategy":"accessibility id","selector":"test-Password","context":"","multiple":false}
[debug] &amp#27;[35m[WD Proxy]&amp#27;[39m Got response with status 200: {"sessionId":"164a6e0b-846a-4b1b-b66d-d5859425eba2","value":{"ELEMENT":"b4978c1b-39ca-4219-bb2c-aa0bc1f5c03f","element-6066-11e4-a52e-4f735466cecf":"b4978c1b-39ca-4219-bb2c-aa0bc1f5c03f"}}
[debug] &amp#27;[35m[W3C (0b6daed6)]&amp#27;[39m Responding to client with driver.findElement() result: {"element-6066-11e4-a52e-4f735466cecf":"b4978c1b-39ca-4219-bb2c-aa0bc1f5c03f","ELEMENT":"b4978c1b-39ca-4219-bb2c-aa0bc1f5c03f"}
&amp#27;[35m[HTTP]&amp#27;[39m &amp#27;[37m<-- POST /wd/hub/session/0b6daed6-fe8e-4a2e-bd78-3971ab90c129/element &amp#27;[39m&amp#27;[32m200&amp#27;[39m &amp#27;[90m27 ms - 137&amp#27;[39m
&amp#27;[35m[HTTP]&amp#27;[39m &amp#27;[90m&amp#27;[39m
&amp#27;[35m[HTTP]&amp#27;[39m &amp#27;[37m-->&amp#27;[39m &amp#27;[37mPOST&amp#27;[39m &amp#27;[37m/wd/hub/session/0b6daed6-fe8e-4a2e-bd78-3971ab90c129/element/b4978c1b-39ca-4219-bb2c-aa0bc1f5c03f/value&amp#27;[39m
&amp#27;[35m[HTTP]&amp#27;[39m &amp#27;[90m{"id":"b4978c1b-39ca-4219-bb2c-aa0bc1f5c03f","text":"dummy_sauce","value":["d","u","m","m","y","_","s","a","u","c","e"]}&amp#27;[39m
[debug] &amp#27;[35m[W3C (0b6daed6)]&amp#27;[39m Calling AppiumDriver.setValue() with args: [["d","u","m","m","y","_","s","a","u","c","e"],"b4978c1b-39ca-4219-bb2c-aa0bc1f5c03f","0b6daed6-fe8e-4a2e-bd78-3971ab90c129"]
[debug] &amp#27;[35m[WD Proxy]&amp#27;[39m Matched '/element/b4978c1b-39ca-4219-bb2c-aa0bc1f5c03f/value' to command name 'setValue'
[debug] &amp#27;[35m[Protocol Converter]&amp#27;[39m Added 'value' property ["d","u","m","m","y","_","s","a","u","c","e"] to 'setValue' request body
[debug] &amp#27;[35m[WD Proxy]&amp#27;[39m Proxying [POST /element/b4978c1b-39ca-4219-bb2c-aa0bc1f5c03f/value] to [POST http://127.0.0.1:10000/wd/hub/session/164a6e0b-846a-4b1b-b66d-d5859425eba2/element/b4978c1b-39ca-4219-bb2c-aa0bc1f5c03f/value] with body: {"elementId":"b4978c1b-39ca-4219-bb2c-aa0bc1f5c03f","text":"dummy_sauce","replace":false,"value":["d","u","m","m","y","_","s","a","u","c","e"]}
[debug] &amp#27;[35m[WD Proxy]&amp#27;[39m Got response with status 200: {"sessionId":"164a6e0b-846a-4b1b-b66d-d5859425eba2","value":null}
[debug] &amp#27;[35m[W3C (0b6daed6)]&amp#27;[39m Responding to client with driver.setValue() result: null
&amp#27;[35m[HTTP]&amp#27;[39m &amp#27;[37m<-- POST /wd/hub/session/0b6daed6-fe8e-4a2e-bd78-3971ab90c129/element/b4978c1b-39ca-4219-bb2c-aa0bc1f5c03f/value &amp#27;[39m&amp#27;[32m200&amp#27;[39m &amp#27;[90m534 ms - 14&amp#27;[39m
&amp#27;[35m[HTTP]&amp#27;[39m &amp#27;[90m&amp#27;[39m
  And I enter password as "dummy_sauce"                                                               # com.qa.stepdef.LoginStepDef.iEnterPasswordAs(java.lang.String)
&amp#27;[35m[HTTP]&amp#27;[39m &amp#27;[37m-->&amp#27;[39m &amp#27;[37mGET&amp#27;[39m &amp#27;[37m/wd/hub/session/0b6daed6-fe8e-4a2e-bd78-3971ab90c129/context&amp#27;[39m
&amp#27;[35m[HTTP]&amp#27;[39m &amp#27;[90m{}&amp#27;[39m
[debug] &amp#27;[35m[W3C (0b6daed6)]&amp#27;[39m Calling AppiumDriver.getCurrentContext() with args: ["0b6daed6-fe8e-4a2e-bd78-3971ab90c129"]
[debug] &amp#27;[35m[W3C (0b6daed6)]&amp#27;[39m Responding to client with driver.getCurrentContext() result: "NATIVE_APP"
&amp#27;[35m[HTTP]&amp#27;[39m &amp#27;[37m<-- GET /wd/hub/session/0b6daed6-fe8e-4a2e-bd78-3971ab90c129/context &amp#27;[39m&amp#27;[32m200&amp#27;[39m &amp#27;[90m1 ms - 22&amp#27;[39m
&amp#27;[35m[HTTP]&amp#27;[39m &amp#27;[90m&amp#27;[39m
&amp#27;[35m[HTTP]&amp#27;[39m &amp#27;[37m-->&amp#27;[39m &amp#27;[37mPOST&amp#27;[39m &amp#27;[37m/wd/hub/session/0b6daed6-fe8e-4a2e-bd78-3971ab90c129/element&amp#27;[39m
&amp#27;[35m[HTTP]&amp#27;[39m &amp#27;[90m{"using":"accessibility id","value":"test-LOGIN"}&amp#27;[39m
[debug] &amp#27;[35m[W3C (0b6daed6)]&amp#27;[39m Calling AppiumDriver.findElement() with args: ["accessibility id","test-LOGIN","0b6daed6-fe8e-4a2e-bd78-3971ab90c129"]
[debug] &amp#27;[35m[BaseDriver]&amp#27;[39m Valid locator strategies for this request: xpath, id, class name, accessibility id, css selector, -android uiautomator
[debug] &amp#27;[35m[BaseDriver]&amp#27;[39m Waiting up to 0 ms for condition
[debug] &amp#27;[35m[WD Proxy]&amp#27;[39m Matched '/element' to command name 'findElement'
[debug] &amp#27;[35m[WD Proxy]&amp#27;[39m Proxying [POST /element] to [POST http://127.0.0.1:10000/wd/hub/session/164a6e0b-846a-4b1b-b66d-d5859425eba2/element] with body: {"strategy":"accessibility id","selector":"test-LOGIN","context":"","multiple":false}
[debug] &amp#27;[35m[WD Proxy]&amp#27;[39m Got response with status 200: {"sessionId":"164a6e0b-846a-4b1b-b66d-d5859425eba2","value":{"ELEMENT":"8449ce32-1ed5-46f8-9885-f8637f36d88c","element-6066-11e4-a52e-4f735466cecf":"8449ce32-1ed5-46f8-9885-f8637f36d88c"}}
[debug] &amp#27;[35m[W3C (0b6daed6)]&amp#27;[39m Responding to client with driver.findElement() result: {"element-6066-11e4-a52e-4f735466cecf":"8449ce32-1ed5-46f8-9885-f8637f36d88c","ELEMENT":"8449ce32-1ed5-46f8-9885-f8637f36d88c"}
&amp#27;[35m[HTTP]&amp#27;[39m &amp#27;[37m<-- POST /wd/hub/session/0b6daed6-fe8e-4a2e-bd78-3971ab90c129/element &amp#27;[39m&amp#27;[32m200&amp#27;[39m &amp#27;[90m509 ms - 137&amp#27;[39m
&amp#27;[35m[HTTP]&amp#27;[39m &amp#27;[90m&amp#27;[39m
&amp#27;[35m[HTTP]&amp#27;[39m &amp#27;[37m-->&amp#27;[39m &amp#27;[37mGET&amp#27;[39m &amp#27;[37m/wd/hub/session/0b6daed6-fe8e-4a2e-bd78-3971ab90c129/element/8449ce32-1ed5-46f8-9885-f8637f36d88c/displayed&amp#27;[39m
&amp#27;[35m[HTTP]&amp#27;[39m &amp#27;[90m{}&amp#27;[39m
[debug] &amp#27;[35m[W3C (0b6daed6)]&amp#27;[39m Calling AppiumDriver.elementDisplayed() with args: ["8449ce32-1ed5-46f8-9885-f8637f36d88c","0b6daed6-fe8e-4a2e-bd78-3971ab90c129"]
[debug] &amp#27;[35m[WD Proxy]&amp#27;[39m Matched '/element/8449ce32-1ed5-46f8-9885-f8637f36d88c/attribute/displayed' to command name 'getAttribute'
[debug] &amp#27;[35m[WD Proxy]&amp#27;[39m Proxying [GET /element/8449ce32-1ed5-46f8-9885-f8637f36d88c/attribute/displayed] to [GET http://127.0.0.1:10000/wd/hub/session/164a6e0b-846a-4b1b-b66d-d5859425eba2/element/8449ce32-1ed5-46f8-9885-f8637f36d88c/attribute/displayed] with no body
[debug] &amp#27;[35m[WD Proxy]&amp#27;[39m Got response with status 200: {"sessionId":"164a6e0b-846a-4b1b-b66d-d5859425eba2","value":"true"}
[debug] &amp#27;[35m[W3C (0b6daed6)]&amp#27;[39m Responding to client with driver.elementDisplayed() result: true
&amp#27;[35m[HTTP]&amp#27;[39m &amp#27;[37m<-- GET /wd/hub/session/0b6daed6-fe8e-4a2e-bd78-3971ab90c129/element/8449ce32-1ed5-46f8-9885-f8637f36d88c/displayed &amp#27;[39m&amp#27;[32m200&amp#27;[39m &amp#27;[90m11 ms - 14&amp#27;[39m
&amp#27;[35m[HTTP]&amp#27;[39m &amp#27;[90m&amp#27;[39m
[INFO ] 2021-03-26 12:03:44.0569 com.qa.pages.BasePage:com.qa.pages.BasePage.click(BasePage.java:54) -press login button
&amp#27;[35m[HTTP]&amp#27;[39m &amp#27;[37m-->&amp#27;[39m &amp#27;[37mGET&amp#27;[39m &amp#27;[37m/wd/hub/session/0b6daed6-fe8e-4a2e-bd78-3971ab90c129/context&amp#27;[39m
&amp#27;[35m[HTTP]&amp#27;[39m &amp#27;[90m{}&amp#27;[39m
[debug] &amp#27;[35m[W3C (0b6daed6)]&amp#27;[39m Calling AppiumDriver.getCurrentContext() with args: ["0b6daed6-fe8e-4a2e-bd78-3971ab90c129"]
[debug] &amp#27;[35m[W3C (0b6daed6)]&amp#27;[39m Responding to client with driver.getCurrentContext() result: "NATIVE_APP"
&amp#27;[35m[HTTP]&amp#27;[39m &amp#27;[37m<-- GET /wd/hub/session/0b6daed6-fe8e-4a2e-bd78-3971ab90c129/context &amp#27;[39m&amp#27;[32m200&amp#27;[39m &amp#27;[90m1 ms - 22&amp#27;[39m
&amp#27;[35m[HTTP]&amp#27;[39m &amp#27;[90m&amp#27;[39m
&amp#27;[35m[HTTP]&amp#27;[39m &amp#27;[37m-->&amp#27;[39m &amp#27;[37mPOST&amp#27;[39m &amp#27;[37m/wd/hub/session/0b6daed6-fe8e-4a2e-bd78-3971ab90c129/element&amp#27;[39m
&amp#27;[35m[HTTP]&amp#27;[39m &amp#27;[90m{"using":"accessibility id","value":"test-LOGIN"}&amp#27;[39m
[debug] &amp#27;[35m[W3C (0b6daed6)]&amp#27;[39m Calling AppiumDriver.findElement() with args: ["accessibility id","test-LOGIN","0b6daed6-fe8e-4a2e-bd78-3971ab90c129"]
[debug] &amp#27;[35m[BaseDriver]&amp#27;[39m Valid locator strategies for this request: xpath, id, class name, accessibility id, css selector, -android uiautomator
[debug] &amp#27;[35m[BaseDriver]&amp#27;[39m Waiting up to 0 ms for condition
[debug] &amp#27;[35m[WD Proxy]&amp#27;[39m Matched '/element' to command name 'findElement'
[debug] &amp#27;[35m[WD Proxy]&amp#27;[39m Proxying [POST /element] to [POST http://127.0.0.1:10000/wd/hub/session/164a6e0b-846a-4b1b-b66d-d5859425eba2/element] with body: {"strategy":"accessibility id","selector":"test-LOGIN","context":"","multiple":false}
[debug] &amp#27;[35m[WD Proxy]&amp#27;[39m Got response with status 200: {"sessionId":"164a6e0b-846a-4b1b-b66d-d5859425eba2","value":{"ELEMENT":"3d91d220-dbbc-4208-8571-8bd917d56c2a","element-6066-11e4-a52e-4f735466cecf":"3d91d220-dbbc-4208-8571-8bd917d56c2a"}}
[debug] &amp#27;[35m[W3C (0b6daed6)]&amp#27;[39m Responding to client with driver.findElement() result: {"element-6066-11e4-a52e-4f735466cecf":"3d91d220-dbbc-4208-8571-8bd917d56c2a","ELEMENT":"3d91d220-dbbc-4208-8571-8bd917d56c2a"}
&amp#27;[35m[HTTP]&amp#27;[39m &amp#27;[37m<-- POST /wd/hub/session/0b6daed6-fe8e-4a2e-bd78-3971ab90c129/element &amp#27;[39m&amp#27;[32m200&amp#27;[39m &amp#27;[90m31 ms - 137&amp#27;[39m
&amp#27;[35m[HTTP]&amp#27;[39m &amp#27;[90m&amp#27;[39m
&amp#27;[35m[HTTP]&amp#27;[39m &amp#27;[37m-->&amp#27;[39m &amp#27;[37mPOST&amp#27;[39m &amp#27;[37m/wd/hub/session/0b6daed6-fe8e-4a2e-bd78-3971ab90c129/element/3d91d220-dbbc-4208-8571-8bd917d56c2a/click&amp#27;[39m
&amp#27;[35m[HTTP]&amp#27;[39m &amp#27;[90m{"id":"3d91d220-dbbc-4208-8571-8bd917d56c2a"}&amp#27;[39m
[debug] &amp#27;[35m[W3C (0b6daed6)]&amp#27;[39m Calling AppiumDriver.click() with args: ["3d91d220-dbbc-4208-8571-8bd917d56c2a","0b6daed6-fe8e-4a2e-bd78-3971ab90c129"]
[debug] &amp#27;[35m[WD Proxy]&amp#27;[39m Matched '/element/3d91d220-dbbc-4208-8571-8bd917d56c2a/click' to command name 'click'
[debug] &amp#27;[35m[WD Proxy]&amp#27;[39m Proxying [POST /element/3d91d220-dbbc-4208-8571-8bd917d56c2a/click] to [POST http://127.0.0.1:10000/wd/hub/session/164a6e0b-846a-4b1b-b66d-d5859425eba2/element/3d91d220-dbbc-4208-8571-8bd917d56c2a/click] with body: {"element":"3d91d220-dbbc-4208-8571-8bd917d56c2a"}
[debug] &amp#27;[35m[WD Proxy]&amp#27;[39m Got response with status 200: {"sessionId":"164a6e0b-846a-4b1b-b66d-d5859425eba2","value":null}
[debug] &amp#27;[35m[W3C (0b6daed6)]&amp#27;[39m Responding to client with driver.click() result: null
&amp#27;[35m[HTTP]&amp#27;[39m &amp#27;[37m<-- POST /wd/hub/session/0b6daed6-fe8e-4a2e-bd78-3971ab90c129/element/3d91d220-dbbc-4208-8571-8bd917d56c2a/click &amp#27;[39m&amp#27;[32m200&amp#27;[39m &amp#27;[90m52 ms - 14&amp#27;[39m
&amp#27;[35m[HTTP]&amp#27;[39m &amp#27;[90m&amp#27;[39m
  And I Login                                                                                         # com.qa.stepdef.LoginStepDef.iLogin()
&amp#27;[35m[HTTP]&amp#27;[39m &amp#27;[37m-->&amp#27;[39m &amp#27;[37mGET&amp#27;[39m &amp#27;[37m/wd/hub/session/0b6daed6-fe8e-4a2e-bd78-3971ab90c129/context&amp#27;[39m
&amp#27;[35m[HTTP]&amp#27;[39m &amp#27;[90m{}&amp#27;[39m
[debug] &amp#27;[35m[W3C (0b6daed6)]&amp#27;[39m Calling AppiumDriver.getCurrentContext() with args: ["0b6daed6-fe8e-4a2e-bd78-3971ab90c129"]
[debug] &amp#27;[35m[W3C (0b6daed6)]&amp#27;[39m Responding to client with driver.getCurrentContext() result: "NATIVE_APP"
&amp#27;[35m[HTTP]&amp#27;[39m &amp#27;[37m<-- GET /wd/hub/session/0b6daed6-fe8e-4a2e-bd78-3971ab90c129/context &amp#27;[39m&amp#27;[32m200&amp#27;[39m &amp#27;[90m1 ms - 22&amp#27;[39m
&amp#27;[35m[HTTP]&amp#27;[39m &amp#27;[90m&amp#27;[39m
&amp#27;[35m[HTTP]&amp#27;[39m &amp#27;[37m-->&amp#27;[39m &amp#27;[37mPOST&amp#27;[39m &amp#27;[37m/wd/hub/session/0b6daed6-fe8e-4a2e-bd78-3971ab90c129/element&amp#27;[39m
&amp#27;[35m[HTTP]&amp#27;[39m &amp#27;[90m{"using":"xpath","value":"//android.view.ViewGroup[@content-desc=\"test-Error message\"]/android.widget.TextView"}&amp#27;[39m
[debug] &amp#27;[35m[W3C (0b6daed6)]&amp#27;[39m Calling AppiumDriver.findElement() with args: ["xpath","//android.view.ViewGroup[@content-desc=\"test-Error message\"]/android.widget.TextView","0b6daed6-fe8e-4a2e-bd78-3971ab90c129"]
[debug] &amp#27;[35m[BaseDriver]&amp#27;[39m Valid locator strategies for this request: xpath, id, class name, accessibility id, css selector, -android uiautomator
[debug] &amp#27;[35m[BaseDriver]&amp#27;[39m Waiting up to 0 ms for condition
[debug] &amp#27;[35m[WD Proxy]&amp#27;[39m Matched '/element' to command name 'findElement'
[debug] &amp#27;[35m[WD Proxy]&amp#27;[39m Proxying [POST /element] to [POST http://127.0.0.1:10000/wd/hub/session/164a6e0b-846a-4b1b-b66d-d5859425eba2/element] with body: {"strategy":"xpath","selector":"//android.view.ViewGroup[@content-desc=\"test-Error message\"]/android.widget.TextView","context":"","multiple":false}
[debug] &amp#27;[35m[WD Proxy]&amp#27;[39m Got response with status 200: {"sessionId":"164a6e0b-846a-4b1b-b66d-d5859425eba2","value":{"ELEMENT":"74c2ac58-6f92-446d-b889-481d2865833a","element-6066-11e4-a52e-4f735466cecf":"74c2ac58-6f92-446d-b889-481d2865833a"}}
[debug] &amp#27;[35m[W3C (0b6daed6)]&amp#27;[39m Responding to client with driver.findElement() result: {"element-6066-11e4-a52e-4f735466cecf":"74c2ac58-6f92-446d-b889-481d2865833a","ELEMENT":"74c2ac58-6f92-446d-b889-481d2865833a"}
&amp#27;[35m[HTTP]&amp#27;[39m &amp#27;[37m<-- POST /wd/hub/session/0b6daed6-fe8e-4a2e-bd78-3971ab90c129/element &amp#27;[39m&amp#27;[32m200&amp#27;[39m &amp#27;[90m87 ms - 137&amp#27;[39m
&amp#27;[35m[HTTP]&amp#27;[39m &amp#27;[90m&amp#27;[39m
&amp#27;[35m[HTTP]&amp#27;[39m &amp#27;[37m-->&amp#27;[39m &amp#27;[37mGET&amp#27;[39m &amp#27;[37m/wd/hub/session/0b6daed6-fe8e-4a2e-bd78-3971ab90c129/element/74c2ac58-6f92-446d-b889-481d2865833a/displayed&amp#27;[39m
&amp#27;[35m[HTTP]&amp#27;[39m &amp#27;[90m{}&amp#27;[39m
[debug] &amp#27;[35m[W3C (0b6daed6)]&amp#27;[39m Calling AppiumDriver.elementDisplayed() with args: ["74c2ac58-6f92-446d-b889-481d2865833a","0b6daed6-fe8e-4a2e-bd78-3971ab90c129"]
[debug] &amp#27;[35m[WD Proxy]&amp#27;[39m Matched '/element/74c2ac58-6f92-446d-b889-481d2865833a/attribute/displayed' to command name 'getAttribute'
[debug] &amp#27;[35m[WD Proxy]&amp#27;[39m Proxying [GET /element/74c2ac58-6f92-446d-b889-481d2865833a/attribute/displayed] to [GET http://127.0.0.1:10000/wd/hub/session/164a6e0b-846a-4b1b-b66d-d5859425eba2/element/74c2ac58-6f92-446d-b889-481d2865833a/attribute/displayed] with no body
[debug] &amp#27;[35m[WD Proxy]&amp#27;[39m Got response with status 200: {"sessionId":"164a6e0b-846a-4b1b-b66d-d5859425eba2","value":"true"}
[debug] &amp#27;[35m[W3C (0b6daed6)]&amp#27;[39m Responding to client with driver.elementDisplayed() result: true
&amp#27;[35m[HTTP]&amp#27;[39m &amp#27;[37m<-- GET /wd/hub/session/0b6daed6-fe8e-4a2e-bd78-3971ab90c129/element/74c2ac58-6f92-446d-b889-481d2865833a/displayed &amp#27;[39m&amp#27;[32m200&amp#27;[39m &amp#27;[90m13 ms - 14&amp#27;[39m
&amp#27;[35m[HTTP]&amp#27;[39m &amp#27;[90m&amp#27;[39m
&amp#27;[35m[HTTP]&amp#27;[39m &amp#27;[37m-->&amp#27;[39m &amp#27;[37mGET&amp#27;[39m &amp#27;[37m/wd/hub/session/0b6daed6-fe8e-4a2e-bd78-3971ab90c129/context&amp#27;[39m
&amp#27;[35m[HTTP]&amp#27;[39m &amp#27;[90m{}&amp#27;[39m
[debug] &amp#27;[35m[W3C (0b6daed6)]&amp#27;[39m Calling AppiumDriver.getCurrentContext() with args: ["0b6daed6-fe8e-4a2e-bd78-3971ab90c129"]
[debug] &amp#27;[35m[W3C (0b6daed6)]&amp#27;[39m Responding to client with driver.getCurrentContext() result: "NATIVE_APP"
&amp#27;[35m[HTTP]&amp#27;[39m &amp#27;[37m<-- GET /wd/hub/session/0b6daed6-fe8e-4a2e-bd78-3971ab90c129/context &amp#27;[39m&amp#27;[32m200&amp#27;[39m &amp#27;[90m2 ms - 22&amp#27;[39m
&amp#27;[35m[HTTP]&amp#27;[39m &amp#27;[90m&amp#27;[39m
&amp#27;[35m[HTTP]&amp#27;[39m &amp#27;[37m-->&amp#27;[39m &amp#27;[37mPOST&amp#27;[39m &amp#27;[37m/wd/hub/session/0b6daed6-fe8e-4a2e-bd78-3971ab90c129/element&amp#27;[39m
&amp#27;[35m[HTTP]&amp#27;[39m &amp#27;[90m{"using":"xpath","value":"//android.view.ViewGroup[@content-desc=\"test-Error message\"]/android.widget.TextView"}&amp#27;[39m
[debug] &amp#27;[35m[W3C (0b6daed6)]&amp#27;[39m Calling AppiumDriver.findElement() with args: ["xpath","//android.view.ViewGroup[@content-desc=\"test-Error message\"]/android.widget.TextView","0b6daed6-fe8e-4a2e-bd78-3971ab90c129"]
[debug] &amp#27;[35m[BaseDriver]&amp#27;[39m Valid locator strategies for this request: xpath, id, class name, accessibility id, css selector, -android uiautomator
[debug] &amp#27;[35m[BaseDriver]&amp#27;[39m Waiting up to 0 ms for condition
[debug] &amp#27;[35m[WD Proxy]&amp#27;[39m Matched '/element' to command name 'findElement'
[debug] &amp#27;[35m[WD Proxy]&amp#27;[39m Proxying [POST /element] to [POST http://127.0.0.1:10000/wd/hub/session/164a6e0b-846a-4b1b-b66d-d5859425eba2/element] with body: {"strategy":"xpath","selector":"//android.view.ViewGroup[@content-desc=\"test-Error message\"]/android.widget.TextView","context":"","multiple":false}
[debug] &amp#27;[35m[WD Proxy]&amp#27;[39m Got response with status 200: {"sessionId":"164a6e0b-846a-4b1b-b66d-d5859425eba2","value":{"ELEMENT":"8d9a031d-e4dd-444b-9f05-1b35471270e6","element-6066-11e4-a52e-4f735466cecf":"8d9a031d-e4dd-444b-9f05-1b35471270e6"}}
[debug] &amp#27;[35m[W3C (0b6daed6)]&amp#27;[39m Responding to client with driver.findElement() result: {"element-6066-11e4-a52e-4f735466cecf":"8d9a031d-e4dd-444b-9f05-1b35471270e6","ELEMENT":"8d9a031d-e4dd-444b-9f05-1b35471270e6"}
&amp#27;[35m[HTTP]&amp#27;[39m &amp#27;[37m<-- POST /wd/hub/session/0b6daed6-fe8e-4a2e-bd78-3971ab90c129/element &amp#27;[39m&amp#27;[32m200&amp#27;[39m &amp#27;[90m172 ms - 137&amp#27;[39m
&amp#27;[35m[HTTP]&amp#27;[39m &amp#27;[90m&amp#27;[39m
&amp#27;[35m[HTTP]&amp#27;[39m &amp#27;[37m-->&amp#27;[39m &amp#27;[37mGET&amp#27;[39m &amp#27;[37m/wd/hub/session/0b6daed6-fe8e-4a2e-bd78-3971ab90c129/element/8d9a031d-e4dd-444b-9f05-1b35471270e6/attribute/text&amp#27;[39m
&amp#27;[35m[HTTP]&amp#27;[39m &amp#27;[90m{}&amp#27;[39m
[debug] &amp#27;[35m[W3C (0b6daed6)]&amp#27;[39m Calling AppiumDriver.getAttribute() with args: ["text","8d9a031d-e4dd-444b-9f05-1b35471270e6","0b6daed6-fe8e-4a2e-bd78-3971ab90c129"]
[debug] &amp#27;[35m[WD Proxy]&amp#27;[39m Matched '/element/8d9a031d-e4dd-444b-9f05-1b35471270e6/attribute/text' to command name 'getAttribute'
[debug] &amp#27;[35m[WD Proxy]&amp#27;[39m Proxying [GET /element/8d9a031d-e4dd-444b-9f05-1b35471270e6/attribute/text] to [GET http://127.0.0.1:10000/wd/hub/session/164a6e0b-846a-4b1b-b66d-d5859425eba2/element/8d9a031d-e4dd-444b-9f05-1b35471270e6/attribute/text] with no body
[debug] &amp#27;[35m[WD Proxy]&amp#27;[39m Got response with status 200: {"sessionId":"164a6e0b-846a-4b1b-b66d-d5859425eba2","value":"Username and password do not match any user in this service."}
[debug] &amp#27;[35m[W3C (0b6daed6)]&amp#27;[39m Responding to client with driver.getAttribute() result: "Username and password do not match any user in this service."
&amp#27;[35m[HTTP]&amp#27;[39m &amp#27;[37m<-- GET /wd/hub/session/0b6daed6-fe8e-4a2e-bd78-3971ab90c129/element/8d9a031d-e4dd-444b-9f05-1b35471270e6/attribute/text &amp#27;[39m&amp#27;[32m200&amp#27;[39m &amp#27;[90m12 ms - 72&amp#27;[39m
&amp#27;[35m[HTTP]&amp#27;[39m &amp#27;[90m&amp#27;[39m
[INFO ] 2021-03-26 12:03:44.0976 com.qa.pages.BasePage:com.qa.pages.BasePage.getText(BasePage.java:97) -error text is - Username and password do not match any user in this service.
  Then Login should fail with an error "Username and password do not match any user in this service." # com.qa.stepdef.LoginStepDef.loginShouldFailWithAnError(java.lang.String)
&amp#27;[35m[HTTP]&amp#27;[39m &amp#27;[37m-->&amp#27;[39m &amp#27;[37mPOST&amp#27;[39m &amp#27;[37m/wd/hub/session/0b6daed6-fe8e-4a2e-bd78-3971ab90c129/appium/stop_recording_screen&amp#27;[39m
&amp#27;[35m[HTTP]&amp#27;[39m &amp#27;[90m{}&amp#27;[39m
[debug] &amp#27;[35m[W3C (0b6daed6)]&amp#27;[39m Calling AppiumDriver.stopRecordingScreen() with args: [null,"0b6daed6-fe8e-4a2e-bd78-3971ab90c129"]
[debug] &amp#27;[35m[ADB]&amp#27;[39m Getting IDs of all 'screenrecord' processes
[debug] &amp#27;[35m[ADB]&amp#27;[39m Running '/Users/vishnu.vardhan/Library/Android/sdk/platform-tools/adb -P 5037 -s emulator-5554 shell pgrep -f \(\[\[:blank:\]\]\|\^\)screenrecord\(\[\[:blank:\]\]\|\$\)'
[debug] &amp#27;[35m[ADB]&amp#27;[39m Running '/Users/vishnu.vardhan/Library/Android/sdk/platform-tools/adb -P 5037 -s emulator-5554 shell kill -2 6315'
[debug] &amp#27;[35m[ADB]&amp#27;[39m Getting IDs of all 'screenrecord' processes
[debug] &amp#27;[35m[ADB]&amp#27;[39m Running '/Users/vishnu.vardhan/Library/Android/sdk/platform-tools/adb -P 5037 -s emulator-5554 shell pgrep -f \(\[\[:blank:\]\]\|\^\)screenrecord\(\[\[:blank:\]\]\|\$\)'
[debug] &amp#27;[35m[ADB]&amp#27;[39m Getting IDs of all 'screenrecord' processes
[debug] &amp#27;[35m[ADB]&amp#27;[39m Running '/Users/vishnu.vardhan/Library/Android/sdk/platform-tools/adb -P 5037 -s emulator-5554 shell pgrep -f \(\[\[:blank:\]\]\|\^\)screenrecord\(\[\[:blank:\]\]\|\$\)'
[debug] &amp#27;[35m[ADB]&amp#27;[39m Running '/Users/vishnu.vardhan/Library/Android/sdk/platform-tools/adb -P 5037 -s emulator-5554 pull /sdcard/1babedae.mp4 /var/folders/t_/qm5w4ckx14z559xvzn1kfl619_yhqh/T/2021226-92165-a0avlo.kfugf/1babedae.mp4'
[debug] &amp#27;[35m[ADB]&amp#27;[39m Running '/Users/vishnu.vardhan/Library/Android/sdk/platform-tools/adb -P 5037 -s emulator-5554 shell rm -rf /sdcard/1babedae.mp4'
[debug] &amp#27;[35m[AndroidDriver]&amp#27;[39m The size of the resulting screen recording is 249.98 KB
[debug] &amp#27;[35m[W3C (0b6daed6)]&amp#27;[39m Responding to client with driver.stopRecordingScreen() result: "AAAAGGZ0eXBtcDQyAAAAAGlzb21tcDQyAAADsG1vb3YAAABsbXZoZAAAAADcgzDI3IMwyAAAA+gAABCNAAEAAAEAAAAAAAAAAAAAAAABAAAAAAAAAAAAAAAAAAAAAQAAAAAAAAAAAAAAAAAAQAAAAAAAAAAAAAAAAAAAAAAAAAAAAAAAAAAAAAAAAAIAAAB2bWV0YQAAACFoZGxyAAAAAAAAAABtZHRhAAAAAAAAAAAAAAAAAAAAACtrZXlzAAAAAAAAAAEAAAAbbWR0YWNvbS5hbmRyb2lkLnZlcnNpb24AAAAiaWxzdAAAABoAAAABAAAAEmRhdGEAAAABAAAAADEwAAACxnRyYWsAAABcdGtoZAAAAAfcgzDI3IMwyAAAAAEAAAAAAAAQjQAAAAAAAAAAAAAAAAAAAAAAAQAAAAAAAAAAAAAAAAAAAAEAAAAAAAAAAAAAAAAAAEAAAAAEOAAACHAAAAAAAmJtZGlhAAAAIG1kaGQAAAAA3IMwyNyDMMgAAV+QAAXRrwAAAAAAAAAsaGRscgAAAAAAAAAAdmlkZQAAAAAAAAAAAAAAAFZpZGVvSGFuZGxlAAAAAg5taW5mAAAAFHZtaGQAAAABAAAAAAAAAAAAAAAkZGluZgAAABxkcmVmAAAAAAAAAAEAAAAMdXJsIAAAAAEAAAHOc3RibAAAALJzdHNkAAAAAAAAAAEAAACiYXZjMQAAAAAAAAABAAAAAAAAAAAAAAAAAAAAAAQ4CHAASAAAAEgAAAAAAAAAAQAgICAgICAgICAgICAgICAgICAgICAgICAgICAgICAgABj//wAAAClhdmNDAULAMv/hABBnQsAyjWgEQBD+XgHhEI1AAQAGaM4BqDXIAAAAEHBhc3AAAQAAAAEAAAAAABNjb2xybmNseAABAAEAAQAAAACAc3R0cwAAAAAAAAAOAAAAAQAAkWoAAAABAAARngAAAAEAAN3QAAAAAQAAs58AAAABAAAQxQAAAAEAAMe+AAAAAQAAB0YA...
&amp#27;[35m[HTTP]&amp#27;[39m &amp#27;[37m<-- POST /wd/hub/session/0b6daed6-fe8e-4a2e-bd78-3971ab90c129/appium/stop_recording_screen &amp#27;[39m&amp#27;[32m200&amp#27;[39m &amp#27;[90m720 ms - 341316&amp#27;[39m
&amp#27;[35m[HTTP]&amp#27;[39m &amp#27;[90m&amp#27;[39m
[INFO ] 2021-03-26 12:03:45.0731 com.qa.utils.VideoManager:com.qa.utils.VideoManager.stopRecording(VideoManager.java:35) -video path: Android_pixel2/Videos/Login with invalid password.mp4
]]></system-out>
  </testcase>
  <testcase name="runScenario[&quot;Login with valid username and password&quot;, &quot;Optional[Login scenarios for Sauce Labs App]&quot;](3)" classname="com.qa.runners.MyTestNGRunnersTest" time="5.894">
    <system-out><![CDATA[
@test
Scenario Outline: Login with valid username and password # src/test/resources/Login.feature:26
&amp#27;[35m[HTTP]&amp#27;[39m &amp#27;[37m-->&amp#27;[39m &amp#27;[37mPOST&amp#27;[39m &amp#27;[37m/wd/hub/session/0b6daed6-fe8e-4a2e-bd78-3971ab90c129/appium/start_recording_screen&amp#27;[39m
&amp#27;[35m[HTTP]&amp#27;[39m &amp#27;[90m{}&amp#27;[39m
[debug] &amp#27;[35m[W3C (0b6daed6)]&amp#27;[39m Calling AppiumDriver.startRecordingScreen() with args: [null,"0b6daed6-fe8e-4a2e-bd78-3971ab90c129"]
[debug] &amp#27;[35m[ADB]&amp#27;[39m Getting IDs of all 'screenrecord' processes
[debug] &amp#27;[35m[ADB]&amp#27;[39m Running '/Users/vishnu.vardhan/Library/Android/sdk/platform-tools/adb -P 5037 -s emulator-5554 shell pgrep -f \(\[\[:blank:\]\]\|\^\)screenrecord\(\[\[:blank:\]\]\|\$\)'
&amp#27;[35m[AndroidDriver]&amp#27;[39m Screen recording has not been previously started by Appium. There is nothing to stop
[debug] &amp#27;[35m[ADB]&amp#27;[39m Getting IDs of all 'screenrecord' processes
[debug] &amp#27;[35m[ADB]&amp#27;[39m Running '/Users/vishnu.vardhan/Library/Android/sdk/platform-tools/adb -P 5037 -s emulator-5554 shell pgrep -f \(\[\[:blank:\]\]\|\^\)screenrecord\(\[\[:blank:\]\]\|\$\)'
[debug] &amp#27;[35m[ADB]&amp#27;[39m Building screenrecord process with the command line: adb -P 5037 -s emulator-5554 shell screenrecord --time-limit 180 /sdcard/39e126c9.mp4
[debug] &amp#27;[35m[ADB]&amp#27;[39m Running '/Users/vishnu.vardhan/Library/Android/sdk/platform-tools/adb -P 5037 -s emulator-5554 shell "[ -e '/sdcard/39e126c9.mp4' ] && echo __PASS__"'
[debug] &amp#27;[35m[ADB]&amp#27;[39m Running '/Users/vishnu.vardhan/Library/Android/sdk/platform-tools/adb -P 5037 -s emulator-5554 shell "[ -e '/sdcard/39e126c9.mp4' ] && echo __PASS__"'
[debug] &amp#27;[35m[W3C (0b6daed6)]&amp#27;[39m Responding to client with driver.startRecordingScreen() result: ""
&amp#27;[35m[HTTP]&amp#27;[39m &amp#27;[37m<-- POST /wd/hub/session/0b6daed6-fe8e-4a2e-bd78-3971ab90c129/appium/start_recording_screen &amp#27;[39m&amp#27;[32m200&amp#27;[39m &amp#27;[90m429 ms - 12&amp#27;[39m
&amp#27;[35m[HTTP]&amp#27;[39m &amp#27;[90m&amp#27;[39m
&amp#27;[35m[HTTP]&amp#27;[39m &amp#27;[37m-->&amp#27;[39m &amp#27;[37mGET&amp#27;[39m &amp#27;[37m/wd/hub/session/0b6daed6-fe8e-4a2e-bd78-3971ab90c129/context&amp#27;[39m
&amp#27;[35m[HTTP]&amp#27;[39m &amp#27;[90m{}&amp#27;[39m
[debug] &amp#27;[35m[W3C (0b6daed6)]&amp#27;[39m Calling AppiumDriver.getCurrentContext() with args: ["0b6daed6-fe8e-4a2e-bd78-3971ab90c129"]
[debug] &amp#27;[35m[W3C (0b6daed6)]&amp#27;[39m Responding to client with driver.getCurrentContext() result: "NATIVE_APP"
&amp#27;[35m[HTTP]&amp#27;[39m &amp#27;[37m<-- GET /wd/hub/session/0b6daed6-fe8e-4a2e-bd78-3971ab90c129/context &amp#27;[39m&amp#27;[32m200&amp#27;[39m &amp#27;[90m1 ms - 22&amp#27;[39m
&amp#27;[35m[HTTP]&amp#27;[39m &amp#27;[90m&amp#27;[39m
&amp#27;[35m[HTTP]&amp#27;[39m &amp#27;[37m-->&amp#27;[39m &amp#27;[37mPOST&amp#27;[39m &amp#27;[37m/wd/hub/session/0b6daed6-fe8e-4a2e-bd78-3971ab90c129/element&amp#27;[39m
&amp#27;[35m[HTTP]&amp#27;[39m &amp#27;[90m{"using":"accessibility id","value":"test-Username"}&amp#27;[39m
[debug] &amp#27;[35m[W3C (0b6daed6)]&amp#27;[39m Calling AppiumDriver.findElement() with args: ["accessibility id","test-Username","0b6daed6-fe8e-4a2e-bd78-3971ab90c129"]
[debug] &amp#27;[35m[BaseDriver]&amp#27;[39m Valid locator strategies for this request: xpath, id, class name, accessibility id, css selector, -android uiautomator
[debug] &amp#27;[35m[BaseDriver]&amp#27;[39m Waiting up to 0 ms for condition
[debug] &amp#27;[35m[WD Proxy]&amp#27;[39m Matched '/element' to command name 'findElement'
[debug] &amp#27;[35m[WD Proxy]&amp#27;[39m Proxying [POST /element] to [POST http://127.0.0.1:10000/wd/hub/session/164a6e0b-846a-4b1b-b66d-d5859425eba2/element] with body: {"strategy":"accessibility id","selector":"test-Username","context":"","multiple":false}
[debug] &amp#27;[35m[WD Proxy]&amp#27;[39m Got response with status 200: {"sessionId":"164a6e0b-846a-4b1b-b66d-d5859425eba2","value":{"ELEMENT":"109e58c3-3c3b-4f08-be64-8baec6760d57","element-6066-11e4-a52e-4f735466cecf":"109e58c3-3c3b-4f08-be64-8baec6760d57"}}
[debug] &amp#27;[35m[W3C (0b6daed6)]&amp#27;[39m Responding to client with driver.findElement() result: {"element-6066-11e4-a52e-4f735466cecf":"109e58c3-3c3b-4f08-be64-8baec6760d57","ELEMENT":"109e58c3-3c3b-4f08-be64-8baec6760d57"}
&amp#27;[35m[HTTP]&amp#27;[39m &amp#27;[37m<-- POST /wd/hub/session/0b6daed6-fe8e-4a2e-bd78-3971ab90c129/element &amp#27;[39m&amp#27;[32m200&amp#27;[39m &amp#27;[90m25 ms - 137&amp#27;[39m
&amp#27;[35m[HTTP]&amp#27;[39m &amp#27;[90m&amp#27;[39m
&amp#27;[35m[HTTP]&amp#27;[39m &amp#27;[37m-->&amp#27;[39m &amp#27;[37mGET&amp#27;[39m &amp#27;[37m/wd/hub/session/0b6daed6-fe8e-4a2e-bd78-3971ab90c129/element/109e58c3-3c3b-4f08-be64-8baec6760d57/displayed&amp#27;[39m
&amp#27;[35m[HTTP]&amp#27;[39m &amp#27;[90m{}&amp#27;[39m
[debug] &amp#27;[35m[W3C (0b6daed6)]&amp#27;[39m Calling AppiumDriver.elementDisplayed() with args: ["109e58c3-3c3b-4f08-be64-8baec6760d57","0b6daed6-fe8e-4a2e-bd78-3971ab90c129"]
[debug] &amp#27;[35m[WD Proxy]&amp#27;[39m Matched '/element/109e58c3-3c3b-4f08-be64-8baec6760d57/attribute/displayed' to command name 'getAttribute'
[debug] &amp#27;[35m[WD Proxy]&amp#27;[39m Proxying [GET /element/109e58c3-3c3b-4f08-be64-8baec6760d57/attribute/displayed] to [GET http://127.0.0.1:10000/wd/hub/session/164a6e0b-846a-4b1b-b66d-d5859425eba2/element/109e58c3-3c3b-4f08-be64-8baec6760d57/attribute/displayed] with no body
[debug] &amp#27;[35m[WD Proxy]&amp#27;[39m Got response with status 200: {"sessionId":"164a6e0b-846a-4b1b-b66d-d5859425eba2","value":"true"}
[debug] &amp#27;[35m[W3C (0b6daed6)]&amp#27;[39m Responding to client with driver.elementDisplayed() result: true
&amp#27;[35m[HTTP]&amp#27;[39m &amp#27;[37m<-- GET /wd/hub/session/0b6daed6-fe8e-4a2e-bd78-3971ab90c129/element/109e58c3-3c3b-4f08-be64-8baec6760d57/displayed &amp#27;[39m&amp#27;[32m200&amp#27;[39m &amp#27;[90m14 ms - 14&amp#27;[39m
&amp#27;[35m[HTTP]&amp#27;[39m &amp#27;[90m&amp#27;[39m
&amp#27;[35m[HTTP]&amp#27;[39m &amp#27;[37m-->&amp#27;[39m &amp#27;[37mGET&amp#27;[39m &amp#27;[37m/wd/hub/session/0b6daed6-fe8e-4a2e-bd78-3971ab90c129/context&amp#27;[39m
&amp#27;[35m[HTTP]&amp#27;[39m &amp#27;[90m{}&amp#27;[39m
[debug] &amp#27;[35m[W3C (0b6daed6)]&amp#27;[39m Calling AppiumDriver.getCurrentContext() with args: ["0b6daed6-fe8e-4a2e-bd78-3971ab90c129"]
[debug] &amp#27;[35m[W3C (0b6daed6)]&amp#27;[39m Responding to client with driver.getCurrentContext() result: "NATIVE_APP"
&amp#27;[35m[HTTP]&amp#27;[39m &amp#27;[37m<-- GET /wd/hub/session/0b6daed6-fe8e-4a2e-bd78-3971ab90c129/context &amp#27;[39m&amp#27;[32m200&amp#27;[39m &amp#27;[90m1 ms - 22&amp#27;[39m
&amp#27;[35m[HTTP]&amp#27;[39m &amp#27;[90m&amp#27;[39m
&amp#27;[35m[HTTP]&amp#27;[39m &amp#27;[37m-->&amp#27;[39m &amp#27;[37mPOST&amp#27;[39m &amp#27;[37m/wd/hub/session/0b6daed6-fe8e-4a2e-bd78-3971ab90c129/element&amp#27;[39m
&amp#27;[35m[HTTP]&amp#27;[39m &amp#27;[90m{"using":"accessibility id","value":"test-Username"}&amp#27;[39m
[debug] &amp#27;[35m[W3C (0b6daed6)]&amp#27;[39m Calling AppiumDriver.findElement() with args: ["accessibility id","test-Username","0b6daed6-fe8e-4a2e-bd78-3971ab90c129"]
[debug] &amp#27;[35m[BaseDriver]&amp#27;[39m Valid locator strategies for this request: xpath, id, class name, accessibility id, css selector, -android uiautomator
[debug] &amp#27;[35m[BaseDriver]&amp#27;[39m Waiting up to 0 ms for condition
[debug] &amp#27;[35m[WD Proxy]&amp#27;[39m Matched '/element' to command name 'findElement'
[debug] &amp#27;[35m[WD Proxy]&amp#27;[39m Proxying [POST /element] to [POST http://127.0.0.1:10000/wd/hub/session/164a6e0b-846a-4b1b-b66d-d5859425eba2/element] with body: {"strategy":"accessibility id","selector":"test-Username","context":"","multiple":false}
[debug] &amp#27;[35m[WD Proxy]&amp#27;[39m Got response with status 200: {"sessionId":"164a6e0b-846a-4b1b-b66d-d5859425eba2","value":{"ELEMENT":"00bd3ad2-d7f4-42db-957f-63da65c81cc0","element-6066-11e4-a52e-4f735466cecf":"00bd3ad2-d7f4-42db-957f-63da65c81cc0"}}
[debug] &amp#27;[35m[W3C (0b6daed6)]&amp#27;[39m Responding to client with driver.findElement() result: {"element-6066-11e4-a52e-4f735466cecf":"00bd3ad2-d7f4-42db-957f-63da65c81cc0","ELEMENT":"00bd3ad2-d7f4-42db-957f-63da65c81cc0"}
&amp#27;[35m[HTTP]&amp#27;[39m &amp#27;[37m<-- POST /wd/hub/session/0b6daed6-fe8e-4a2e-bd78-3971ab90c129/element &amp#27;[39m&amp#27;[32m200&amp#27;[39m &amp#27;[90m31 ms - 137&amp#27;[39m
&amp#27;[35m[HTTP]&amp#27;[39m &amp#27;[90m&amp#27;[39m
&amp#27;[35m[HTTP]&amp#27;[39m &amp#27;[37m-->&amp#27;[39m &amp#27;[37mPOST&amp#27;[39m &amp#27;[37m/wd/hub/session/0b6daed6-fe8e-4a2e-bd78-3971ab90c129/element/00bd3ad2-d7f4-42db-957f-63da65c81cc0/clear&amp#27;[39m
&amp#27;[35m[HTTP]&amp#27;[39m &amp#27;[90m{"id":"00bd3ad2-d7f4-42db-957f-63da65c81cc0"}&amp#27;[39m
[debug] &amp#27;[35m[W3C (0b6daed6)]&amp#27;[39m Calling AppiumDriver.clear() with args: ["00bd3ad2-d7f4-42db-957f-63da65c81cc0","0b6daed6-fe8e-4a2e-bd78-3971ab90c129"]
[debug] &amp#27;[35m[WD Proxy]&amp#27;[39m Matched '/element/00bd3ad2-d7f4-42db-957f-63da65c81cc0/clear' to command name 'clear'
[debug] &amp#27;[35m[WD Proxy]&amp#27;[39m Proxying [POST /element/00bd3ad2-d7f4-42db-957f-63da65c81cc0/clear] to [POST http://127.0.0.1:10000/wd/hub/session/164a6e0b-846a-4b1b-b66d-d5859425eba2/element/00bd3ad2-d7f4-42db-957f-63da65c81cc0/clear] with body: {"elementId":"00bd3ad2-d7f4-42db-957f-63da65c81cc0"}
[debug] &amp#27;[35m[WD Proxy]&amp#27;[39m Got response with status 200: {"sessionId":"164a6e0b-846a-4b1b-b66d-d5859425eba2","value":null}
[debug] &amp#27;[35m[W3C (0b6daed6)]&amp#27;[39m Responding to client with driver.clear() result: null
&amp#27;[35m[HTTP]&amp#27;[39m &amp#27;[37m<-- POST /wd/hub/session/0b6daed6-fe8e-4a2e-bd78-3971ab90c129/element/00bd3ad2-d7f4-42db-957f-63da65c81cc0/clear &amp#27;[39m&amp#27;[32m200&amp#27;[39m &amp#27;[90m20 ms - 14&amp#27;[39m
&amp#27;[35m[HTTP]&amp#27;[39m &amp#27;[90m&amp#27;[39m
&amp#27;[35m[HTTP]&amp#27;[39m &amp#27;[37m-->&amp#27;[39m &amp#27;[37mGET&amp#27;[39m &amp#27;[37m/wd/hub/session/0b6daed6-fe8e-4a2e-bd78-3971ab90c129/context&amp#27;[39m
&amp#27;[35m[HTTP]&amp#27;[39m &amp#27;[90m{}&amp#27;[39m
[debug] &amp#27;[35m[W3C (0b6daed6)]&amp#27;[39m Calling AppiumDriver.getCurrentContext() with args: ["0b6daed6-fe8e-4a2e-bd78-3971ab90c129"]
[debug] &amp#27;[35m[W3C (0b6daed6)]&amp#27;[39m Responding to client with driver.getCurrentContext() result: "NATIVE_APP"
&amp#27;[35m[HTTP]&amp#27;[39m &amp#27;[37m<-- GET /wd/hub/session/0b6daed6-fe8e-4a2e-bd78-3971ab90c129/context &amp#27;[39m&amp#27;[32m200&amp#27;[39m &amp#27;[90m1 ms - 22&amp#27;[39m
&amp#27;[35m[HTTP]&amp#27;[39m &amp#27;[90m&amp#27;[39m
&amp#27;[35m[HTTP]&amp#27;[39m &amp#27;[37m-->&amp#27;[39m &amp#27;[37mPOST&amp#27;[39m &amp#27;[37m/wd/hub/session/0b6daed6-fe8e-4a2e-bd78-3971ab90c129/element&amp#27;[39m
&amp#27;[35m[HTTP]&amp#27;[39m &amp#27;[90m{"using":"accessibility id","value":"test-Username"}&amp#27;[39m
[debug] &amp#27;[35m[W3C (0b6daed6)]&amp#27;[39m Calling AppiumDriver.findElement() with args: ["accessibility id","test-Username","0b6daed6-fe8e-4a2e-bd78-3971ab90c129"]
[debug] &amp#27;[35m[BaseDriver]&amp#27;[39m Valid locator strategies for this request: xpath, id, class name, accessibility id, css selector, -android uiautomator
[debug] &amp#27;[35m[BaseDriver]&amp#27;[39m Waiting up to 0 ms for condition
[debug] &amp#27;[35m[WD Proxy]&amp#27;[39m Matched '/element' to command name 'findElement'
[debug] &amp#27;[35m[WD Proxy]&amp#27;[39m Proxying [POST /element] to [POST http://127.0.0.1:10000/wd/hub/session/164a6e0b-846a-4b1b-b66d-d5859425eba2/element] with body: {"strategy":"accessibility id","selector":"test-Username","context":"","multiple":false}
[debug] &amp#27;[35m[WD Proxy]&amp#27;[39m Got response with status 200: {"sessionId":"164a6e0b-846a-4b1b-b66d-d5859425eba2","value":{"ELEMENT":"87e1ce24-26c3-4a47-955e-c41752da026b","element-6066-11e4-a52e-4f735466cecf":"87e1ce24-26c3-4a47-955e-c41752da026b"}}
[debug] &amp#27;[35m[W3C (0b6daed6)]&amp#27;[39m Responding to client with driver.findElement() result: {"element-6066-11e4-a52e-4f735466cecf":"87e1ce24-26c3-4a47-955e-c41752da026b","ELEMENT":"87e1ce24-26c3-4a47-955e-c41752da026b"}
&amp#27;[35m[HTTP]&amp#27;[39m &amp#27;[37m<-- POST /wd/hub/session/0b6daed6-fe8e-4a2e-bd78-3971ab90c129/element &amp#27;[39m&amp#27;[32m200&amp#27;[39m &amp#27;[90m600 ms - 137&amp#27;[39m
&amp#27;[35m[HTTP]&amp#27;[39m &amp#27;[90m&amp#27;[39m
&amp#27;[35m[HTTP]&amp#27;[39m &amp#27;[37m-->&amp#27;[39m &amp#27;[37mGET&amp#27;[39m &amp#27;[37m/wd/hub/session/0b6daed6-fe8e-4a2e-bd78-3971ab90c129/element/87e1ce24-26c3-4a47-955e-c41752da026b/displayed&amp#27;[39m
&amp#27;[35m[HTTP]&amp#27;[39m &amp#27;[90m{}&amp#27;[39m
[debug] &amp#27;[35m[W3C (0b6daed6)]&amp#27;[39m Calling AppiumDriver.elementDisplayed() with args: ["87e1ce24-26c3-4a47-955e-c41752da026b","0b6daed6-fe8e-4a2e-bd78-3971ab90c129"]
[debug] &amp#27;[35m[WD Proxy]&amp#27;[39m Matched '/element/87e1ce24-26c3-4a47-955e-c41752da026b/attribute/displayed' to command name 'getAttribute'
[debug] &amp#27;[35m[WD Proxy]&amp#27;[39m Proxying [GET /element/87e1ce24-26c3-4a47-955e-c41752da026b/attribute/displayed] to [GET http://127.0.0.1:10000/wd/hub/session/164a6e0b-846a-4b1b-b66d-d5859425eba2/element/87e1ce24-26c3-4a47-955e-c41752da026b/attribute/displayed] with no body
[debug] &amp#27;[35m[WD Proxy]&amp#27;[39m Got response with status 200: {"sessionId":"164a6e0b-846a-4b1b-b66d-d5859425eba2","value":"true"}
[debug] &amp#27;[35m[W3C (0b6daed6)]&amp#27;[39m Responding to client with driver.elementDisplayed() result: true
&amp#27;[35m[HTTP]&amp#27;[39m &amp#27;[37m<-- GET /wd/hub/session/0b6daed6-fe8e-4a2e-bd78-3971ab90c129/element/87e1ce24-26c3-4a47-955e-c41752da026b/displayed &amp#27;[39m&amp#27;[32m200&amp#27;[39m &amp#27;[90m11 ms - 14&amp#27;[39m
&amp#27;[35m[HTTP]&amp#27;[39m &amp#27;[90m&amp#27;[39m
[INFO ] 2021-03-26 12:03:46.0908 com.qa.pages.BasePage:com.qa.pages.BasePage.sendKeys(BasePage.java:71) -login with standard_user
&amp#27;[35m[HTTP]&amp#27;[39m &amp#27;[37m-->&amp#27;[39m &amp#27;[37mGET&amp#27;[39m &amp#27;[37m/wd/hub/session/0b6daed6-fe8e-4a2e-bd78-3971ab90c129/context&amp#27;[39m
&amp#27;[35m[HTTP]&amp#27;[39m &amp#27;[90m{}&amp#27;[39m
[debug] &amp#27;[35m[W3C (0b6daed6)]&amp#27;[39m Calling AppiumDriver.getCurrentContext() with args: ["0b6daed6-fe8e-4a2e-bd78-3971ab90c129"]
[debug] &amp#27;[35m[W3C (0b6daed6)]&amp#27;[39m Responding to client with driver.getCurrentContext() result: "NATIVE_APP"
&amp#27;[35m[HTTP]&amp#27;[39m &amp#27;[37m<-- GET /wd/hub/session/0b6daed6-fe8e-4a2e-bd78-3971ab90c129/context &amp#27;[39m&amp#27;[32m200&amp#27;[39m &amp#27;[90m1 ms - 22&amp#27;[39m
&amp#27;[35m[HTTP]&amp#27;[39m &amp#27;[90m&amp#27;[39m
&amp#27;[35m[HTTP]&amp#27;[39m &amp#27;[37m-->&amp#27;[39m &amp#27;[37mPOST&amp#27;[39m &amp#27;[37m/wd/hub/session/0b6daed6-fe8e-4a2e-bd78-3971ab90c129/element&amp#27;[39m
&amp#27;[35m[HTTP]&amp#27;[39m &amp#27;[90m{"using":"accessibility id","value":"test-Username"}&amp#27;[39m
[debug] &amp#27;[35m[W3C (0b6daed6)]&amp#27;[39m Calling AppiumDriver.findElement() with args: ["accessibility id","test-Username","0b6daed6-fe8e-4a2e-bd78-3971ab90c129"]
[debug] &amp#27;[35m[BaseDriver]&amp#27;[39m Valid locator strategies for this request: xpath, id, class name, accessibility id, css selector, -android uiautomator
[debug] &amp#27;[35m[BaseDriver]&amp#27;[39m Waiting up to 0 ms for condition
[debug] &amp#27;[35m[WD Proxy]&amp#27;[39m Matched '/element' to command name 'findElement'
[debug] &amp#27;[35m[WD Proxy]&amp#27;[39m Proxying [POST /element] to [POST http://127.0.0.1:10000/wd/hub/session/164a6e0b-846a-4b1b-b66d-d5859425eba2/element] with body: {"strategy":"accessibility id","selector":"test-Username","context":"","multiple":false}
[debug] &amp#27;[35m[WD Proxy]&amp#27;[39m Got response with status 200: {"sessionId":"164a6e0b-846a-4b1b-b66d-d5859425eba2","value":{"ELEMENT":"072e3d06-6dfc-42d1-bd49-3da9e510b919","element-6066-11e4-a52e-4f735466cecf":"072e3d06-6dfc-42d1-bd49-3da9e510b919"}}
[debug] &amp#27;[35m[W3C (0b6daed6)]&amp#27;[39m Responding to client with driver.findElement() result: {"element-6066-11e4-a52e-4f735466cecf":"072e3d06-6dfc-42d1-bd49-3da9e510b919","ELEMENT":"072e3d06-6dfc-42d1-bd49-3da9e510b919"}
&amp#27;[35m[HTTP]&amp#27;[39m &amp#27;[37m<-- POST /wd/hub/session/0b6daed6-fe8e-4a2e-bd78-3971ab90c129/element &amp#27;[39m&amp#27;[32m200&amp#27;[39m &amp#27;[90m23 ms - 137&amp#27;[39m
&amp#27;[35m[HTTP]&amp#27;[39m &amp#27;[90m&amp#27;[39m
&amp#27;[35m[HTTP]&amp#27;[39m &amp#27;[37m-->&amp#27;[39m &amp#27;[37mPOST&amp#27;[39m &amp#27;[37m/wd/hub/session/0b6daed6-fe8e-4a2e-bd78-3971ab90c129/element/072e3d06-6dfc-42d1-bd49-3da9e510b919/value&amp#27;[39m
&amp#27;[35m[HTTP]&amp#27;[39m &amp#27;[90m{"id":"072e3d06-6dfc-42d1-bd49-3da9e510b919","text":"standard_user","value":["s","t","a","n","d","a","r","d","_","u","s","e","r"]}&amp#27;[39m
[debug] &amp#27;[35m[W3C (0b6daed6)]&amp#27;[39m Calling AppiumDriver.setValue() with args: [["s","t","a","n","d","a","r","d","_","u","s","e","r"],"072e3d06-6dfc-42d1-bd49-3da9e510b919","0b6daed6-fe8e-4a2e-bd78-3971ab90c129"]
[debug] &amp#27;[35m[WD Proxy]&amp#27;[39m Matched '/element/072e3d06-6dfc-42d1-bd49-3da9e510b919/value' to command name 'setValue'
[debug] &amp#27;[35m[Protocol Converter]&amp#27;[39m Added 'value' property ["s","t","a","n","d","a","r","d","_","u","s","e","r"] to 'setValue' request body
[debug] &amp#27;[35m[WD Proxy]&amp#27;[39m Proxying [POST /element/072e3d06-6dfc-42d1-bd49-3da9e510b919/value] to [POST http://127.0.0.1:10000/wd/hub/session/164a6e0b-846a-4b1b-b66d-d5859425eba2/element/072e3d06-6dfc-42d1-bd49-3da9e510b919/value] with body: {"elementId":"072e3d06-6dfc-42d1-bd49-3da9e510b919","text":"standard_user","replace":false,"value":["s","t","a","n","d","a","r","d","_","u","s","e","r"]}
[debug] &amp#27;[35m[WD Proxy]&amp#27;[39m Got response with status 200: {"sessionId":"164a6e0b-846a-4b1b-b66d-d5859425eba2","value":null}
[debug] &amp#27;[35m[W3C (0b6daed6)]&amp#27;[39m Responding to client with driver.setValue() result: null
&amp#27;[35m[HTTP]&amp#27;[39m &amp#27;[37m<-- POST /wd/hub/session/0b6daed6-fe8e-4a2e-bd78-3971ab90c129/element/072e3d06-6dfc-42d1-bd49-3da9e510b919/value &amp#27;[39m&amp#27;[32m200&amp#27;[39m &amp#27;[90m533 ms - 14&amp#27;[39m
&amp#27;[35m[HTTP]&amp#27;[39m &amp#27;[90m&amp#27;[39m
  When I enter  username as "standard_user"              # com.qa.stepdef.LoginStepDef.iEnterUsernameAs(java.lang.String)
&amp#27;[35m[HTTP]&amp#27;[39m &amp#27;[37m-->&amp#27;[39m &amp#27;[37mGET&amp#27;[39m &amp#27;[37m/wd/hub/session/0b6daed6-fe8e-4a2e-bd78-3971ab90c129/context&amp#27;[39m
&amp#27;[35m[HTTP]&amp#27;[39m &amp#27;[90m{}&amp#27;[39m
[debug] &amp#27;[35m[W3C (0b6daed6)]&amp#27;[39m Calling AppiumDriver.getCurrentContext() with args: ["0b6daed6-fe8e-4a2e-bd78-3971ab90c129"]
[debug] &amp#27;[35m[W3C (0b6daed6)]&amp#27;[39m Responding to client with driver.getCurrentContext() result: "NATIVE_APP"
&amp#27;[35m[HTTP]&amp#27;[39m &amp#27;[37m<-- GET /wd/hub/session/0b6daed6-fe8e-4a2e-bd78-3971ab90c129/context &amp#27;[39m&amp#27;[32m200&amp#27;[39m &amp#27;[90m1 ms - 22&amp#27;[39m
&amp#27;[35m[HTTP]&amp#27;[39m &amp#27;[90m&amp#27;[39m
&amp#27;[35m[HTTP]&amp#27;[39m &amp#27;[37m-->&amp#27;[39m &amp#27;[37mPOST&amp#27;[39m &amp#27;[37m/wd/hub/session/0b6daed6-fe8e-4a2e-bd78-3971ab90c129/element&amp#27;[39m
&amp#27;[35m[HTTP]&amp#27;[39m &amp#27;[90m{"using":"accessibility id","value":"test-Password"}&amp#27;[39m
[debug] &amp#27;[35m[W3C (0b6daed6)]&amp#27;[39m Calling AppiumDriver.findElement() with args: ["accessibility id","test-Password","0b6daed6-fe8e-4a2e-bd78-3971ab90c129"]
[debug] &amp#27;[35m[BaseDriver]&amp#27;[39m Valid locator strategies for this request: xpath, id, class name, accessibility id, css selector, -android uiautomator
[debug] &amp#27;[35m[BaseDriver]&amp#27;[39m Waiting up to 0 ms for condition
[debug] &amp#27;[35m[WD Proxy]&amp#27;[39m Matched '/element' to command name 'findElement'
[debug] &amp#27;[35m[WD Proxy]&amp#27;[39m Proxying [POST /element] to [POST http://127.0.0.1:10000/wd/hub/session/164a6e0b-846a-4b1b-b66d-d5859425eba2/element] with body: {"strategy":"accessibility id","selector":"test-Password","context":"","multiple":false}
[debug] &amp#27;[35m[WD Proxy]&amp#27;[39m Got response with status 200: {"sessionId":"164a6e0b-846a-4b1b-b66d-d5859425eba2","value":{"ELEMENT":"ad9bf180-1d26-433d-bdbb-e7c1616f350c","element-6066-11e4-a52e-4f735466cecf":"ad9bf180-1d26-433d-bdbb-e7c1616f350c"}}
[debug] &amp#27;[35m[W3C (0b6daed6)]&amp#27;[39m Responding to client with driver.findElement() result: {"element-6066-11e4-a52e-4f735466cecf":"ad9bf180-1d26-433d-bdbb-e7c1616f350c","ELEMENT":"ad9bf180-1d26-433d-bdbb-e7c1616f350c"}
&amp#27;[35m[HTTP]&amp#27;[39m &amp#27;[37m<-- POST /wd/hub/session/0b6daed6-fe8e-4a2e-bd78-3971ab90c129/element &amp#27;[39m&amp#27;[32m200&amp#27;[39m &amp#27;[90m33 ms - 137&amp#27;[39m
&amp#27;[35m[HTTP]&amp#27;[39m &amp#27;[90m&amp#27;[39m
&amp#27;[35m[HTTP]&amp#27;[39m &amp#27;[37m-->&amp#27;[39m &amp#27;[37mGET&amp#27;[39m &amp#27;[37m/wd/hub/session/0b6daed6-fe8e-4a2e-bd78-3971ab90c129/element/ad9bf180-1d26-433d-bdbb-e7c1616f350c/displayed&amp#27;[39m
&amp#27;[35m[HTTP]&amp#27;[39m &amp#27;[90m{}&amp#27;[39m
[debug] &amp#27;[35m[W3C (0b6daed6)]&amp#27;[39m Calling AppiumDriver.elementDisplayed() with args: ["ad9bf180-1d26-433d-bdbb-e7c1616f350c","0b6daed6-fe8e-4a2e-bd78-3971ab90c129"]
[debug] &amp#27;[35m[WD Proxy]&amp#27;[39m Matched '/element/ad9bf180-1d26-433d-bdbb-e7c1616f350c/attribute/displayed' to command name 'getAttribute'
[debug] &amp#27;[35m[WD Proxy]&amp#27;[39m Proxying [GET /element/ad9bf180-1d26-433d-bdbb-e7c1616f350c/attribute/displayed] to [GET http://127.0.0.1:10000/wd/hub/session/164a6e0b-846a-4b1b-b66d-d5859425eba2/element/ad9bf180-1d26-433d-bdbb-e7c1616f350c/attribute/displayed] with no body
[debug] &amp#27;[35m[WD Proxy]&amp#27;[39m Got response with status 200: {"sessionId":"164a6e0b-846a-4b1b-b66d-d5859425eba2","value":"true"}
[debug] &amp#27;[35m[W3C (0b6daed6)]&amp#27;[39m Responding to client with driver.elementDisplayed() result: true
&amp#27;[35m[HTTP]&amp#27;[39m &amp#27;[37m<-- GET /wd/hub/session/0b6daed6-fe8e-4a2e-bd78-3971ab90c129/element/ad9bf180-1d26-433d-bdbb-e7c1616f350c/displayed &amp#27;[39m&amp#27;[32m200&amp#27;[39m &amp#27;[90m460 ms - 14&amp#27;[39m
&amp#27;[35m[HTTP]&amp#27;[39m &amp#27;[90m&amp#27;[39m
&amp#27;[35m[HTTP]&amp#27;[39m &amp#27;[37m-->&amp#27;[39m &amp#27;[37mGET&amp#27;[39m &amp#27;[37m/wd/hub/session/0b6daed6-fe8e-4a2e-bd78-3971ab90c129/context&amp#27;[39m
&amp#27;[35m[HTTP]&amp#27;[39m &amp#27;[90m{}&amp#27;[39m
[debug] &amp#27;[35m[W3C (0b6daed6)]&amp#27;[39m Calling AppiumDriver.getCurrentContext() with args: ["0b6daed6-fe8e-4a2e-bd78-3971ab90c129"]
[debug] &amp#27;[35m[W3C (0b6daed6)]&amp#27;[39m Responding to client with driver.getCurrentContext() result: "NATIVE_APP"
&amp#27;[35m[HTTP]&amp#27;[39m &amp#27;[37m<-- GET /wd/hub/session/0b6daed6-fe8e-4a2e-bd78-3971ab90c129/context &amp#27;[39m&amp#27;[32m200&amp#27;[39m &amp#27;[90m1 ms - 22&amp#27;[39m
&amp#27;[35m[HTTP]&amp#27;[39m &amp#27;[90m&amp#27;[39m
&amp#27;[35m[HTTP]&amp#27;[39m &amp#27;[37m-->&amp#27;[39m &amp#27;[37mPOST&amp#27;[39m &amp#27;[37m/wd/hub/session/0b6daed6-fe8e-4a2e-bd78-3971ab90c129/element&amp#27;[39m
&amp#27;[35m[HTTP]&amp#27;[39m &amp#27;[90m{"using":"accessibility id","value":"test-Password"}&amp#27;[39m
[debug] &amp#27;[35m[W3C (0b6daed6)]&amp#27;[39m Calling AppiumDriver.findElement() with args: ["accessibility id","test-Password","0b6daed6-fe8e-4a2e-bd78-3971ab90c129"]
[debug] &amp#27;[35m[BaseDriver]&amp#27;[39m Valid locator strategies for this request: xpath, id, class name, accessibility id, css selector, -android uiautomator
[debug] &amp#27;[35m[BaseDriver]&amp#27;[39m Waiting up to 0 ms for condition
[debug] &amp#27;[35m[WD Proxy]&amp#27;[39m Matched '/element' to command name 'findElement'
[debug] &amp#27;[35m[WD Proxy]&amp#27;[39m Proxying [POST /element] to [POST http://127.0.0.1:10000/wd/hub/session/164a6e0b-846a-4b1b-b66d-d5859425eba2/element] with body: {"strategy":"accessibility id","selector":"test-Password","context":"","multiple":false}
[debug] &amp#27;[35m[WD Proxy]&amp#27;[39m Got response with status 200: {"sessionId":"164a6e0b-846a-4b1b-b66d-d5859425eba2","value":{"ELEMENT":"c3686795-4267-4546-b767-09e4b8374c38","element-6066-11e4-a52e-4f735466cecf":"c3686795-4267-4546-b767-09e4b8374c38"}}
[debug] &amp#27;[35m[W3C (0b6daed6)]&amp#27;[39m Responding to client with driver.findElement() result: {"element-6066-11e4-a52e-4f735466cecf":"c3686795-4267-4546-b767-09e4b8374c38","ELEMENT":"c3686795-4267-4546-b767-09e4b8374c38"}
&amp#27;[35m[HTTP]&amp#27;[39m &amp#27;[37m<-- POST /wd/hub/session/0b6daed6-fe8e-4a2e-bd78-3971ab90c129/element &amp#27;[39m&amp#27;[32m200&amp#27;[39m &amp#27;[90m24 ms - 137&amp#27;[39m
&amp#27;[35m[HTTP]&amp#27;[39m &amp#27;[90m&amp#27;[39m
&amp#27;[35m[HTTP]&amp#27;[39m &amp#27;[37m-->&amp#27;[39m &amp#27;[37mPOST&amp#27;[39m &amp#27;[37m/wd/hub/session/0b6daed6-fe8e-4a2e-bd78-3971ab90c129/element/c3686795-4267-4546-b767-09e4b8374c38/clear&amp#27;[39m
&amp#27;[35m[HTTP]&amp#27;[39m &amp#27;[90m{"id":"c3686795-4267-4546-b767-09e4b8374c38"}&amp#27;[39m
[debug] &amp#27;[35m[W3C (0b6daed6)]&amp#27;[39m Calling AppiumDriver.clear() with args: ["c3686795-4267-4546-b767-09e4b8374c38","0b6daed6-fe8e-4a2e-bd78-3971ab90c129"]
[debug] &amp#27;[35m[WD Proxy]&amp#27;[39m Matched '/element/c3686795-4267-4546-b767-09e4b8374c38/clear' to command name 'clear'
[debug] &amp#27;[35m[WD Proxy]&amp#27;[39m Proxying [POST /element/c3686795-4267-4546-b767-09e4b8374c38/clear] to [POST http://127.0.0.1:10000/wd/hub/session/164a6e0b-846a-4b1b-b66d-d5859425eba2/element/c3686795-4267-4546-b767-09e4b8374c38/clear] with body: {"elementId":"c3686795-4267-4546-b767-09e4b8374c38"}
[debug] &amp#27;[35m[WD Proxy]&amp#27;[39m Got response with status 200: {"sessionId":"164a6e0b-846a-4b1b-b66d-d5859425eba2","value":null}
[debug] &amp#27;[35m[W3C (0b6daed6)]&amp#27;[39m Responding to client with driver.clear() result: null
&amp#27;[35m[HTTP]&amp#27;[39m &amp#27;[37m<-- POST /wd/hub/session/0b6daed6-fe8e-4a2e-bd78-3971ab90c129/element/c3686795-4267-4546-b767-09e4b8374c38/clear &amp#27;[39m&amp#27;[32m200&amp#27;[39m &amp#27;[90m18 ms - 14&amp#27;[39m
&amp#27;[35m[HTTP]&amp#27;[39m &amp#27;[90m&amp#27;[39m
&amp#27;[35m[HTTP]&amp#27;[39m &amp#27;[37m-->&amp#27;[39m &amp#27;[37mGET&amp#27;[39m &amp#27;[37m/wd/hub/session/0b6daed6-fe8e-4a2e-bd78-3971ab90c129/context&amp#27;[39m
&amp#27;[35m[HTTP]&amp#27;[39m &amp#27;[90m{}&amp#27;[39m
[debug] &amp#27;[35m[W3C (0b6daed6)]&amp#27;[39m Calling AppiumDriver.getCurrentContext() with args: ["0b6daed6-fe8e-4a2e-bd78-3971ab90c129"]
[debug] &amp#27;[35m[W3C (0b6daed6)]&amp#27;[39m Responding to client with driver.getCurrentContext() result: "NATIVE_APP"
&amp#27;[35m[HTTP]&amp#27;[39m &amp#27;[37m<-- GET /wd/hub/session/0b6daed6-fe8e-4a2e-bd78-3971ab90c129/context &amp#27;[39m&amp#27;[32m200&amp#27;[39m &amp#27;[90m1 ms - 22&amp#27;[39m
&amp#27;[35m[HTTP]&amp#27;[39m &amp#27;[90m&amp#27;[39m
&amp#27;[35m[HTTP]&amp#27;[39m &amp#27;[37m-->&amp#27;[39m &amp#27;[37mPOST&amp#27;[39m &amp#27;[37m/wd/hub/session/0b6daed6-fe8e-4a2e-bd78-3971ab90c129/element&amp#27;[39m
&amp#27;[35m[HTTP]&amp#27;[39m &amp#27;[90m{"using":"accessibility id","value":"test-Password"}&amp#27;[39m
[debug] &amp#27;[35m[W3C (0b6daed6)]&amp#27;[39m Calling AppiumDriver.findElement() with args: ["accessibility id","test-Password","0b6daed6-fe8e-4a2e-bd78-3971ab90c129"]
[debug] &amp#27;[35m[BaseDriver]&amp#27;[39m Valid locator strategies for this request: xpath, id, class name, accessibility id, css selector, -android uiautomator
[debug] &amp#27;[35m[BaseDriver]&amp#27;[39m Waiting up to 0 ms for condition
[debug] &amp#27;[35m[WD Proxy]&amp#27;[39m Matched '/element' to command name 'findElement'
[debug] &amp#27;[35m[WD Proxy]&amp#27;[39m Proxying [POST /element] to [POST http://127.0.0.1:10000/wd/hub/session/164a6e0b-846a-4b1b-b66d-d5859425eba2/element] with body: {"strategy":"accessibility id","selector":"test-Password","context":"","multiple":false}
[debug] &amp#27;[35m[WD Proxy]&amp#27;[39m Got response with status 200: {"sessionId":"164a6e0b-846a-4b1b-b66d-d5859425eba2","value":{"ELEMENT":"4e30cf31-614e-47bf-ac43-8e421667f0e0","element-6066-11e4-a52e-4f735466cecf":"4e30cf31-614e-47bf-ac43-8e421667f0e0"}}
[debug] &amp#27;[35m[W3C (0b6daed6)]&amp#27;[39m Responding to client with driver.findElement() result: {"element-6066-11e4-a52e-4f735466cecf":"4e30cf31-614e-47bf-ac43-8e421667f0e0","ELEMENT":"4e30cf31-614e-47bf-ac43-8e421667f0e0"}
&amp#27;[35m[HTTP]&amp#27;[39m &amp#27;[37m<-- POST /wd/hub/session/0b6daed6-fe8e-4a2e-bd78-3971ab90c129/element &amp#27;[39m&amp#27;[32m200&amp#27;[39m &amp#27;[90m39 ms - 137&amp#27;[39m
&amp#27;[35m[HTTP]&amp#27;[39m &amp#27;[90m&amp#27;[39m
&amp#27;[35m[HTTP]&amp#27;[39m &amp#27;[37m-->&amp#27;[39m &amp#27;[37mGET&amp#27;[39m &amp#27;[37m/wd/hub/session/0b6daed6-fe8e-4a2e-bd78-3971ab90c129/element/4e30cf31-614e-47bf-ac43-8e421667f0e0/displayed&amp#27;[39m
&amp#27;[35m[HTTP]&amp#27;[39m &amp#27;[90m{}&amp#27;[39m
[debug] &amp#27;[35m[W3C (0b6daed6)]&amp#27;[39m Calling AppiumDriver.elementDisplayed() with args: ["4e30cf31-614e-47bf-ac43-8e421667f0e0","0b6daed6-fe8e-4a2e-bd78-3971ab90c129"]
[debug] &amp#27;[35m[WD Proxy]&amp#27;[39m Matched '/element/4e30cf31-614e-47bf-ac43-8e421667f0e0/attribute/displayed' to command name 'getAttribute'
[debug] &amp#27;[35m[WD Proxy]&amp#27;[39m Proxying [GET /element/4e30cf31-614e-47bf-ac43-8e421667f0e0/attribute/displayed] to [GET http://127.0.0.1:10000/wd/hub/session/164a6e0b-846a-4b1b-b66d-d5859425eba2/element/4e30cf31-614e-47bf-ac43-8e421667f0e0/attribute/displayed] with no body
[debug] &amp#27;[35m[WD Proxy]&amp#27;[39m Got response with status 200: {"sessionId":"164a6e0b-846a-4b1b-b66d-d5859425eba2","value":"true"}
[debug] &amp#27;[35m[W3C (0b6daed6)]&amp#27;[39m Responding to client with driver.elementDisplayed() result: true
&amp#27;[35m[HTTP]&amp#27;[39m &amp#27;[37m<-- GET /wd/hub/session/0b6daed6-fe8e-4a2e-bd78-3971ab90c129/element/4e30cf31-614e-47bf-ac43-8e421667f0e0/displayed &amp#27;[39m&amp#27;[32m200&amp#27;[39m &amp#27;[90m457 ms - 14&amp#27;[39m
&amp#27;[35m[HTTP]&amp#27;[39m &amp#27;[90m&amp#27;[39m
[INFO ] 2021-03-26 12:03:48.0541 com.qa.pages.BasePage:com.qa.pages.BasePage.sendKeys(BasePage.java:71) -password is secret_sauce
&amp#27;[35m[HTTP]&amp#27;[39m &amp#27;[37m-->&amp#27;[39m &amp#27;[37mGET&amp#27;[39m &amp#27;[37m/wd/hub/session/0b6daed6-fe8e-4a2e-bd78-3971ab90c129/context&amp#27;[39m
&amp#27;[35m[HTTP]&amp#27;[39m &amp#27;[90m{}&amp#27;[39m
[debug] &amp#27;[35m[W3C (0b6daed6)]&amp#27;[39m Calling AppiumDriver.getCurrentContext() with args: ["0b6daed6-fe8e-4a2e-bd78-3971ab90c129"]
[debug] &amp#27;[35m[W3C (0b6daed6)]&amp#27;[39m Responding to client with driver.getCurrentContext() result: "NATIVE_APP"
&amp#27;[35m[HTTP]&amp#27;[39m &amp#27;[37m<-- GET /wd/hub/session/0b6daed6-fe8e-4a2e-bd78-3971ab90c129/context &amp#27;[39m&amp#27;[32m200&amp#27;[39m &amp#27;[90m1 ms - 22&amp#27;[39m
&amp#27;[35m[HTTP]&amp#27;[39m &amp#27;[90m&amp#27;[39m
&amp#27;[35m[HTTP]&amp#27;[39m &amp#27;[37m-->&amp#27;[39m &amp#27;[37mPOST&amp#27;[39m &amp#27;[37m/wd/hub/session/0b6daed6-fe8e-4a2e-bd78-3971ab90c129/element&amp#27;[39m
&amp#27;[35m[HTTP]&amp#27;[39m &amp#27;[90m{"using":"accessibility id","value":"test-Password"}&amp#27;[39m
[debug] &amp#27;[35m[W3C (0b6daed6)]&amp#27;[39m Calling AppiumDriver.findElement() with args: ["accessibility id","test-Password","0b6daed6-fe8e-4a2e-bd78-3971ab90c129"]
[debug] &amp#27;[35m[BaseDriver]&amp#27;[39m Valid locator strategies for this request: xpath, id, class name, accessibility id, css selector, -android uiautomator
[debug] &amp#27;[35m[BaseDriver]&amp#27;[39m Waiting up to 0 ms for condition
[debug] &amp#27;[35m[WD Proxy]&amp#27;[39m Matched '/element' to command name 'findElement'
[debug] &amp#27;[35m[WD Proxy]&amp#27;[39m Proxying [POST /element] to [POST http://127.0.0.1:10000/wd/hub/session/164a6e0b-846a-4b1b-b66d-d5859425eba2/element] with body: {"strategy":"accessibility id","selector":"test-Password","context":"","multiple":false}
[debug] &amp#27;[35m[WD Proxy]&amp#27;[39m Got response with status 200: {"sessionId":"164a6e0b-846a-4b1b-b66d-d5859425eba2","value":{"ELEMENT":"1d1b4886-0d97-49e0-8890-5ccd32e506af","element-6066-11e4-a52e-4f735466cecf":"1d1b4886-0d97-49e0-8890-5ccd32e506af"}}
[debug] &amp#27;[35m[W3C (0b6daed6)]&amp#27;[39m Responding to client with driver.findElement() result: {"element-6066-11e4-a52e-4f735466cecf":"1d1b4886-0d97-49e0-8890-5ccd32e506af","ELEMENT":"1d1b4886-0d97-49e0-8890-5ccd32e506af"}
&amp#27;[35m[HTTP]&amp#27;[39m &amp#27;[37m<-- POST /wd/hub/session/0b6daed6-fe8e-4a2e-bd78-3971ab90c129/element &amp#27;[39m&amp#27;[32m200&amp#27;[39m &amp#27;[90m30 ms - 137&amp#27;[39m
&amp#27;[35m[HTTP]&amp#27;[39m &amp#27;[90m&amp#27;[39m
&amp#27;[35m[HTTP]&amp#27;[39m &amp#27;[37m-->&amp#27;[39m &amp#27;[37mPOST&amp#27;[39m &amp#27;[37m/wd/hub/session/0b6daed6-fe8e-4a2e-bd78-3971ab90c129/element/1d1b4886-0d97-49e0-8890-5ccd32e506af/value&amp#27;[39m
&amp#27;[35m[HTTP]&amp#27;[39m &amp#27;[90m{"id":"1d1b4886-0d97-49e0-8890-5ccd32e506af","text":"secret_sauce","value":["s","e","c","r","e","t","_","s","a","u","c","e"]}&amp#27;[39m
[debug] &amp#27;[35m[W3C (0b6daed6)]&amp#27;[39m Calling AppiumDriver.setValue() with args: [["s","e","c","r","e","t","_","s","a","u","c","e"],"1d1b4886-0d97-49e0-8890-5ccd32e506af","0b6daed6-fe8e-4a2e-bd78-3971ab90c129"]
[debug] &amp#27;[35m[WD Proxy]&amp#27;[39m Matched '/element/1d1b4886-0d97-49e0-8890-5ccd32e506af/value' to command name 'setValue'
[debug] &amp#27;[35m[Protocol Converter]&amp#27;[39m Added 'value' property ["s","e","c","r","e","t","_","s","a","u","c","e"] to 'setValue' request body
[debug] &amp#27;[35m[WD Proxy]&amp#27;[39m Proxying [POST /element/1d1b4886-0d97-49e0-8890-5ccd32e506af/value] to [POST http://127.0.0.1:10000/wd/hub/session/164a6e0b-846a-4b1b-b66d-d5859425eba2/element/1d1b4886-0d97-49e0-8890-5ccd32e506af/value] with body: {"elementId":"1d1b4886-0d97-49e0-8890-5ccd32e506af","text":"secret_sauce","replace":false,"value":["s","e","c","r","e","t","_","s","a","u","c","e"]}
[debug] &amp#27;[35m[WD Proxy]&amp#27;[39m Got response with status 200: {"sessionId":"164a6e0b-846a-4b1b-b66d-d5859425eba2","value":null}
[debug] &amp#27;[35m[W3C (0b6daed6)]&amp#27;[39m Responding to client with driver.setValue() result: null
&amp#27;[35m[HTTP]&amp#27;[39m &amp#27;[37m<-- POST /wd/hub/session/0b6daed6-fe8e-4a2e-bd78-3971ab90c129/element/1d1b4886-0d97-49e0-8890-5ccd32e506af/value &amp#27;[39m&amp#27;[32m200&amp#27;[39m &amp#27;[90m37 ms - 14&amp#27;[39m
&amp#27;[35m[HTTP]&amp#27;[39m &amp#27;[90m&amp#27;[39m
  And I enter password as "secret_sauce"                 # com.qa.stepdef.LoginStepDef.iEnterPasswordAs(java.lang.String)
&amp#27;[35m[HTTP]&amp#27;[39m &amp#27;[37m-->&amp#27;[39m &amp#27;[37mGET&amp#27;[39m &amp#27;[37m/wd/hub/session/0b6daed6-fe8e-4a2e-bd78-3971ab90c129/context&amp#27;[39m
&amp#27;[35m[HTTP]&amp#27;[39m &amp#27;[90m{}&amp#27;[39m
[debug] &amp#27;[35m[W3C (0b6daed6)]&amp#27;[39m Calling AppiumDriver.getCurrentContext() with args: ["0b6daed6-fe8e-4a2e-bd78-3971ab90c129"]
[debug] &amp#27;[35m[W3C (0b6daed6)]&amp#27;[39m Responding to client with driver.getCurrentContext() result: "NATIVE_APP"
&amp#27;[35m[HTTP]&amp#27;[39m &amp#27;[37m<-- GET /wd/hub/session/0b6daed6-fe8e-4a2e-bd78-3971ab90c129/context &amp#27;[39m&amp#27;[32m200&amp#27;[39m &amp#27;[90m1 ms - 22&amp#27;[39m
&amp#27;[35m[HTTP]&amp#27;[39m &amp#27;[90m&amp#27;[39m
&amp#27;[35m[HTTP]&amp#27;[39m &amp#27;[37m-->&amp#27;[39m &amp#27;[37mPOST&amp#27;[39m &amp#27;[37m/wd/hub/session/0b6daed6-fe8e-4a2e-bd78-3971ab90c129/element&amp#27;[39m
&amp#27;[35m[HTTP]&amp#27;[39m &amp#27;[90m{"using":"accessibility id","value":"test-LOGIN"}&amp#27;[39m
[debug] &amp#27;[35m[W3C (0b6daed6)]&amp#27;[39m Calling AppiumDriver.findElement() with args: ["accessibility id","test-LOGIN","0b6daed6-fe8e-4a2e-bd78-3971ab90c129"]
[debug] &amp#27;[35m[BaseDriver]&amp#27;[39m Valid locator strategies for this request: xpath, id, class name, accessibility id, css selector, -android uiautomator
[debug] &amp#27;[35m[BaseDriver]&amp#27;[39m Waiting up to 0 ms for condition
[debug] &amp#27;[35m[WD Proxy]&amp#27;[39m Matched '/element' to command name 'findElement'
[debug] &amp#27;[35m[WD Proxy]&amp#27;[39m Proxying [POST /element] to [POST http://127.0.0.1:10000/wd/hub/session/164a6e0b-846a-4b1b-b66d-d5859425eba2/element] with body: {"strategy":"accessibility id","selector":"test-LOGIN","context":"","multiple":false}
[debug] &amp#27;[35m[WD Proxy]&amp#27;[39m Got response with status 200: {"sessionId":"164a6e0b-846a-4b1b-b66d-d5859425eba2","value":{"ELEMENT":"2d6d0c24-9ac1-4dae-9120-331579556cf0","element-6066-11e4-a52e-4f735466cecf":"2d6d0c24-9ac1-4dae-9120-331579556cf0"}}
[debug] &amp#27;[35m[W3C (0b6daed6)]&amp#27;[39m Responding to client with driver.findElement() result: {"element-6066-11e4-a52e-4f735466cecf":"2d6d0c24-9ac1-4dae-9120-331579556cf0","ELEMENT":"2d6d0c24-9ac1-4dae-9120-331579556cf0"}
&amp#27;[35m[HTTP]&amp#27;[39m &amp#27;[37m<-- POST /wd/hub/session/0b6daed6-fe8e-4a2e-bd78-3971ab90c129/element &amp#27;[39m&amp#27;[32m200&amp#27;[39m &amp#27;[90m507 ms - 137&amp#27;[39m
&amp#27;[35m[HTTP]&amp#27;[39m &amp#27;[90m&amp#27;[39m
&amp#27;[35m[HTTP]&amp#27;[39m &amp#27;[37m-->&amp#27;[39m &amp#27;[37mGET&amp#27;[39m &amp#27;[37m/wd/hub/session/0b6daed6-fe8e-4a2e-bd78-3971ab90c129/element/2d6d0c24-9ac1-4dae-9120-331579556cf0/displayed&amp#27;[39m
&amp#27;[35m[HTTP]&amp#27;[39m &amp#27;[90m{}&amp#27;[39m
[debug] &amp#27;[35m[W3C (0b6daed6)]&amp#27;[39m Calling AppiumDriver.elementDisplayed() with args: ["2d6d0c24-9ac1-4dae-9120-331579556cf0","0b6daed6-fe8e-4a2e-bd78-3971ab90c129"]
[debug] &amp#27;[35m[WD Proxy]&amp#27;[39m Matched '/element/2d6d0c24-9ac1-4dae-9120-331579556cf0/attribute/displayed' to command name 'getAttribute'
[debug] &amp#27;[35m[WD Proxy]&amp#27;[39m Proxying [GET /element/2d6d0c24-9ac1-4dae-9120-331579556cf0/attribute/displayed] to [GET http://127.0.0.1:10000/wd/hub/session/164a6e0b-846a-4b1b-b66d-d5859425eba2/element/2d6d0c24-9ac1-4dae-9120-331579556cf0/attribute/displayed] with no body
[debug] &amp#27;[35m[WD Proxy]&amp#27;[39m Got response with status 200: {"sessionId":"164a6e0b-846a-4b1b-b66d-d5859425eba2","value":"true"}
[debug] &amp#27;[35m[W3C (0b6daed6)]&amp#27;[39m Responding to client with driver.elementDisplayed() result: true
&amp#27;[35m[HTTP]&amp#27;[39m &amp#27;[37m<-- GET /wd/hub/session/0b6daed6-fe8e-4a2e-bd78-3971ab90c129/element/2d6d0c24-9ac1-4dae-9120-331579556cf0/displayed &amp#27;[39m&amp#27;[32m200&amp#27;[39m &amp#27;[90m9 ms - 14&amp#27;[39m
&amp#27;[35m[HTTP]&amp#27;[39m &amp#27;[90m&amp#27;[39m
[INFO ] 2021-03-26 12:03:49.0146 com.qa.pages.BasePage:com.qa.pages.BasePage.click(BasePage.java:54) -press login button
&amp#27;[35m[HTTP]&amp#27;[39m &amp#27;[37m-->&amp#27;[39m &amp#27;[37mGET&amp#27;[39m &amp#27;[37m/wd/hub/session/0b6daed6-fe8e-4a2e-bd78-3971ab90c129/context&amp#27;[39m
&amp#27;[35m[HTTP]&amp#27;[39m &amp#27;[90m{}&amp#27;[39m
[debug] &amp#27;[35m[W3C (0b6daed6)]&amp#27;[39m Calling AppiumDriver.getCurrentContext() with args: ["0b6daed6-fe8e-4a2e-bd78-3971ab90c129"]
[debug] &amp#27;[35m[W3C (0b6daed6)]&amp#27;[39m Responding to client with driver.getCurrentContext() result: "NATIVE_APP"
&amp#27;[35m[HTTP]&amp#27;[39m &amp#27;[37m<-- GET /wd/hub/session/0b6daed6-fe8e-4a2e-bd78-3971ab90c129/context &amp#27;[39m&amp#27;[32m200&amp#27;[39m &amp#27;[90m1 ms - 22&amp#27;[39m
&amp#27;[35m[HTTP]&amp#27;[39m &amp#27;[90m&amp#27;[39m
&amp#27;[35m[HTTP]&amp#27;[39m &amp#27;[37m-->&amp#27;[39m &amp#27;[37mPOST&amp#27;[39m &amp#27;[37m/wd/hub/session/0b6daed6-fe8e-4a2e-bd78-3971ab90c129/element&amp#27;[39m
&amp#27;[35m[HTTP]&amp#27;[39m &amp#27;[90m{"using":"accessibility id","value":"test-LOGIN"}&amp#27;[39m
[debug] &amp#27;[35m[W3C (0b6daed6)]&amp#27;[39m Calling AppiumDriver.findElement() with args: ["accessibility id","test-LOGIN","0b6daed6-fe8e-4a2e-bd78-3971ab90c129"]
[debug] &amp#27;[35m[BaseDriver]&amp#27;[39m Valid locator strategies for this request: xpath, id, class name, accessibility id, css selector, -android uiautomator
[debug] &amp#27;[35m[BaseDriver]&amp#27;[39m Waiting up to 0 ms for condition
[debug] &amp#27;[35m[WD Proxy]&amp#27;[39m Matched '/element' to command name 'findElement'
[debug] &amp#27;[35m[WD Proxy]&amp#27;[39m Proxying [POST /element] to [POST http://127.0.0.1:10000/wd/hub/session/164a6e0b-846a-4b1b-b66d-d5859425eba2/element] with body: {"strategy":"accessibility id","selector":"test-LOGIN","context":"","multiple":false}
[debug] &amp#27;[35m[WD Proxy]&amp#27;[39m Got response with status 200: {"sessionId":"164a6e0b-846a-4b1b-b66d-d5859425eba2","value":{"ELEMENT":"57cd6c5d-9e9c-4764-9db4-7cf2ba9aed22","element-6066-11e4-a52e-4f735466cecf":"57cd6c5d-9e9c-4764-9db4-7cf2ba9aed22"}}
[debug] &amp#27;[35m[W3C (0b6daed6)]&amp#27;[39m Responding to client with driver.findElement() result: {"element-6066-11e4-a52e-4f735466cecf":"57cd6c5d-9e9c-4764-9db4-7cf2ba9aed22","ELEMENT":"57cd6c5d-9e9c-4764-9db4-7cf2ba9aed22"}
&amp#27;[35m[HTTP]&amp#27;[39m &amp#27;[37m<-- POST /wd/hub/session/0b6daed6-fe8e-4a2e-bd78-3971ab90c129/element &amp#27;[39m&amp#27;[32m200&amp#27;[39m &amp#27;[90m25 ms - 137&amp#27;[39m
&amp#27;[35m[HTTP]&amp#27;[39m &amp#27;[90m&amp#27;[39m
&amp#27;[35m[HTTP]&amp#27;[39m &amp#27;[37m-->&amp#27;[39m &amp#27;[37mPOST&amp#27;[39m &amp#27;[37m/wd/hub/session/0b6daed6-fe8e-4a2e-bd78-3971ab90c129/element/57cd6c5d-9e9c-4764-9db4-7cf2ba9aed22/click&amp#27;[39m
&amp#27;[35m[HTTP]&amp#27;[39m &amp#27;[90m{"id":"57cd6c5d-9e9c-4764-9db4-7cf2ba9aed22"}&amp#27;[39m
[debug] &amp#27;[35m[W3C (0b6daed6)]&amp#27;[39m Calling AppiumDriver.click() with args: ["57cd6c5d-9e9c-4764-9db4-7cf2ba9aed22","0b6daed6-fe8e-4a2e-bd78-3971ab90c129"]
[debug] &amp#27;[35m[WD Proxy]&amp#27;[39m Matched '/element/57cd6c5d-9e9c-4764-9db4-7cf2ba9aed22/click' to command name 'click'
[debug] &amp#27;[35m[WD Proxy]&amp#27;[39m Proxying [POST /element/57cd6c5d-9e9c-4764-9db4-7cf2ba9aed22/click] to [POST http://127.0.0.1:10000/wd/hub/session/164a6e0b-846a-4b1b-b66d-d5859425eba2/element/57cd6c5d-9e9c-4764-9db4-7cf2ba9aed22/click] with body: {"element":"57cd6c5d-9e9c-4764-9db4-7cf2ba9aed22"}
[debug] &amp#27;[35m[WD Proxy]&amp#27;[39m Got response with status 200: {"sessionId":"164a6e0b-846a-4b1b-b66d-d5859425eba2","value":null}
[debug] &amp#27;[35m[W3C (0b6daed6)]&amp#27;[39m Responding to client with driver.click() result: null
&amp#27;[35m[HTTP]&amp#27;[39m &amp#27;[37m<-- POST /wd/hub/session/0b6daed6-fe8e-4a2e-bd78-3971ab90c129/element/57cd6c5d-9e9c-4764-9db4-7cf2ba9aed22/click &amp#27;[39m&amp#27;[32m200&amp#27;[39m &amp#27;[90m42 ms - 14&amp#27;[39m
&amp#27;[35m[HTTP]&amp#27;[39m &amp#27;[90m&amp#27;[39m
  And I Login                                            # com.qa.stepdef.LoginStepDef.iLogin()
&amp#27;[35m[HTTP]&amp#27;[39m &amp#27;[37m-->&amp#27;[39m &amp#27;[37mGET&amp#27;[39m &amp#27;[37m/wd/hub/session/0b6daed6-fe8e-4a2e-bd78-3971ab90c129/context&amp#27;[39m
&amp#27;[35m[HTTP]&amp#27;[39m &amp#27;[90m{}&amp#27;[39m
[debug] &amp#27;[35m[W3C (0b6daed6)]&amp#27;[39m Calling AppiumDriver.getCurrentContext() with args: ["0b6daed6-fe8e-4a2e-bd78-3971ab90c129"]
[debug] &amp#27;[35m[W3C (0b6daed6)]&amp#27;[39m Responding to client with driver.getCurrentContext() result: "NATIVE_APP"
&amp#27;[35m[HTTP]&amp#27;[39m &amp#27;[37m<-- GET /wd/hub/session/0b6daed6-fe8e-4a2e-bd78-3971ab90c129/context &amp#27;[39m&amp#27;[32m200&amp#27;[39m &amp#27;[90m1 ms - 22&amp#27;[39m
&amp#27;[35m[HTTP]&amp#27;[39m &amp#27;[90m&amp#27;[39m
&amp#27;[35m[HTTP]&amp#27;[39m &amp#27;[37m-->&amp#27;[39m &amp#27;[37mPOST&amp#27;[39m &amp#27;[37m/wd/hub/session/0b6daed6-fe8e-4a2e-bd78-3971ab90c129/element&amp#27;[39m
&amp#27;[35m[HTTP]&amp#27;[39m &amp#27;[90m{"using":"xpath","value":"//android.view.ViewGroup[@content-desc=\"test-Cart drop zone\"]/android.view.ViewGroup/android.widget.TextView"}&amp#27;[39m
[debug] &amp#27;[35m[W3C (0b6daed6)]&amp#27;[39m Calling AppiumDriver.findElement() with args: ["xpath","//android.view.ViewGroup[@content-desc=\"test-Cart drop zone\"]/android.view.ViewGroup/android.widget.TextView","0b6daed6-fe8e-4a2e-bd78-3971ab90c129"]
[debug] &amp#27;[35m[BaseDriver]&amp#27;[39m Valid locator strategies for this request: xpath, id, class name, accessibility id, css selector, -android uiautomator
[debug] &amp#27;[35m[BaseDriver]&amp#27;[39m Waiting up to 0 ms for condition
[debug] &amp#27;[35m[WD Proxy]&amp#27;[39m Matched '/element' to command name 'findElement'
[debug] &amp#27;[35m[WD Proxy]&amp#27;[39m Proxying [POST /element] to [POST http://127.0.0.1:10000/wd/hub/session/164a6e0b-846a-4b1b-b66d-d5859425eba2/element] with body: {"strategy":"xpath","selector":"//android.view.ViewGroup[@content-desc=\"test-Cart drop zone\"]/android.view.ViewGroup/android.widget.TextView","context":"","multiple":false}
&amp#27;[35m[WD Proxy]&amp#27;[39m Got response with status 404: {"sessionId":"164a6e0b-846a-4b1b-b66d-d5859425eba2","value":{"error":"no such element","message":"An element could not be located on the page using the given search parameters","stacktrace":"io.appium.uiautomator2.common.exceptions.ElementNotFoundException: An element could not be located on the page using the given search parameters\n\tat io.appium.uiautomator2.handler.FindElement.findElement(FindElement.java:91)\n\tat io.appium.uiautomator2.handler.FindElement.safeHandle(FindElement.java:68)\n\tat io.appium.uiautomator2.handler.request.SafeRequestHandler.handle(SafeRequestHandler.java:41)\n\tat io.appium.uiautomator2.server.AppiumServlet.handleRequest(AppiumServlet.java:261)\n\tat io.appium.uiautomator2.server.AppiumServlet.handleHttpRequest(AppiumServlet.java:255)\n\tat io.appium.uiautomator2.http.ServerHandler.channelRead(ServerHandler.java:68)\n\tat io.netty.channel.AbstractChannelHandlerContext.invokeChannelRead(AbstractChannelHandlerContext.java:366)\n\tat io.netty.channel.AbstractChannelHandlerCont...
[debug] &amp#27;[35m[W3C]&amp#27;[39m Matched W3C error code 'no such element' to NoSuchElementError
[debug] &amp#27;[35m[W3C (0b6daed6)]&amp#27;[39m Encountered internal error running command: NoSuchElementError: An element could not be located on the page using the given search parameters.
[debug] &amp#27;[35m[W3C (0b6daed6)]&amp#27;[39m     at AndroidUiautomator2Driver.findElOrEls (/usr/local/lib/node_modules/appium/node_modules/appium-android-driver/lib/commands/find.js:75:11)
[debug] &amp#27;[35m[W3C (0b6daed6)]&amp#27;[39m     at runMicrotasks (<anonymous>)
[debug] &amp#27;[35m[W3C (0b6daed6)]&amp#27;[39m     at processTicksAndRejections (internal/process/task_queues.js:93:5)
[debug] &amp#27;[35m[W3C (0b6daed6)]&amp#27;[39m     at AndroidUiautomator2Driver.findElOrElsWithProcessing (/usr/local/lib/node_modules/appium/node_modules/appium-base-driver/lib/basedriver/commands/find.js:33:12)
[debug] &amp#27;[35m[W3C (0b6daed6)]&amp#27;[39m     at AndroidUiautomator2Driver.findElement (/usr/local/lib/node_modules/appium/node_modules/appium-base-driver/lib/basedriver/commands/find.js:53:10)
&amp#27;[35m[HTTP]&amp#27;[39m &amp#27;[37m<-- POST /wd/hub/session/0b6daed6-fe8e-4a2e-bd78-3971ab90c129/element &amp#27;[39m&amp#27;[33m404&amp#27;[39m &amp#27;[90m56 ms - 816&amp#27;[39m
&amp#27;[35m[HTTP]&amp#27;[39m &amp#27;[90m&amp#27;[39m
&amp#27;[35m[HTTP]&amp#27;[39m &amp#27;[37m-->&amp#27;[39m &amp#27;[37mPOST&amp#27;[39m &amp#27;[37m/wd/hub/session/0b6daed6-fe8e-4a2e-bd78-3971ab90c129/element&amp#27;[39m
&amp#27;[35m[HTTP]&amp#27;[39m &amp#27;[90m{"using":"xpath","value":"//android.view.ViewGroup[@content-desc=\"test-Cart drop zone\"]/android.view.ViewGroup/android.widget.TextView"}&amp#27;[39m
[debug] &amp#27;[35m[W3C (0b6daed6)]&amp#27;[39m Calling AppiumDriver.findElement() with args: ["xpath","//android.view.ViewGroup[@content-desc=\"test-Cart drop zone\"]/android.view.ViewGroup/android.widget.TextView","0b6daed6-fe8e-4a2e-bd78-3971ab90c129"]
[debug] &amp#27;[35m[BaseDriver]&amp#27;[39m Valid locator strategies for this request: xpath, id, class name, accessibility id, css selector, -android uiautomator
[debug] &amp#27;[35m[BaseDriver]&amp#27;[39m Waiting up to 0 ms for condition
[debug] &amp#27;[35m[WD Proxy]&amp#27;[39m Matched '/element' to command name 'findElement'
[debug] &amp#27;[35m[WD Proxy]&amp#27;[39m Proxying [POST /element] to [POST http://127.0.0.1:10000/wd/hub/session/164a6e0b-846a-4b1b-b66d-d5859425eba2/element] with body: {"strategy":"xpath","selector":"//android.view.ViewGroup[@content-desc=\"test-Cart drop zone\"]/android.view.ViewGroup/android.widget.TextView","context":"","multiple":false}
[debug] &amp#27;[35m[WD Proxy]&amp#27;[39m Got response with status 200: {"sessionId":"164a6e0b-846a-4b1b-b66d-d5859425eba2","value":{"ELEMENT":"336c6936-042c-4485-ae7e-b6b77bec5ea1","element-6066-11e4-a52e-4f735466cecf":"336c6936-042c-4485-ae7e-b6b77bec5ea1"}}
[debug] &amp#27;[35m[W3C (0b6daed6)]&amp#27;[39m Responding to client with driver.findElement() result: {"element-6066-11e4-a52e-4f735466cecf":"336c6936-042c-4485-ae7e-b6b77bec5ea1","ELEMENT":"336c6936-042c-4485-ae7e-b6b77bec5ea1"}
&amp#27;[35m[HTTP]&amp#27;[39m &amp#27;[37m<-- POST /wd/hub/session/0b6daed6-fe8e-4a2e-bd78-3971ab90c129/element &amp#27;[39m&amp#27;[32m200&amp#27;[39m &amp#27;[90m934 ms - 137&amp#27;[39m
&amp#27;[35m[HTTP]&amp#27;[39m &amp#27;[90m&amp#27;[39m
&amp#27;[35m[HTTP]&amp#27;[39m &amp#27;[37m-->&amp#27;[39m &amp#27;[37mGET&amp#27;[39m &amp#27;[37m/wd/hub/session/0b6daed6-fe8e-4a2e-bd78-3971ab90c129/element/336c6936-042c-4485-ae7e-b6b77bec5ea1/displayed&amp#27;[39m
&amp#27;[35m[HTTP]&amp#27;[39m &amp#27;[90m{}&amp#27;[39m
[debug] &amp#27;[35m[W3C (0b6daed6)]&amp#27;[39m Calling AppiumDriver.elementDisplayed() with args: ["336c6936-042c-4485-ae7e-b6b77bec5ea1","0b6daed6-fe8e-4a2e-bd78-3971ab90c129"]
[debug] &amp#27;[35m[WD Proxy]&amp#27;[39m Matched '/element/336c6936-042c-4485-ae7e-b6b77bec5ea1/attribute/displayed' to command name 'getAttribute'
[debug] &amp#27;[35m[WD Proxy]&amp#27;[39m Proxying [GET /element/336c6936-042c-4485-ae7e-b6b77bec5ea1/attribute/displayed] to [GET http://127.0.0.1:10000/wd/hub/session/164a6e0b-846a-4b1b-b66d-d5859425eba2/element/336c6936-042c-4485-ae7e-b6b77bec5ea1/attribute/displayed] with no body
[debug] &amp#27;[35m[WD Proxy]&amp#27;[39m Got response with status 200: {"sessionId":"164a6e0b-846a-4b1b-b66d-d5859425eba2","value":"true"}
[debug] &amp#27;[35m[W3C (0b6daed6)]&amp#27;[39m Responding to client with driver.elementDisplayed() result: true
&amp#27;[35m[HTTP]&amp#27;[39m &amp#27;[37m<-- GET /wd/hub/session/0b6daed6-fe8e-4a2e-bd78-3971ab90c129/element/336c6936-042c-4485-ae7e-b6b77bec5ea1/displayed &amp#27;[39m&amp#27;[32m200&amp#27;[39m &amp#27;[90m12 ms - 14&amp#27;[39m
&amp#27;[35m[HTTP]&amp#27;[39m &amp#27;[90m&amp#27;[39m
&amp#27;[35m[HTTP]&amp#27;[39m &amp#27;[37m-->&amp#27;[39m &amp#27;[37mGET&amp#27;[39m &amp#27;[37m/wd/hub/session/0b6daed6-fe8e-4a2e-bd78-3971ab90c129/context&amp#27;[39m
&amp#27;[35m[HTTP]&amp#27;[39m &amp#27;[90m{}&amp#27;[39m
[debug] &amp#27;[35m[W3C (0b6daed6)]&amp#27;[39m Calling AppiumDriver.getCurrentContext() with args: ["0b6daed6-fe8e-4a2e-bd78-3971ab90c129"]
[debug] &amp#27;[35m[W3C (0b6daed6)]&amp#27;[39m Responding to client with driver.getCurrentContext() result: "NATIVE_APP"
&amp#27;[35m[HTTP]&amp#27;[39m &amp#27;[37m<-- GET /wd/hub/session/0b6daed6-fe8e-4a2e-bd78-3971ab90c129/context &amp#27;[39m&amp#27;[32m200&amp#27;[39m &amp#27;[90m2 ms - 22&amp#27;[39m
&amp#27;[35m[HTTP]&amp#27;[39m &amp#27;[90m&amp#27;[39m
&amp#27;[35m[HTTP]&amp#27;[39m &amp#27;[37m-->&amp#27;[39m &amp#27;[37mPOST&amp#27;[39m &amp#27;[37m/wd/hub/session/0b6daed6-fe8e-4a2e-bd78-3971ab90c129/element&amp#27;[39m
&amp#27;[35m[HTTP]&amp#27;[39m &amp#27;[90m{"using":"xpath","value":"//android.view.ViewGroup[@content-desc=\"test-Cart drop zone\"]/android.view.ViewGroup/android.widget.TextView"}&amp#27;[39m
[debug] &amp#27;[35m[W3C (0b6daed6)]&amp#27;[39m Calling AppiumDriver.findElement() with args: ["xpath","//android.view.ViewGroup[@content-desc=\"test-Cart drop zone\"]/android.view.ViewGroup/android.widget.TextView","0b6daed6-fe8e-4a2e-bd78-3971ab90c129"]
[debug] &amp#27;[35m[BaseDriver]&amp#27;[39m Valid locator strategies for this request: xpath, id, class name, accessibility id, css selector, -android uiautomator
[debug] &amp#27;[35m[BaseDriver]&amp#27;[39m Waiting up to 0 ms for condition
[debug] &amp#27;[35m[WD Proxy]&amp#27;[39m Matched '/element' to command name 'findElement'
[debug] &amp#27;[35m[WD Proxy]&amp#27;[39m Proxying [POST /element] to [POST http://127.0.0.1:10000/wd/hub/session/164a6e0b-846a-4b1b-b66d-d5859425eba2/element] with body: {"strategy":"xpath","selector":"//android.view.ViewGroup[@content-desc=\"test-Cart drop zone\"]/android.view.ViewGroup/android.widget.TextView","context":"","multiple":false}
[debug] &amp#27;[35m[WD Proxy]&amp#27;[39m Got response with status 200: {"sessionId":"164a6e0b-846a-4b1b-b66d-d5859425eba2","value":{"ELEMENT":"4d0af7a6-fa6a-4e1b-a386-c7bc20600599","element-6066-11e4-a52e-4f735466cecf":"4d0af7a6-fa6a-4e1b-a386-c7bc20600599"}}
[debug] &amp#27;[35m[W3C (0b6daed6)]&amp#27;[39m Responding to client with driver.findElement() result: {"element-6066-11e4-a52e-4f735466cecf":"4d0af7a6-fa6a-4e1b-a386-c7bc20600599","ELEMENT":"4d0af7a6-fa6a-4e1b-a386-c7bc20600599"}
&amp#27;[35m[HTTP]&amp#27;[39m &amp#27;[37m<-- POST /wd/hub/session/0b6daed6-fe8e-4a2e-bd78-3971ab90c129/element &amp#27;[39m&amp#27;[32m200&amp#27;[39m &amp#27;[90m70 ms - 137&amp#27;[39m
&amp#27;[35m[HTTP]&amp#27;[39m &amp#27;[90m&amp#27;[39m
&amp#27;[35m[HTTP]&amp#27;[39m &amp#27;[37m-->&amp#27;[39m &amp#27;[37mGET&amp#27;[39m &amp#27;[37m/wd/hub/session/0b6daed6-fe8e-4a2e-bd78-3971ab90c129/element/4d0af7a6-fa6a-4e1b-a386-c7bc20600599/attribute/text&amp#27;[39m
&amp#27;[35m[HTTP]&amp#27;[39m &amp#27;[90m{}&amp#27;[39m
[debug] &amp#27;[35m[W3C (0b6daed6)]&amp#27;[39m Calling AppiumDriver.getAttribute() with args: ["text","4d0af7a6-fa6a-4e1b-a386-c7bc20600599","0b6daed6-fe8e-4a2e-bd78-3971ab90c129"]
[debug] &amp#27;[35m[WD Proxy]&amp#27;[39m Matched '/element/4d0af7a6-fa6a-4e1b-a386-c7bc20600599/attribute/text' to command name 'getAttribute'
[debug] &amp#27;[35m[WD Proxy]&amp#27;[39m Proxying [GET /element/4d0af7a6-fa6a-4e1b-a386-c7bc20600599/attribute/text] to [GET http://127.0.0.1:10000/wd/hub/session/164a6e0b-846a-4b1b-b66d-d5859425eba2/element/4d0af7a6-fa6a-4e1b-a386-c7bc20600599/attribute/text] with no body
[debug] &amp#27;[35m[WD Proxy]&amp#27;[39m Got response with status 200: {"sessionId":"164a6e0b-846a-4b1b-b66d-d5859425eba2","value":"PRODUCTS"}
[debug] &amp#27;[35m[W3C (0b6daed6)]&amp#27;[39m Responding to client with driver.getAttribute() result: "PRODUCTS"
[INFO ] 2021-03-26 12:03:50.0839 com.qa.pages.BasePage:com.qa.pages.BasePage.getText(BasePage.java:97) -product page title is - PRODUCTS
&amp#27;[35m[HTTP]&amp#27;[39m &amp#27;[37m<-- GET /wd/hub/session/0b6daed6-fe8e-4a2e-bd78-3971ab90c129/element/4d0af  Then I should see Products page with title "PRODUCTS"  # com.qa.stepdef.LoginStepDef.iShouldSeeProductsPageWithTitle(java.lang.String)
7a6-fa6a-4e1b-a386-c7bc20600599/attribute/text &amp#27;[39m&amp#27;[32m200&amp#27;[39m &amp#27;[90m10 ms - 20&amp#27;[39m
&amp#27;[35m[HTTP]&amp#27;[39m &amp#27;[90m&amp#27;[39m
&amp#27;[35m[HTTP]&amp#27;[39m &amp#27;[37m-->&amp#27;[39m &amp#27;[37mPOST&amp#27;[39m &amp#27;[37m/wd/hub/session/0b6daed6-fe8e-4a2e-bd78-3971ab90c129/appium/stop_recording_screen&amp#27;[39m
&amp#27;[35m[HTTP]&amp#27;[39m &amp#27;[90m{}&amp#27;[39m
[debug] &amp#27;[35m[W3C (0b6daed6)]&amp#27;[39m Calling AppiumDriver.stopRecordingScreen() with args: [null,"0b6daed6-fe8e-4a2e-bd78-3971ab90c129"]
[debug] &amp#27;[35m[ADB]&amp#27;[39m Getting IDs of all 'screenrecord' processes
[debug] &amp#27;[35m[ADB]&amp#27;[39m Running '/Users/vishnu.vardhan/Library/Android/sdk/platform-tools/adb -P 5037 -s emulator-5554 shell pgrep -f \(\[\[:blank:\]\]\|\^\)screenrecord\(\[\[:blank:\]\]\|\$\)'
[debug] &amp#27;[35m[ADB]&amp#27;[39m Running '/Users/vishnu.vardhan/Library/Android/sdk/platform-tools/adb -P 5037 -s emulator-5554 shell kill -2 6406'
[debug] &amp#27;[35m[ADB]&amp#27;[39m Getting IDs of all 'screenrecord' processes
[debug] &amp#27;[35m[ADB]&amp#27;[39m Running '/Users/vishnu.vardhan/Library/Android/sdk/platform-tools/adb -P 5037 -s emulator-5554 shell pgrep -f \(\[\[:blank:\]\]\|\^\)screenrecord\(\[\[:blank:\]\]\|\$\)'
[debug] &amp#27;[35m[ADB]&amp#27;[39m Getting IDs of all 'screenrecord' processes
[debug] &amp#27;[35m[ADB]&amp#27;[39m Running '/Users/vishnu.vardhan/Library/Android/sdk/platform-tools/adb -P 5037 -s emulator-5554 shell pgrep -f \(\[\[:blank:\]\]\|\^\)screenrecord\(\[\[:blank:\]\]\|\$\)'
[debug] &amp#27;[35m[ADB]&amp#27;[39m Running '/Users/vishnu.vardhan/Library/Android/sdk/platform-tools/adb -P 5037 -s emulator-5554 pull /sdcard/39e126c9.mp4 /var/folders/t_/qm5w4ckx14z559xvzn1kfl619_yhqh/T/2021226-92165-pwb7su.bk15q/39e126c9.mp4'
[debug] &amp#27;[35m[ADB]&amp#27;[39m Running '/Users/vishnu.vardhan/Library/Android/sdk/platform-tools/adb -P 5037 -s emulator-5554 shell rm -rf /sdcard/39e126c9.mp4'
[debug] &amp#27;[35m[AndroidDriver]&amp#27;[39m The size of the resulting screen recording is 899.82 KB
[debug] &amp#27;[35m[W3C (0b6daed6)]&amp#27;[39m Responding to client with driver.stopRecordingScreen() result: "AAAAGGZ0eXBtcDQyAAAAAGlzb21tcDQyAAAD+G1vb3YAAABsbXZoZAAAAADcgzDN3IMwzQAAA+gAABBqAAEAAAEAAAAAAAAAAAAAAAABAAAAAAAAAAAAAAAAAAAAAQAAAAAAAAAAAAAAAAAAQAAAAAAAAAAAAAAAAAAAAAAAAAAAAAAAAAAAAAAAAAIAAAB2bWV0YQAAACFoZGxyAAAAAAAAAABtZHRhAAAAAAAAAAAAAAAAAAAAACtrZXlzAAAAAAAAAAEAAAAbbWR0YWNvbS5hbmRyb2lkLnZlcnNpb24AAAAiaWxzdAAAABoAAAABAAAAEmRhdGEAAAABAAAAADEwAAADDnRyYWsAAABcdGtoZAAAAAfcgzDN3IMwzQAAAAEAAAAAAAAQagAAAAAAAAAAAAAAAAAAAAAAAQAAAAAAAAAAAAAAAAAAAAEAAAAAAAAAAAAAAAAAAEAAAAAEOAAACHAAAAAAAqptZGlhAAAAIG1kaGQAAAAA3IMwzdyDMM0AAV+QAAXFXAAAAAAAAAAsaGRscgAAAAAAAAAAdmlkZQAAAAAAAAAAAAAAAFZpZGVvSGFuZGxlAAAAAlZtaW5mAAAAFHZtaGQAAAABAAAAAAAAAAAAAAAkZGluZgAAABxkcmVmAAAAAAAAAAEAAAAMdXJsIAAAAAEAAAIWc3RibAAAALJzdHNkAAAAAAAAAAEAAACiYXZjMQAAAAAAAAABAAAAAAAAAAAAAAAAAAAAAAQ4CHAASAAAAEgAAAAAAAAAAQAgICAgICAgICAgICAgICAgICAgICAgICAgICAgICAgABj//wAAAClhdmNDAULAMv/hABBnQsAyjWgEQBD+XgHhEI1AAQAGaM4BqDXIAAAAEHBhc3AAAQAAAAEAAAAAABNjb2xybmNseAABAAEAAQAAAACwc3R0cwAAAAAAAAAUAAAAAQAAgT8AAAABAAAR2gAAAAEAAODiAAAAAQAAvEcAAAABAAAOegAAAAEAALCEAAAAAQAADJUA...
&amp#27;[35m[HTTP]&amp#27;[39m &amp#27;[37m<-- POST /wd/hub/session/0b6daed6-fe8e-4a2e-bd78-3971ab90c129/appium/stop_recording_screen &amp#27;[39m&amp#27;[32m200&amp#27;[39m &amp#27;[90m714 ms - 1228568&amp#27;[39m
&amp#27;[35m[HTTP]&amp#27;[39m &amp#27;[90m&amp#27;[39m
[INFO ] 2021-03-26 12:03:51.0624 com.qa.utils.VideoManager:com.qa.utils.VideoManager.stopRecording(VideoManager.java:35) -video path: Android_pixel2/Videos/Login with valid username and password.mp4
]]></system-out>
  </testcase>
</testsuite>