<?xml version="1.0" encoding="UTF-8"?>
<!-- Generated by org.testng.reporters.JUnitReportReporter -->
<testsuite skipped="0" hostname="ET-C02T91MYG8WN.local" name="com.qa.runners.MyTestNGRunnersTest" tests="3" failures="0" timestamp="2021-03-26T12:03:53 IST" time="20.158" errors="0">
  <testcase name="runScenario" time="9.122" classname="com.qa.runners.MyTestNGRunnersTest"/>
  <system-out/>
  <testcase name="runScenario" time="5.143" classname="com.qa.runners.MyTestNGRunnersTest"/>
  <system-out/>
  <testcase name="runScenario" time="5.893" classname="com.qa.runners.MyTestNGRunnersTest"/>
  <system-out/>
</testsuite> <!-- com.qa.runners.MyTestNGRunnersTest -->
